BEGIN;
BEGIN
EXPLAIN (ANALYZE, BUFFERS)
select
	c_custkey,
	c_name,
	sum(l_extendedprice * (1 - l_discount)) as revenue,
	c_acctbal,
	n_name,
	c_address,
	c_phone,
	c_comment
from
	customer,
	orders,
	lineitem,
	nation
where
	c_custkey = o_custkey
	and l_orderkey = o_orderkey
	and o_orderdate >= date '1994-02-01'
	and o_orderdate < cast(date '1994-02-01' + interval '3 month' as date)
	and l_returnflag = 'R'
	and c_nationkey = n_nationkey
group by
	c_custkey,
	c_name,
	c_acctbal,
	c_phone,
	n_name,
	c_address,
	c_comment
order by
	revenue desc
LIMIT 20;
                                                                                                QUERY PLAN                                                                                                 
-----------------------------------------------------------------------------------------------------------------------------------------------------------------------------------------------------------
 Limit  (cost=6873572.42..6873572.47 rows=20 width=175) (actual time=101617.421..101617.428 rows=20 loops=1)
   Buffers: shared hit=180432 read=3886183
   ->  Sort  (cost=6873572.42..6877674.72 rows=1640920 width=175) (actual time=101617.416..101617.420 rows=20 loops=1)
         Sort Key: (sum((lineitem.l_extendedprice * (1::double precision - lineitem.l_discount))))
         Sort Method: top-N heapsort  Memory: 30kB
         Buffers: shared hit=180432 read=3886183
         ->  HashAggregate  (cost=6813498.93..6829908.13 rows=1640920 width=175) (actual time=100334.238..101200.104 rows=1121860 loops=1)
               Group Key: customer.c_custkey, customer.c_name, customer.c_acctbal, customer.c_phone, nation.n_name, customer.c_address, customer.c_comment
               Buffers: shared hit=180429 read=3886183
               ->  Hash Join  (cost=1030733.02..6772475.93 rows=1640920 width=175) (actual time=23294.011..94365.063 rows=3332923 loops=1)
                     Hash Cond: (customer.c_nationkey = nation.n_nationkey)
                     Buffers: shared hit=180429 read=3886183
                     ->  Hash Join  (cost=1030731.46..6749911.72 rows=1640920 width=153) (actual time=23293.978..93148.375 rows=3332923 loops=1)
                           Hash Cond: (orders.o_custkey = customer.c_custkey)
                           Buffers: shared hit=180428 read=3886183
                           ->  Hash Join  (cost=823645.46..6514109.62 rows=1640920 width=12) (actual time=18485.259..85476.682 rows=3332923 loops=1)
                                 Hash Cond: (lineitem.l_orderkey = orders.o_orderkey)
                                 Buffers: shared hit=180426 read=3780349
                                 ->  Seq Scan on lineitem  (cost=0.00..5452366.41 rows=44337709 width=12) (actual time=0.011..54002.935 rows=44463031 loops=1)
                                       Filter: (l_returnflag = 'R'::bpchar)
                                       Rows Removed by Filter: 135715556
                                       Buffers: shared hit=180416 read=3019720
                                 ->  Hash  (cost=802806.90..802806.90 rows=1667085 width=8) (actual time=18473.663..18473.663 rows=1665410 loops=1)
                                       Buckets: 2097152  Batches: 1  Memory Usage: 81440kB
                                       Buffers: shared hit=10 read=760629
                                       ->  Bitmap Heap Scan on orders  (cost=17195.62..802806.90 rows=1667085 width=8) (actual time=85.152..17654.780 rows=1665410 loops=1)
                                             Recheck Cond: ((o_orderdate >= '1994-02-01'::date) AND (o_orderdate < '1994-05-01'::date))
                                             Rows Removed by Index Recheck: 43379590
                                             Heap Blocks: lossy=760605
                                             Buffers: shared hit=10 read=760629
                                             ->  Bitmap Index Scan on orders_o_orderkey_o_orderdate_brin_idx  (cost=0.00..16778.85 rows=1667085 width=0) (actual time=84.618..84.618 rows=7607040 loops=1)
                                                   Index Cond: ((o_orderdate >= '1994-02-01'::date) AND (o_orderdate < '1994-05-01'::date))
                                                   Buffers: shared hit=8 read=26
                           ->  Hash  (cost=150836.00..150836.00 rows=4500000 width=145) (actual time=4773.789..4773.789 rows=4500000 loops=1)
                                 Buckets: 8388608  Batches: 1  Memory Usage: 860930kB
                                 Buffers: shared hit=2 read=105834
                                 ->  Seq Scan on customer  (cost=0.00..150836.00 rows=4500000 width=145) (actual time=0.005..2043.365 rows=4500000 loops=1)
                                       Buffers: shared hit=2 read=105834
                     ->  Hash  (cost=1.25..1.25 rows=25 width=30) (actual time=0.022..0.022 rows=25 loops=1)
                           Buckets: 1024  Batches: 1  Memory Usage: 10kB
                           Buffers: shared hit=1
                           ->  Seq Scan on nation  (cost=0.00..1.25 rows=25 width=30) (actual time=0.007..0.011 rows=25 loops=1)
                                 Buffers: shared hit=1
 Planning time: 4.400 ms
 Execution time: 101637.530 ms
(45 rows)

COMMIT;
COMMIT
