BEGIN;
BEGIN
EXPLAIN (ANALYZE, BUFFERS)
select
	l_shipmode,
	sum(case
		when o_orderpriority = '1-URGENT'
			or o_orderpriority = '2-HIGH'
			then 1
		else 0
	end) as high_line_count,
	sum(case
		when o_orderpriority <> '1-URGENT'
			and o_orderpriority <> '2-HIGH'
			then 1
		else 0
	end) as low_line_count
from
	orders,
	lineitem
where
	o_orderkey = l_orderkey
	and l_shipmode in ('RAIL', 'AIR')
	and l_commitdate < l_receiptdate
	and l_shipdate < l_commitdate
	and l_receiptdate >= date '1994-01-01'
	and l_receiptdate < date '1994-01-01' + interval '1 year'
group by
	l_shipmode
order by
	l_shipmode;
                                                                                                                              QUERY PLAN                                                                                                                               
-----------------------------------------------------------------------------------------------------------------------------------------------------------------------------------------------------------------------------------------------------------------------
 Sort  (cost=9412557.26..9412557.27 rows=1 width=27) (actual time=94494.871..94494.872 rows=2 loops=1)
   Sort Key: lineitem.l_shipmode
   Sort Method: quicksort  Memory: 25kB
   Buffers: shared hit=1115530 read=3035673
   ->  HashAggregate  (cost=9412557.24..9412557.25 rows=1 width=27) (actual time=94494.830..94494.830 rows=2 loops=1)
         Group Key: lineitem.l_shipmode
         Buffers: shared hit=1115525 read=3035673
         ->  Merge Join  (cost=7340662.38..9397219.42 rows=876447 width=27) (actual time=72318.143..93595.072 rows=936681 loops=1)
               Merge Cond: (orders.o_orderkey = lineitem.l_orderkey)
               Buffers: shared hit=1115525 read=3035673
               ->  Index Scan using pk_orders on orders  (cost=0.56..1930814.97 rows=45044694 width=20) (actual time=0.008..16048.337 rows=45044978 loops=1)
                     Buffers: shared hit=67261 read=883797
               ->  Sort  (cost=7340661.79..7342852.91 rows=876447 width=15) (actual time=72318.104..72509.727 rows=936681 loops=1)
                     Sort Key: lineitem.l_orderkey
                     Sort Method: quicksort  Memory: 68483kB
                     Buffers: shared hit=1048264 read=2151876
                     ->  Seq Scan on lineitem  (cost=0.00..7254150.74 rows=876447 width=15) (actual time=0.046..71718.427 rows=936681 loops=1)
                           Filter: ((l_shipmode = ANY ('{RAIL,AIR}'::bpchar[])) AND (l_commitdate < l_receiptdate) AND (l_shipdate < l_commitdate) AND (l_receiptdate >= '1994-01-01'::date) AND (l_receiptdate < '1995-01-01 00:00:00'::timestamp without time zone))
                           Rows Removed by Filter: 179241906
                           Buffers: shared hit=1048260 read=2151876
 Planning time: 2.933 ms
 Execution time: 94497.563 ms
(22 rows)

COMMIT;
COMMIT
