BEGIN;
BEGIN
EXPLAIN (ANALYZE, BUFFERS)
select
	l_orderkey,
	sum(l_extendedprice * (1 - l_discount)) as revenue,
	o_orderdate,
	o_shippriority
from
	customer,
	orders,
	lineitem
where
	c_mktsegment = 'FURNITURE'
	and c_custkey = o_custkey
	and l_orderkey = o_orderkey
	and o_orderdate < date '1995-03-29'
	and l_shipdate > date '1995-03-29'
group by
	l_orderkey,
	o_orderdate,
	o_shippriority
order by
	revenue desc,
	o_orderdate
LIMIT 10;
                                                                                               QUERY PLAN                                                                                               
--------------------------------------------------------------------------------------------------------------------------------------------------------------------------------------------------------
 Limit  (cost=7945836.68..7945836.71 rows=10 width=20) (actual time=113988.460..113988.464 rows=10 loops=1)
   Buffers: shared hit=795368 read=3274826
   ->  Sort  (cost=7945836.68..7969536.85 rows=9480065 width=20) (actual time=113988.457..113988.459 rows=10 loops=1)
         Sort Key: (sum((lineitem.l_extendedprice * (1::double precision - lineitem.l_discount)))), orders.o_orderdate
         Sort Method: top-N heapsort  Memory: 25kB
         Buffers: shared hit=795368 read=3274826
         ->  HashAggregate  (cost=7646175.24..7740975.89 rows=9480065 width=20) (actual time=113791.828..113925.292 rows=340338 loops=1)
               Group Key: lineitem.l_orderkey, orders.o_orderdate, orders.o_shippriority
               Buffers: shared hit=795362 read=3274826
               ->  Hash Join  (cost=2286919.37..7503974.26 rows=9480065 width=20) (actual time=26884.170..112941.716 rows=899897 loops=1)
                     Hash Cond: (lineitem.l_orderkey = orders.o_orderkey)
                     Buffers: shared hit=795362 read=3274826
                     ->  Bitmap Heap Scan on lineitem  (cost=745244.82..5146704.72 rows=96105912 width=12) (actual time=379.656..69851.467 rows=96087000 loops=1)
                           Recheck Cond: (l_shipdate > '1995-03-29'::date)
                           Rows Removed by Index Recheck: 84091587
                           Heap Blocks: lossy=3200136
                           Buffers: shared hit=37 read=3200240
                           ->  Bitmap Index Scan on lineitem_l_shipdate_l_suppkey_brin_idx  (cost=0.00..721218.34 rows=96105912 width=0) (actual time=377.150..377.150 rows=32002560 loops=1)
                                 Index Cond: (l_shipdate > '1995-03-29'::date)
                                 Buffers: shared hit=36 read=105
                     ->  Hash  (cost=1486133.40..1486133.40 rows=4443292 width=12) (actual time=26480.279..26480.279 rows=4426996 loops=1)
                           Buckets: 8388608  Batches: 1  Memory Usage: 255759kB
                           Buffers: shared hit=795325 read=74586
                           ->  Hash Join  (cost=321098.04..1486133.40 rows=4443292 width=12) (actual time=1287.207..25012.007 rows=4426996 loops=1)
                                 Hash Cond: (orders.o_custkey = customer.c_custkey)
                                 Buffers: shared hit=795325 read=74586
                                 ->  Bitmap Heap Scan on orders  (cost=171799.09..1209325.21 rows=22153689 width=16) (actual time=84.863..15658.169 rows=22147562 loops=1)
                                       Recheck Cond: (o_orderdate < '1995-03-29'::date)
                                       Rows Removed by Index Recheck: 22897438
                                       Heap Blocks: lossy=760605
                                       Buffers: shared hit=689497 read=71142
                                       ->  Bitmap Index Scan on orders_o_orderkey_o_orderdate_brin_idx  (cost=0.00..166260.67 rows=22153689 width=0) (actual time=84.345..84.345 rows=7607040 loops=1)
                                             Index Cond: (o_orderdate < '1995-03-29'::date)
                                             Buffers: shared hit=8 read=26
                                 ->  Hash  (cost=138017.07..138017.07 rows=902550 width=4) (actual time=1198.877..1198.877 rows=898061 loops=1)
                                       Buckets: 1048576  Batches: 1  Memory Usage: 39765kB
                                       Buffers: shared hit=105828 read=3444
                                       ->  Bitmap Heap Scan on customer  (cost=20899.19..138017.07 rows=902550 width=4) (actual time=224.361..974.142 rows=898061 loops=1)
                                             Recheck Cond: (c_mktsegment = 'FURNITURE'::bpchar)
                                             Heap Blocks: exact=105828
                                             Buffers: shared hit=105828 read=3444
                                             ->  Bitmap Index Scan on customer_c_mktsegment_c_custkey_idx  (cost=0.00..20673.56 rows=902550 width=0) (actual time=196.735..196.735 rows=898061 loops=1)
                                                   Index Cond: (c_mktsegment = 'FURNITURE'::bpchar)
                                                   Buffers: shared read=3444
 Planning time: 6.824 ms
 Execution time: 114035.785 ms
(46 rows)

COMMIT;
COMMIT
