BEGIN;
BEGIN
EXPLAIN (ANALYZE, BUFFERS)
select
	c_custkey,
	c_name,
	sum(l_extendedprice * (1 - l_discount)) as revenue,
	c_acctbal,
	n_name,
	c_address,
	c_phone,
	c_comment
from
	customer,
	orders,
	lineitem,
	nation
where
	c_custkey = o_custkey
	and l_orderkey = o_orderkey
	and o_orderdate >= date '1994-07-01'
	and o_orderdate < cast(date '1994-07-01' + interval '3 month' as date)
	and l_returnflag = 'R'
	and c_nationkey = n_nationkey
group by
	c_custkey,
	c_name,
	c_acctbal,
	c_phone,
	n_name,
	c_address,
	c_comment
order by
	revenue desc
LIMIT 20;
                                                                                                QUERY PLAN                                                                                                 
-----------------------------------------------------------------------------------------------------------------------------------------------------------------------------------------------------------
 Limit  (cost=6908542.72..6908542.77 rows=20 width=175) (actual time=100049.844..100049.850 rows=20 loops=1)
   Buffers: shared hit=571063 read=3511371 written=67
   ->  Sort  (cost=6908542.72..6912809.16 rows=1706576 width=175) (actual time=100049.841..100049.844 rows=20 loops=1)
         Sort Key: (sum((lineitem.l_extendedprice * (1::double precision - lineitem.l_discount))))
         Sort Method: top-N heapsort  Memory: 30kB
         Buffers: shared hit=571063 read=3511371 written=67
         ->  HashAggregate  (cost=6846065.58..6863131.34 rows=1706576 width=175) (actual time=98941.966..99629.889 rows=1150052 loops=1)
               Group Key: customer.c_custkey, customer.c_name, customer.c_acctbal, customer.c_phone, nation.n_name, customer.c_address, customer.c_comment
               Buffers: shared hit=571060 read=3511371 written=67
               ->  Hash Join  (cost=1036290.17..6803401.18 rows=1706576 width=175) (actual time=23354.029..92805.618 rows=3443616 loops=1)
                     Hash Cond: (customer.c_nationkey = nation.n_nationkey)
                     Buffers: shared hit=571060 read=3511371 written=67
                     ->  Hash Join  (cost=1036288.61..6779934.20 rows=1706576 width=153) (actual time=23353.996..91547.510 rows=3443616 loops=1)
                           Hash Cond: (orders.o_custkey = customer.c_custkey)
                           Buffers: shared hit=571059 read=3511371 written=67
                           ->  Hash Join  (cost=829202.61..6542983.12 rows=1706576 width=12) (actual time=18708.967..84398.955 rows=3443616 loops=1)
                                 Hash Cond: (lineitem.l_orderkey = orders.o_orderkey)
                                 Buffers: shared hit=571057 read=3405537 written=67
                                 ->  Seq Scan on lineitem  (cost=0.00..5474140.88 rows=44514776 width=12) (actual time=0.024..54564.145 rows=44462491 loops=1)
                                       Filter: (l_returnflag = 'R'::bpchar)
                                       Rows Removed by Filter: 135715812
                                       Buffers: shared hit=352346 read=2860570
                                 ->  Hash  (cost=807530.22..807530.22 rows=1733791 width=8) (actual time=18699.998..18699.998 rows=1721091 loops=1)
                                       Buckets: 2097152  Batches: 1  Memory Usage: 83615kB
                                       Buffers: shared hit=218711 read=544967 written=67
                                       ->  Bitmap Heap Scan on orders  (cost=17879.35..807530.22 rows=1733791 width=8) (actual time=95.465..18029.631 rows=1721091 loops=1)
                                             Recheck Cond: ((o_orderdate >= '1994-07-01'::date) AND (o_orderdate < '1994-10-01'::date))
                                             Rows Removed by Index Recheck: 43323909
                                             Heap Blocks: lossy=763644
                                             Buffers: shared hit=218711 read=544967 written=67
                                             ->  Bitmap Index Scan on orders_o_orderkey_o_orderdate_brin_idx  (cost=0.00..17445.91 rows=1733791 width=0) (actual time=94.911..94.911 rows=7636480 loops=1)
                                                   Index Cond: ((o_orderdate >= '1994-07-01'::date) AND (o_orderdate < '1994-10-01'::date))
                                                   Buffers: shared hit=9 read=25
                           ->  Hash  (cost=150836.00..150836.00 rows=4500000 width=145) (actual time=4621.939..4621.939 rows=4500000 loops=1)
                                 Buckets: 8388608  Batches: 1  Memory Usage: 860930kB
                                 Buffers: shared hit=2 read=105834
                                 ->  Seq Scan on customer  (cost=0.00..150836.00 rows=4500000 width=145) (actual time=0.010..2239.723 rows=4500000 loops=1)
                                       Buffers: shared hit=2 read=105834
                     ->  Hash  (cost=1.25..1.25 rows=25 width=30) (actual time=0.021..0.021 rows=25 loops=1)
                           Buckets: 1024  Batches: 1  Memory Usage: 10kB
                           Buffers: shared hit=1
                           ->  Seq Scan on nation  (cost=0.00..1.25 rows=25 width=30) (actual time=0.005..0.009 rows=25 loops=1)
                                 Buffers: shared hit=1
 Planning time: 4.484 ms
 Execution time: 100083.780 ms
(45 rows)

COMMIT;
COMMIT
