BEGIN;
BEGIN
EXPLAIN (ANALYZE, BUFFERS)
select
	n_name,
	sum(l_extendedprice * (1 - l_discount)) as revenue
from
	customer,
	orders,
	lineitem,
	supplier,
	nation,
	region
where
	c_custkey = o_custkey
	and l_orderkey = o_orderkey
	and l_suppkey = s_suppkey
	and c_nationkey = s_nationkey
	and s_nationkey = n_nationkey
	and n_regionkey = r_regionkey
	and r_name = 'AMERICA'
	and o_orderdate >= date '1993-01-01'
	and o_orderdate < date '1993-01-01' + interval '1 year'
group by
	n_name
order by
	revenue desc;
                                                                                                QUERY PLAN                                                                                                
----------------------------------------------------------------------------------------------------------------------------------------------------------------------------------------------------------
 Sort  (cost=7205697.49..7205697.55 rows=25 width=34) (actual time=55249.321..55249.321 rows=5 loops=1)
   Sort Key: (sum((lineitem.l_extendedprice * (1::double precision - lineitem.l_discount))))
   Sort Method: quicksort  Memory: 25kB
   Buffers: shared hit=5940474 read=2282035 dirtied=1682 written=18133
   ->  HashAggregate  (cost=7205696.65..7205696.90 rows=25 width=34) (actual time=55249.272..55249.274 rows=5 loops=1)
         Group Key: nation.n_name
         Buffers: shared hit=5940471 read=2282035 dirtied=1682 written=18133
         ->  Hash Join  (cost=127005.68..7203495.28 rows=220137 width=34) (actual time=8402.371..54983.448 rows=218554 loops=1)
               Hash Cond: ((lineitem.l_suppkey = supplier.s_suppkey) AND (customer.c_nationkey = supplier.s_nationkey))
               Buffers: shared hit=5940471 read=2282035 dirtied=1682 written=18133
               ->  Nested Loop  (cost=112966.68..7145979.92 rows=5503332 width=46) (actual time=8204.416..52779.669 rows=5458192 loops=1)
                     Buffers: shared hit=5933929 read=2282035 dirtied=1682 written=18133
                     ->  Hash Join  (cost=112966.11..1601705.16 rows=1375826 width=38) (actual time=8204.341..25951.638 rows=1364442 loops=1)
                           Hash Cond: (orders.o_custkey = customer.c_custkey)
                           Buffers: shared hit=497895 read=798745 dirtied=595 written=592
                           ->  Seq Scan on orders  (cost=0.00..1449184.05 rows=6879130 width=8) (actual time=0.042..14500.461 rows=6831909 loops=1)
                                 Filter: ((o_orderdate >= '1993-01-01'::date) AND (o_orderdate < '1994-01-01 00:00:00'::timestamp without time zone))
                                 Rows Removed by Filter: 38213091
                                 Buffers: shared hit=180372 read=587069 dirtied=595 written=592
                           ->  Hash  (cost=101716.11..101716.11 rows=900000 width=38) (actual time=8200.853..8200.853 rows=899950 loops=1)
                                 Buckets: 1048576  Batches: 1  Memory Usage: 71470kB
                                 Buffers: shared hit=317523 read=211676
                                 ->  Nested Loop  (cost=1895.14..101716.11 rows=900000 width=38) (actual time=11.714..7836.900 rows=899950 loops=1)
                                       Buffers: shared hit=317523 read=211676
                                       ->  Nested Loop  (cost=0.14..13.95 rows=5 width=30) (actual time=0.032..0.083 rows=5 loops=1)
                                             Join Filter: (nation.n_regionkey = region.r_regionkey)
                                             Rows Removed by Join Filter: 20
                                             Buffers: shared hit=3
                                             ->  Index Scan using pk_nation on nation  (cost=0.14..12.51 rows=25 width=34) (actual time=0.006..0.024 rows=25 loops=1)
                                                   Buffers: shared hit=2
                                             ->  Materialize  (cost=0.00..1.07 rows=1 width=4) (actual time=0.001..0.001 rows=1 loops=25)
                                                   Buffers: shared hit=1
                                                   ->  Seq Scan on region  (cost=0.00..1.06 rows=1 width=4) (actual time=0.009..0.010 rows=1 loops=1)
                                                         Filter: (r_name = 'AMERICA'::bpchar)
                                                         Rows Removed by Filter: 4
                                                         Buffers: shared hit=1
                                       ->  Bitmap Heap Scan on customer  (cost=1895.00..18540.43 rows=180000 width=8) (actual time=12.679..1532.084 rows=179990 loops=5)
                                             Recheck Cond: (c_nationkey = nation.n_nationkey)
                                             Rows Removed by Index Recheck: 4320010
                                             Heap Blocks: lossy=529180
                                             Buffers: shared hit=317520 read=211676
                                             ->  Bitmap Index Scan on customer_c_nationkey_c_custkey_brin_idx  (cost=0.00..1850.00 rows=180000 width=0) (actual time=12.588..12.588 rows=1058560 loops=5)
                                                   Index Cond: (c_nationkey = nation.n_nationkey)
                                                   Buffers: shared hit=7 read=9
                     ->  Index Scan using pk_lineitem on lineitem  (cost=0.57..3.60 rows=43 width=16) (actual time=0.016..0.018 rows=4 loops=1364442)
                           Index Cond: (l_orderkey = orders.o_orderkey)
                           Buffers: shared hit=5436034 read=1483290 dirtied=1087 written=17541
               ->  Hash  (cost=9539.00..9539.00 rows=300000 width=8) (actual time=195.865..195.865 rows=300000 loops=1)
                     Buckets: 524288  Batches: 1  Memory Usage: 15815kB
                     Buffers: shared hit=6539
                     ->  Seq Scan on supplier  (cost=0.00..9539.00 rows=300000 width=8) (actual time=0.008..109.637 rows=300000 loops=1)
                           Buffers: shared hit=6539
 Planning time: 6.975 ms
 Execution time: 55250.208 ms
(54 rows)

COMMIT;
COMMIT
