BEGIN;
BEGIN
EXPLAIN (ANALYZE, BUFFERS)
select
	l_shipmode,
	sum(case
		when o_orderpriority = '1-URGENT'
			or o_orderpriority = '2-HIGH'
			then 1
		else 0
	end) as high_line_count,
	sum(case
		when o_orderpriority <> '1-URGENT'
			and o_orderpriority <> '2-HIGH'
			then 1
		else 0
	end) as low_line_count
from
	orders,
	lineitem
where
	o_orderkey = l_orderkey
	and l_shipmode in ('FOB', 'RAIL')
	and l_commitdate < l_receiptdate
	and l_shipdate < l_commitdate
	and l_receiptdate >= date '1994-01-01'
	and l_receiptdate < date '1994-01-01' + interval '1 year'
group by
	l_shipmode
order by
	l_shipmode;
                                                                                                                              QUERY PLAN                                                                                                                               
-----------------------------------------------------------------------------------------------------------------------------------------------------------------------------------------------------------------------------------------------------------------------
 Sort  (cost=9530869.78..9530869.78 rows=1 width=27) (actual time=96471.647..96471.647 rows=2 loops=1)
   Sort Key: lineitem.l_shipmode
   Sort Method: quicksort  Memory: 25kB
   Buffers: shared hit=745465 read=3458915 dirtied=738 written=18
   ->  HashAggregate  (cost=9530869.76..9530869.77 rows=1 width=27) (actual time=96471.612..96471.613 rows=2 loops=1)
         Group Key: lineitem.l_shipmode
         Buffers: shared hit=745460 read=3458915 dirtied=738 written=18
         ->  Merge Join  (cost=7428341.17..9515425.18 rows=882547 width=27) (actual time=74147.689..95587.810 rows=935297 loops=1)
               Merge Cond: (orders.o_orderkey = lineitem.l_orderkey)
               Buffers: shared hit=745460 read=3458915 dirtied=738 written=18
               ->  Index Scan using pk_orders on orders  (cost=0.56..1959901.01 rows=45584563 width=20) (actual time=0.007..16217.370 rows=44999975 loops=1)
                     Buffers: shared hit=310644 read=655197 dirtied=738 written=18
               ->  Sort  (cost=7428340.58..7430546.94 rows=882547 width=15) (actual time=74147.656..74276.814 rows=935297 loops=1)
                     Sort Key: lineitem.l_orderkey
                     Sort Method: quicksort  Memory: 68419kB
                     Buffers: shared hit=434816 read=2803718
                     ->  Seq Scan on lineitem  (cost=0.00..7341183.26 rows=882547 width=15) (actual time=0.225..73491.068 rows=935297 loops=1)
                           Filter: ((l_shipmode = ANY ('{FOB,RAIL}'::bpchar[])) AND (l_commitdate < l_receiptdate) AND (l_shipdate < l_commitdate) AND (l_receiptdate >= '1994-01-01'::date) AND (l_receiptdate < '1995-01-01 00:00:00'::timestamp without time zone))
                           Rows Removed by Filter: 179065464
                           Buffers: shared hit=434812 read=2803718
 Planning time: 3.432 ms
 Execution time: 96476.796 ms
(22 rows)

COMMIT;
COMMIT
