BEGIN;
BEGIN
EXPLAIN (ANALYZE, BUFFERS)
select
	l_shipmode,
	sum(case
		when o_orderpriority = '1-URGENT'
			or o_orderpriority = '2-HIGH'
			then 1
		else 0
	end) as high_line_count,
	sum(case
		when o_orderpriority <> '1-URGENT'
			and o_orderpriority <> '2-HIGH'
			then 1
		else 0
	end) as low_line_count
from
	orders,
	lineitem
where
	o_orderkey = l_orderkey
	and l_shipmode in ('MAIL', 'RAIL')
	and l_commitdate < l_receiptdate
	and l_shipdate < l_commitdate
	and l_receiptdate >= date '1995-01-01'
	and l_receiptdate < date '1995-01-01' + interval '1 year'
group by
	l_shipmode
order by
	l_shipmode;
                                                                                                                               QUERY PLAN                                                                                                                               
------------------------------------------------------------------------------------------------------------------------------------------------------------------------------------------------------------------------------------------------------------------------
 Sort  (cost=9452033.66..9452033.66 rows=1 width=27) (actual time=95957.259..95957.259 rows=2 loops=1)
   Sort Key: lineitem.l_shipmode
   Sort Method: quicksort  Memory: 25kB
   Buffers: shared hit=727738 read=3496791 dirtied=4560 written=3387
   ->  HashAggregate  (cost=9452033.64..9452033.65 rows=1 width=27) (actual time=95957.222..95957.223 rows=2 loops=1)
         Group Key: lineitem.l_shipmode
         Buffers: shared hit=727733 read=3496791 dirtied=4560 written=3387
         ->  Merge Join  (cost=7369906.24..9436650.58 rows=879032 width=27) (actual time=74498.642..95107.792 rows=936161 loops=1)
               Merge Cond: (orders.o_orderkey = lineitem.l_orderkey)
               Buffers: shared hit=727733 read=3496791 dirtied=4560 written=3387
               ->  Index Scan using pk_orders on orders  (cost=0.56..1940513.61 rows=45224670 width=20) (actual time=0.008..15429.094 rows=45044886 loops=1)
                     Buffers: shared hit=511115 read=500489 dirtied=1437 written=362
               ->  Sort  (cost=7369905.65..7372103.23 rows=879032 width=15) (actual time=74498.564..74627.203 rows=936161 loops=1)
                     Sort Key: lineitem.l_orderkey
                     Sort Method: quicksort  Memory: 68459kB
                     Buffers: shared hit=216618 read=2996302 dirtied=3123 written=3025
                     ->  Seq Scan on lineitem  (cost=0.00..7283120.78 rows=879032 width=15) (actual time=0.132..73845.962 rows=936161 loops=1)
                           Filter: ((l_shipmode = ANY ('{MAIL,RAIL}'::bpchar[])) AND (l_commitdate < l_receiptdate) AND (l_shipdate < l_commitdate) AND (l_receiptdate >= '1995-01-01'::date) AND (l_receiptdate < '1996-01-01 00:00:00'::timestamp without time zone))
                           Rows Removed by Filter: 179242142
                           Buffers: shared hit=216614 read=2996302 dirtied=3123 written=3025
 Planning time: 3.708 ms
 Execution time: 95961.391 ms
(22 rows)

COMMIT;
COMMIT
