BEGIN;
BEGIN
EXPLAIN (ANALYZE, BUFFERS)
select
	l_orderkey,
	sum(l_extendedprice * (1 - l_discount)) as revenue,
	o_orderdate,
	o_shippriority
from
	customer,
	orders,
	lineitem
where
	c_mktsegment = 'BUILDING'
	and c_custkey = o_custkey
	and l_orderkey = o_orderkey
	and o_orderdate < date '1995-03-02'
	and l_shipdate > date '1995-03-02'
group by
	l_orderkey,
	o_orderdate,
	o_shippriority
order by
	revenue desc,
	o_orderdate
LIMIT 10;
                                                                                               QUERY PLAN                                                                                               
--------------------------------------------------------------------------------------------------------------------------------------------------------------------------------------------------------
 Limit  (cost=8079397.75..8079397.77 rows=10 width=20) (actual time=112657.497..112657.501 rows=10 loops=1)
   Buffers: shared hit=482591 read=3635127 written=6
   ->  Sort  (cost=8079397.75..8103287.63 rows=9555953 width=20) (actual time=112657.494..112657.495 rows=10 loops=1)
         Sort Key: (sum((lineitem.l_extendedprice * (1::double precision - lineitem.l_discount)))), orders.o_orderdate
         Sort Method: top-N heapsort  Memory: 25kB
         Buffers: shared hit=482591 read=3635127 written=6
         ->  HashAggregate  (cost=7777337.51..7872897.04 rows=9555953 width=20) (actual time=112433.162..112593.526 rows=339701 loops=1)
               Group Key: lineitem.l_orderkey, orders.o_orderdate, orders.o_shippriority
               Buffers: shared hit=482585 read=3635127 written=6
               ->  Hash Join  (cost=2313560.66..7633998.21 rows=9555953 width=20) (actual time=28366.874..111560.085 rows=899583 loops=1)
                     Hash Cond: (lineitem.l_orderkey = orders.o_orderkey)
                     Buffers: shared hit=482585 read=3635127 written=6
                     ->  Bitmap Heap Scan on lineitem  (cost=770133.86..5250131.37 rows=99317401 width=12) (actual time=384.021..65345.051 rows=98012301 loops=1)
                           Recheck Cond: (l_shipdate > '1995-03-02'::date)
                           Rows Removed by Index Recheck: 81988460
                           Heap Blocks: lossy=3238530
                           Buffers: shared hit=249911 read=2988760
                           ->  Bitmap Index Scan on lineitem_l_shipdate_l_suppkey_brin_idx  (cost=0.00..745304.51 rows=99317401 width=0) (actual time=381.514..381.514 rows=32386560 loops=1)
                                 Index Cond: (l_shipdate > '1995-03-02'::date)
                                 Buffers: shared hit=141
                     ->  Hash  (cost=1488602.08..1488602.08 rows=4385978 width=12) (actual time=27942.544..27942.544 rows=4331414 loops=1)
                           Buckets: 8388608  Batches: 1  Memory Usage: 251652kB
                           Buffers: shared hit=232674 read=646367 written=6
                           ->  Hash Join  (cost=319087.73..1488602.08 rows=4385978 width=12) (actual time=2127.758..26174.648 rows=4331414 loops=1)
                                 Hash Cond: (orders.o_custkey = customer.c_custkey)
                                 Buffers: shared hit=232674 read=646367 written=6
                                 ->  Bitmap Heap Scan on orders  (cost=169860.93..1213376.98 rows=21903604 width=16) (actual time=85.484..15795.103 rows=21620922 loops=1)
                                       Recheck Cond: (o_orderdate < '1995-03-02'::date)
                                       Rows Removed by Index Recheck: 23379078
                                       Heap Blocks: lossy=769721
                                       Buffers: shared hit=232672 read=537083
                                       ->  Bitmap Index Scan on orders_o_orderkey_o_orderdate_brin_idx  (cost=0.00..164385.03 rows=21903604 width=0) (actual time=84.985..84.985 rows=7697920 loops=1)
                                             Index Cond: (o_orderdate < '1995-03-02'::date)
                                             Buffers: shared hit=9 read=25
                                 ->  Hash  (cost=137963.30..137963.30 rows=901080 width=4) (actual time=2037.250..2037.250 rows=900509 loops=1)
                                       Buckets: 1048576  Batches: 1  Memory Usage: 39851kB
                                       Buffers: shared hit=2 read=109284 written=6
                                       ->  Bitmap Heap Scan on customer  (cost=20863.80..137963.30 rows=901080 width=4) (actual time=237.475..1754.343 rows=900509 loops=1)
                                             Recheck Cond: (c_mktsegment = 'BUILDING'::bpchar)
                                             Heap Blocks: exact=105833
                                             Buffers: shared hit=2 read=109284 written=6
                                             ->  Bitmap Index Scan on customer_c_mktsegment_c_custkey_idx  (cost=0.00..20638.53 rows=901080 width=0) (actual time=205.936..205.936 rows=900509 loops=1)
                                                   Index Cond: (c_mktsegment = 'BUILDING'::bpchar)
                                                   Buffers: shared read=3453
 Planning time: 3.995 ms
 Execution time: 112714.061 ms
(46 rows)

COMMIT;
COMMIT
