BEGIN;
BEGIN
EXPLAIN (ANALYZE, BUFFERS)
select
	c_custkey,
	c_name,
	sum(l_extendedprice * (1 - l_discount)) as revenue,
	c_acctbal,
	n_name,
	c_address,
	c_phone,
	c_comment
from
	customer,
	orders,
	lineitem,
	nation
where
	c_custkey = o_custkey
	and l_orderkey = o_orderkey
	and o_orderdate >= date '1993-04-01'
	and o_orderdate < cast(date '1993-04-01' + interval '3 month' as date)
	and l_returnflag = 'R'
	and c_nationkey = n_nationkey
group by
	c_custkey,
	c_name,
	c_acctbal,
	c_phone,
	n_name,
	c_address,
	c_comment
order by
	revenue desc
LIMIT 20;
                                                                                                QUERY PLAN                                                                                                 
-----------------------------------------------------------------------------------------------------------------------------------------------------------------------------------------------------------
 Limit  (cost=6960903.72..6960903.77 rows=20 width=175) (actual time=98144.489..98144.495 rows=20 loops=1)
   Buffers: shared hit=762738 read=3351387 dirtied=1520 written=503
   ->  Sort  (cost=6960903.72..6965185.56 rows=1712734 width=175) (actual time=98144.486..98144.489 rows=20 loops=1)
         Sort Key: (sum((lineitem.l_extendedprice * (1::double precision - lineitem.l_discount))))
         Sort Method: top-N heapsort  Memory: 30kB
         Buffers: shared hit=762738 read=3351387 dirtied=1520 written=503
         ->  HashAggregate  (cost=6898201.15..6915328.49 rows=1712734 width=175) (actual time=96982.504..97729.186 rows=1138806 loops=1)
               Group Key: customer.c_custkey, customer.c_name, customer.c_acctbal, customer.c_phone, nation.n_name, customer.c_address, customer.c_comment
               Buffers: shared hit=762735 read=3351387 dirtied=1520 written=503
               ->  Hash Join  (cost=1042602.43..6855382.80 rows=1712734 width=175) (actual time=22508.095..90894.017 rows=3402797 loops=1)
                     Hash Cond: (customer.c_nationkey = nation.n_nationkey)
                     Buffers: shared hit=762735 read=3351387 dirtied=1520 written=503
                     ->  Hash Join  (cost=1042600.86..6831831.14 rows=1712734 width=153) (actual time=22508.060..89658.534 rows=3402797 loops=1)
                           Hash Cond: (orders.o_custkey = customer.c_custkey)
                           Buffers: shared hit=762734 read=3351387 dirtied=1520 written=503
                           ->  Hash Join  (cost=835514.86..6594772.30 rows=1712734 width=12) (actual time=17589.926..82504.844 rows=3402797 loops=1)
                                 Hash Cond: (lineitem.l_orderkey = orders.o_orderkey)
                                 Buffers: shared hit=762733 read=3245552 dirtied=1520 written=365
                                 ->  Seq Scan on lineitem  (cost=0.00..5517781.81 rows=44869656 width=12) (actual time=0.028..53167.395 rows=44419115 loops=1)
                                       Filter: (l_returnflag = 'R'::bpchar)
                                       Rows Removed by Filter: 135581646
                                       Buffers: shared hit=503256 read=2735274
                                 ->  Hash  (cost=813764.58..813764.58 rows=1740023 width=8) (actual time=17580.110..17580.110 rows=1701857 loops=1)
                                       Buckets: 2097152  Batches: 1  Memory Usage: 82863kB
                                       Buffers: shared hit=259477 read=510278 dirtied=1520 written=365
                                       ->  Bitmap Heap Scan on orders  (cost=17943.23..813764.58 rows=1740023 width=8) (actual time=85.760..16841.784 rows=1701857 loops=1)
                                             Recheck Cond: ((o_orderdate >= '1993-04-01'::date) AND (o_orderdate < '1993-07-01'::date))
                                             Rows Removed by Index Recheck: 43298143
                                             Heap Blocks: lossy=769721
                                             Buffers: shared hit=259477 read=510278 dirtied=1520 written=365
                                             ->  Bitmap Index Scan on orders_o_orderkey_o_orderdate_brin_idx  (cost=0.00..17508.23 rows=1740023 width=0) (actual time=85.209..85.209 rows=7697920 loops=1)
                                                   Index Cond: ((o_orderdate >= '1993-04-01'::date) AND (o_orderdate < '1993-07-01'::date))
                                                   Buffers: shared hit=8 read=26
                           ->  Hash  (cost=150836.00..150836.00 rows=4500000 width=145) (actual time=4891.763..4891.763 rows=4500000 loops=1)
                                 Buckets: 8388608  Batches: 1  Memory Usage: 860930kB
                                 Buffers: shared hit=1 read=105835 written=138
                                 ->  Seq Scan on customer  (cost=0.00..150836.00 rows=4500000 width=145) (actual time=0.010..2308.571 rows=4500000 loops=1)
                                       Buffers: shared hit=1 read=105835 written=138
                     ->  Hash  (cost=1.25..1.25 rows=25 width=30) (actual time=0.023..0.023 rows=25 loops=1)
                           Buckets: 1024  Batches: 1  Memory Usage: 10kB
                           Buffers: shared hit=1
                           ->  Seq Scan on nation  (cost=0.00..1.25 rows=25 width=30) (actual time=0.006..0.009 rows=25 loops=1)
                                 Buffers: shared hit=1
 Planning time: 5.340 ms
 Execution time: 98177.063 ms
(45 rows)

COMMIT;
COMMIT
