BEGIN;
BEGIN
EXPLAIN (ANALYZE, BUFFERS)
select
	l_shipmode,
	sum(case
		when o_orderpriority = '1-URGENT'
			or o_orderpriority = '2-HIGH'
			then 1
		else 0
	end) as high_line_count,
	sum(case
		when o_orderpriority <> '1-URGENT'
			and o_orderpriority <> '2-HIGH'
			then 1
		else 0
	end) as low_line_count
from
	orders,
	lineitem
where
	o_orderkey = l_orderkey
	and l_shipmode in ('RAIL', 'MAIL')
	and l_commitdate < l_receiptdate
	and l_shipdate < l_commitdate
	and l_receiptdate >= date '1997-01-01'
	and l_receiptdate < date '1997-01-01' + interval '1 year'
group by
	l_shipmode
order by
	l_shipmode;
                                                                                                                               QUERY PLAN                                                                                                                               
------------------------------------------------------------------------------------------------------------------------------------------------------------------------------------------------------------------------------------------------------------------------
 Sort  (cost=9470779.05..9470779.05 rows=1 width=27) (actual time=95748.753..95748.753 rows=2 loops=1)
   Sort Key: lineitem.l_shipmode
   Sort Method: quicksort  Memory: 25kB
   Buffers: shared hit=1020539 read=3198996 dirtied=759 written=100
   ->  HashAggregate  (cost=9470779.03..9470779.04 rows=1 width=27) (actual time=95748.715..95748.715 rows=2 loops=1)
         Group Key: lineitem.l_shipmode
         Buffers: shared hit=1020534 read=3198996 dirtied=759 written=100
         ->  Merge Join  (cost=7383777.13..9455500.81 rows=873041 width=27) (actual time=74239.103..94854.297 rows=936060 loops=1)
               Merge Cond: (orders.o_orderkey = lineitem.l_orderkey)
               Buffers: shared hit=1020534 read=3198996 dirtied=759 written=100
               ->  Index Scan using pk_orders on orders  (cost=0.56..1945357.99 rows=45314628 width=20) (actual time=0.007..15352.076 rows=45044991 loops=1)
                     Buffers: shared hit=402907 read=597304 dirtied=759 written=99
               ->  Sort  (cost=7383776.54..7385959.14 rows=873041 width=15) (actual time=74238.994..74383.172 rows=936060 loops=1)
                     Sort Key: lineitem.l_orderkey
                     Sort Method: quicksort  Memory: 68454kB
                     Buffers: shared hit=617627 read=2601692 written=1
                     ->  Seq Scan on lineitem  (cost=0.00..7297626.21 rows=873041 width=15) (actual time=0.060..73605.870 rows=936060 loops=1)
                           Filter: ((l_shipmode = ANY ('{RAIL,MAIL}'::bpchar[])) AND (l_commitdate < l_receiptdate) AND (l_shipdate < l_commitdate) AND (l_receiptdate >= '1997-01-01'::date) AND (l_receiptdate < '1998-01-01 00:00:00'::timestamp without time zone))
                           Rows Removed by Filter: 179242924
                           Buffers: shared hit=617623 read=2601692 written=1
 Planning time: 3.414 ms
 Execution time: 95754.642 ms
(22 rows)

COMMIT;
COMMIT
