BEGIN;
BEGIN
EXPLAIN (ANALYZE, BUFFERS)
select
	sum(l_extendedprice* (1 - l_discount)) as revenue
from
	lineitem,
	part
where
	(
		p_partkey = l_partkey
		and p_brand = 'Brand#14'
		and p_container in ('SM CASE', 'SM BOX', 'SM PACK', 'SM PKG')
		and l_quantity >= 10 and l_quantity <= 10+10
		and p_size between 1 and 5
		and l_shipmode in ('AIR', 'AIR REG')
		and l_shipinstruct = 'DELIVER IN PERSON'
	)
	or
	(
		p_partkey = l_partkey
		and p_brand = 'Brand#53'
		and p_container in ('MED BAG', 'MED BOX', 'MED PKG', 'MED PACK')
		and l_quantity >= 11 and l_quantity <= 11+10
		and p_size between 1 and 10
		and l_shipmode in ('AIR', 'AIR REG')
		and l_shipinstruct = 'DELIVER IN PERSON'
	)
	or
	(
		p_partkey = l_partkey
		and p_brand = 'Brand#12'
		and p_container in ('LG CASE', 'LG BOX', 'LG PACK', 'LG PKG')
		and l_quantity >= 25 and l_quantity <= 25+10
		and p_size between 1 and 15
		and l_shipmode in ('AIR', 'AIR REG')
		and l_shipinstruct = 'DELIVER IN PERSON'
	);
                                                                                                                                                                                                                                                                                                                                                                                                                                                                                                                                                   QUERY PLAN                                                                                                                                                                                                                                                                                                                                                                                                                                                                                                                                                   
----------------------------------------------------------------------------------------------------------------------------------------------------------------------------------------------------------------------------------------------------------------------------------------------------------------------------------------------------------------------------------------------------------------------------------------------------------------------------------------------------------------------------------------------------------------------------------------------------------------------------------------------------------------------------------------------------------------------------------------------------------------------------------------------------------------------------------------------------------------------------------------------------------------------------------------------------------------------------------------------------------------------------------------------------------------------------------------------------------------
 Aggregate  (cost=1886082.88..1886082.89 rows=1 width=8) (actual time=7595.611..7595.611 rows=1 loops=1)
   Buffers: shared hit=143774 read=409456 dirtied=3227 written=475
   ->  Nested Loop  (cost=38373.96..1886056.95 rows=3457 width=8) (actual time=105.532..7592.266 rows=3412 loops=1)
         Buffers: shared hit=143774 read=409456 dirtied=3227 written=475
         ->  Bitmap Heap Scan on part  (cost=38373.39..79400.45 rows=14245 width=30) (actual time=105.214..665.518 rows=14488 loops=1)
               Recheck Cond: (((p_container = ANY ('{"SM CASE","SM BOX","SM PACK","SM PKG"}'::bpchar[])) AND (p_brand = 'Brand#14'::bpchar) AND (p_size <= 5) AND (p_size >= 1)) OR ((p_container = ANY ('{"MED BAG","MED BOX","MED PKG","MED PACK"}'::bpchar[])) AND (p_brand = 'Brand#53'::bpchar) AND (p_size <= 10) AND (p_size >= 1)) OR ((p_container = ANY ('{"LG CASE","LG BOX","LG PACK","LG PKG"}'::bpchar[])) AND (p_brand = 'Brand#12'::bpchar) AND (p_size <= 15) AND (p_size >= 1)))
               Rows Removed by Index Recheck: 57545
               Heap Blocks: exact=54652
               Buffers: shared hit=21391 read=33753 written=49
               ->  BitmapOr  (cost=38373.39..38373.39 rows=14256 width=0) (actual time=91.030..91.030 rows=0 loops=1)
                     Buffers: shared hit=30 read=462
                     ->  BitmapAnd  (cost=6822.41..6822.41 rows=2390 width=0) (actual time=26.434..26.434 rows=0 loops=1)
                           Buffers: shared hit=7 read=155
                           ->  Bitmap Index Scan on part_p_container_p_brand_p_partkey_idx  (cost=0.00..834.83 rows=24058 width=0) (actual time=10.885..10.885 rows=23853 loops=1)
                                 Index Cond: ((p_container = ANY ('{"SM CASE","SM BOX","SM PACK","SM PKG"}'::bpchar[])) AND (p_brand = 'Brand#14'::bpchar))
                                 Buffers: shared hit=6 read=152
                           ->  Bitmap Index Scan on part_p_size_brin_idx  (cost=0.00..5980.20 rows=596020 width=0) (actual time=13.068..13.068 rows=1216000 loops=1)
                                 Index Cond: ((p_size <= 5) AND (p_size >= 1))
                                 Buffers: shared hit=1 read=3
                     ->  BitmapAnd  (cost=12788.88..12788.88 rows=4765 width=0) (actual time=26.378..26.378 rows=0 loops=1)
                           Buffers: shared hit=11 read=153
                           ->  Bitmap Index Scan on part_p_container_p_brand_p_partkey_idx  (cost=0.00..833.91 rows=23967 width=0) (actual time=10.901..10.901 rows=23973 loops=1)
                                 Index Cond: ((p_container = ANY ('{"MED BAG","MED BOX","MED PKG","MED PACK"}'::bpchar[])) AND (p_brand = 'Brand#53'::bpchar))
                                 Buffers: shared hit=7 read=153
                           ->  Bitmap Index Scan on part_p_size_brin_idx  (cost=0.00..11947.60 rows=1192760 width=0) (actual time=12.883..12.883 rows=1216000 loops=1)
                                 Index Cond: ((p_size <= 10) AND (p_size >= 1))
                                 Buffers: shared hit=4
                     ->  BitmapAnd  (cost=18761.60..18761.60 rows=7101 width=0) (actual time=26.266..26.266 rows=0 loops=1)
                           Buffers: shared hit=12 read=154
                           ->  Bitmap Index Scan on part_p_container_p_brand_p_partkey_idx  (cost=0.00..832.23 rows=23800 width=0) (actual time=10.595..10.595 rows=24207 loops=1)
                                 Index Cond: ((p_container = ANY ('{"LG CASE","LG BOX","LG PACK","LG PKG"}'::bpchar[])) AND (p_brand = 'Brand#12'::bpchar))
                                 Buffers: shared hit=8 read=154
                           ->  Bitmap Index Scan on part_p_size_brin_idx  (cost=0.00..17922.00 rows=1790200 width=0) (actual time=13.140..13.140 rows=1216000 loops=1)
                                 Index Cond: ((p_size <= 15) AND (p_size >= 1))
                                 Buffers: shared hit=4
         ->  Index Scan using lineitem_l_partkey_l_quantity_idx on lineitem  (cost=0.57..126.82 rows=1 width=16) (actual time=0.423..0.477 rows=0 loops=14488)
               Index Cond: (l_partkey = part.p_partkey)
               Filter: ((l_shipmode = ANY ('{AIR,"AIR REG"}'::bpchar[])) AND (l_shipinstruct = 'DELIVER IN PERSON'::bpchar) AND (((l_quantity >= 10::double precision) AND (l_quantity <= 20::double precision)) OR ((l_quantity >= 11::double precision) AND (l_quantity <= 21::double precision)) OR ((l_quantity >= 25::double precision) AND (l_quantity <= 35::double precision))) AND (((part.p_brand = 'Brand#14'::bpchar) AND (part.p_container = ANY ('{"SM CASE","SM BOX","SM PACK","SM PKG"}'::bpchar[])) AND (l_quantity >= 10::double precision) AND (l_quantity <= 20::double precision) AND (part.p_size <= 5)) OR ((part.p_brand = 'Brand#53'::bpchar) AND (part.p_container = ANY ('{"MED BAG","MED BOX","MED PKG","MED PACK"}'::bpchar[])) AND (l_quantity >= 11::double precision) AND (l_quantity <= 21::double precision) AND (part.p_size <= 10)) OR ((part.p_brand = 'Brand#12'::bpchar) AND (part.p_container = ANY ('{"LG CASE","LG BOX","LG PACK","LG PKG"}'::bpchar[])) AND (l_quantity >= 25::double precision) AND (l_quantity <= 35::double precision) AND (part.p_size <= 15))))
               Rows Removed by Filter: 30
               Buffers: shared hit=122383 read=375703 dirtied=3227 written=426
 Planning time: 4.821 ms
 Execution time: 7596.197 ms
(42 rows)

COMMIT;
COMMIT
