BEGIN;
BEGIN
EXPLAIN (ANALYZE, BUFFERS)
select
	l_orderkey,
	sum(l_extendedprice * (1 - l_discount)) as revenue,
	o_orderdate,
	o_shippriority
from
	customer,
	orders,
	lineitem
where
	c_mktsegment = 'MACHINERY'
	and c_custkey = o_custkey
	and l_orderkey = o_orderkey
	and o_orderdate < date '1995-03-11'
	and l_shipdate > date '1995-03-11'
group by
	l_orderkey,
	o_orderdate,
	o_shippriority
order by
	revenue desc,
	o_orderdate
LIMIT 10;
                                                                                               QUERY PLAN                                                                                               
--------------------------------------------------------------------------------------------------------------------------------------------------------------------------------------------------------
 Limit  (cost=8062955.36..8062955.39 rows=10 width=20) (actual time=106764.882..106764.886 rows=10 loops=1)
   Buffers: shared hit=1651506 read=2466204 written=1030
   ->  Sort  (cost=8062955.36..8086796.91 rows=9536621 width=20) (actual time=106764.878..106764.881 rows=10 loops=1)
         Sort Key: (sum((lineitem.l_extendedprice * (1::double precision - lineitem.l_discount)))), orders.o_orderdate
         Sort Method: top-N heapsort  Memory: 25kB
         Buffers: shared hit=1651506 read=2466204 written=1030
         ->  HashAggregate  (cost=7761506.20..7856872.41 rows=9536621 width=20) (actual time=106515.514..106696.131 rows=340388 loops=1)
               Group Key: lineitem.l_orderkey, orders.o_orderdate, orders.o_shippriority
               Buffers: shared hit=1651500 read=2466204 written=1030
               ->  Hash Join  (cost=2312532.28..7618456.89 rows=9536621 width=20) (actual time=27453.881..105668.490 rows=899343 loops=1)
                     Hash Cond: (lineitem.l_orderkey = orders.o_orderkey)
                     Buffers: shared hit=1651500 read=2466204 written=1030
                     ->  Bitmap Heap Scan on lineitem  (cost=764585.00..5235632.75 rows=98601420 width=12) (actual time=387.711..62883.547 rows=97337820 loops=1)
                           Recheck Cond: (l_shipdate > '1995-03-11'::date)
                           Rows Removed by Index Recheck: 82662941
                           Heap Blocks: lossy=3238530
                           Buffers: shared hit=1333137 read=1905534 written=989
                           ->  Bitmap Index Scan on lineitem_l_shipdate_l_suppkey_brin_idx  (cost=0.00..739934.65 rows=98601420 width=0) (actual time=385.169..385.169 rows=32386560 loops=1)
                                 Index Cond: (l_shipdate > '1995-03-11'::date)
                                 Buffers: shared hit=37 read=104
                     ->  Hash  (cost=1492836.16..1492836.16 rows=4408889 width=12) (actual time=27043.019..27043.019 rows=4354200 loops=1)
                           Buckets: 8388608  Batches: 1  Memory Usage: 252631kB
                           Buffers: shared hit=318363 read=560670 written=41
                           ->  Hash Join  (cost=320307.78..1492836.16 rows=4408889 width=12) (actual time=1549.452..25548.911 rows=4354200 loops=1)
                                 Hash Cond: (orders.o_custkey = customer.c_custkey)
                                 Buffers: shared hit=318363 read=560670 written=41
                                 ->  Bitmap Heap Scan on orders  (cost=171189.12..1216847.42 rows=22074984 width=16) (actual time=85.728..15921.310 rows=21789338 loops=1)
                                       Recheck Cond: (o_orderdate < '1995-03-11'::date)
                                       Rows Removed by Index Recheck: 23210662
                                       Heap Blocks: lossy=769721
                                       Buffers: shared hit=251047 read=518708 written=13
                                       ->  Bitmap Index Scan on orders_o_orderkey_o_orderdate_brin_idx  (cost=0.00..165670.38 rows=22074984 width=0) (actual time=85.211..85.211 rows=7697920 loops=1)
                                             Index Cond: (o_orderdate < '1995-03-11'::date)
                                             Buffers: shared hit=9 read=25
                                 ->  Hash  (cost=137884.22..137884.22 rows=898755 width=4) (actual time=1460.379..1460.379 rows=899718 loops=1)
                                       Buckets: 1048576  Batches: 1  Memory Usage: 39823kB
                                       Buffers: shared hit=67316 read=41962 written=28
                                       ->  Bitmap Heap Scan on customer  (cost=20813.78..137884.22 rows=898755 width=4) (actual time=238.459..1212.932 rows=899718 loops=1)
                                             Recheck Cond: (c_mktsegment = 'MACHINERY'::bpchar)
                                             Heap Blocks: exact=105828
                                             Buffers: shared hit=67316 read=41962 written=28
                                             ->  Bitmap Index Scan on customer_c_mktsegment_c_custkey_idx  (cost=0.00..20589.09 rows=898755 width=0) (actual time=206.117..206.117 rows=899718 loops=1)
                                                   Index Cond: (c_mktsegment = 'MACHINERY'::bpchar)
                                                   Buffers: shared read=3450 written=5
 Planning time: 4.403 ms
 Execution time: 106816.628 ms
(46 rows)

COMMIT;
COMMIT
