BEGIN;
BEGIN
EXPLAIN (ANALYZE, BUFFERS)
select
	n_name,
	sum(l_extendedprice * (1 - l_discount)) as revenue
from
	customer,
	orders,
	lineitem,
	supplier,
	nation,
	region
where
	c_custkey = o_custkey
	and l_orderkey = o_orderkey
	and l_suppkey = s_suppkey
	and c_nationkey = s_nationkey
	and s_nationkey = n_nationkey
	and n_regionkey = r_regionkey
	and r_name = 'ASIA'
	and o_orderdate >= date '1993-01-01'
	and o_orderdate < date '1993-01-01' + interval '1 year'
group by
	n_name
order by
	revenue desc;
                                                                                                QUERY PLAN                                                                                                
----------------------------------------------------------------------------------------------------------------------------------------------------------------------------------------------------------
 Sort  (cost=7227744.90..7227744.96 rows=25 width=34) (actual time=51031.845..51031.845 rows=5 loops=1)
   Sort Key: (sum((lineitem.l_extendedprice * (1::double precision - lineitem.l_discount))))
   Sort Method: quicksort  Memory: 25kB
   Buffers: shared hit=6044726 read=2168719 written=2075
   ->  HashAggregate  (cost=7227744.07..7227744.32 rows=25 width=34) (actual time=51031.799..51031.800 rows=5 loops=1)
         Group Key: nation.n_name
         Buffers: shared hit=6044723 read=2168719 written=2075
         ->  Hash Join  (cost=127005.68..7225536.15 rows=220792 width=34) (actual time=7419.687..50765.862 rows=218327 loops=1)
               Hash Cond: ((lineitem.l_suppkey = supplier.s_suppkey) AND (customer.c_nationkey = supplier.s_nationkey))
               Buffers: shared hit=6044723 read=2168719 written=2075
               ->  Nested Loop  (cost=112966.68..7167891.39 rows=5519712 width=46) (actual time=7220.376..48503.822 rows=5449191 loops=1)
                     Buffers: shared hit=6038181 read=2168719 written=2075
                     ->  Hash Join  (cost=112966.11..1606128.08 rows=1379914 width=38) (actual time=7220.283..25158.206 rows=1362189 loops=1)
                           Hash Cond: (orders.o_custkey = customer.c_custkey)
                           Buffers: shared hit=571640 read=727280 written=196
                           ->  Seq Scan on orders  (cost=0.00..1453489.44 rows=6899568 width=8) (actual time=0.017..14554.936 rows=6825406 loops=1)
                                 Filter: ((o_orderdate >= '1993-01-01'::date) AND (o_orderdate < '1994-01-01 00:00:00'::timestamp without time zone))
                                 Rows Removed by Filter: 38174594
                                 Buffers: shared hit=148278 read=621443
                           ->  Hash  (cost=101716.11..101716.11 rows=900000 width=38) (actual time=7215.325..7215.325 rows=899362 loops=1)
                                 Buckets: 1048576  Batches: 1  Memory Usage: 71429kB
                                 Buffers: shared hit=423362 read=105837 written=196
                                 ->  Nested Loop  (cost=1895.14..101716.11 rows=900000 width=38) (actual time=11.449..6855.642 rows=899362 loops=1)
                                       Buffers: shared hit=423362 read=105837 written=196
                                       ->  Nested Loop  (cost=0.14..13.95 rows=5 width=30) (actual time=0.036..0.079 rows=5 loops=1)
                                             Join Filter: (nation.n_regionkey = region.r_regionkey)
                                             Rows Removed by Join Filter: 20
                                             Buffers: shared hit=3
                                             ->  Index Scan using pk_nation on nation  (cost=0.14..12.51 rows=25 width=34) (actual time=0.007..0.023 rows=25 loops=1)
                                                   Buffers: shared hit=2
                                             ->  Materialize  (cost=0.00..1.07 rows=1 width=4) (actual time=0.001..0.001 rows=1 loops=25)
                                                   Buffers: shared hit=1
                                                   ->  Seq Scan on region  (cost=0.00..1.06 rows=1 width=4) (actual time=0.009..0.010 rows=1 loops=1)
                                                         Filter: (r_name = 'ASIA'::bpchar)
                                                         Rows Removed by Filter: 4
                                                         Buffers: shared hit=1
                                       ->  Bitmap Heap Scan on customer  (cost=1895.00..18540.43 rows=180000 width=8) (actual time=11.328..1338.745 rows=179872 loops=5)
                                             Recheck Cond: (c_nationkey = nation.n_nationkey)
                                             Rows Removed by Index Recheck: 4320128
                                             Heap Blocks: lossy=529180
                                             Buffers: shared hit=423359 read=105837 written=196
                                             ->  Bitmap Index Scan on customer_c_nationkey_c_custkey_brin_idx  (cost=0.00..1850.00 rows=180000 width=0) (actual time=11.257..11.257 rows=1058560 loops=5)
                                                   Index Cond: (c_nationkey = nation.n_nationkey)
                                                   Buffers: shared hit=13 read=3
                     ->  Index Scan using pk_lineitem on lineitem  (cost=0.57..3.60 rows=43 width=16) (actual time=0.014..0.016 rows=4 loops=1362189)
                           Index Cond: (l_orderkey = orders.o_orderkey)
                           Buffers: shared hit=5466541 read=1441439 written=1879
               ->  Hash  (cost=9539.00..9539.00 rows=300000 width=8) (actual time=196.732..196.732 rows=300000 loops=1)
                     Buckets: 524288  Batches: 1  Memory Usage: 15815kB
                     Buffers: shared hit=6539
                     ->  Seq Scan on supplier  (cost=0.00..9539.00 rows=300000 width=8) (actual time=0.009..109.776 rows=300000 loops=1)
                           Buffers: shared hit=6539
 Planning time: 7.141 ms
 Execution time: 51033.433 ms
(54 rows)

COMMIT;
COMMIT
