BEGIN;
BEGIN
EXPLAIN (ANALYZE, BUFFERS)
select
	c_custkey,
	c_name,
	sum(l_extendedprice * (1 - l_discount)) as revenue,
	c_acctbal,
	n_name,
	c_address,
	c_phone,
	c_comment
from
	customer,
	orders,
	lineitem,
	nation
where
	c_custkey = o_custkey
	and l_orderkey = o_orderkey
	and o_orderdate >= date '1995-01-01'
	and o_orderdate < cast(date '1995-01-01' + interval '3 month' as date)
	and l_returnflag = 'R'
	and c_nationkey = n_nationkey
group by
	c_custkey,
	c_name,
	c_acctbal,
	c_phone,
	n_name,
	c_address,
	c_comment
order by
	revenue desc
LIMIT 20;
                                                                                                QUERY PLAN                                                                                                 
-----------------------------------------------------------------------------------------------------------------------------------------------------------------------------------------------------------
 Limit  (cost=6925974.15..6925974.20 rows=20 width=175) (actual time=103418.752..103418.758 rows=20 loops=1)
   Buffers: shared hit=1124806 read=2969720 dirtied=807 written=16378
   ->  Sort  (cost=6925974.15..6930200.88 rows=1690693 width=175) (actual time=103418.748..103418.751 rows=20 loops=1)
         Sort Key: (sum((lineitem.l_extendedprice * (1::double precision - lineitem.l_discount))))
         Sort Method: top-N heapsort  Memory: 30kB
         Buffers: shared hit=1124806 read=2969720 dirtied=807 written=16378
         ->  HashAggregate  (cost=6864078.48..6880985.41 rows=1690693 width=175) (actual time=102381.682..103025.900 rows=1068102 loops=1)
               Group Key: customer.c_custkey, customer.c_name, customer.c_acctbal, customer.c_phone, nation.n_name, customer.c_address, customer.c_comment
               Buffers: shared hit=1124803 read=2969720 dirtied=807 written=16378
               ->  Hash Join  (cost=1037954.43..6821811.16 rows=1690693 width=175) (actual time=31195.880..97427.414 rows=2823504 loops=1)
                     Hash Cond: (customer.c_nationkey = nation.n_nationkey)
                     Buffers: shared hit=1124803 read=2969720 dirtied=807 written=16378
                     ->  Hash Join  (cost=1037952.87..6798562.57 rows=1690693 width=153) (actual time=31195.850..96379.739 rows=2823504 loops=1)
                           Hash Cond: (orders.o_custkey = customer.c_custkey)
                           Buffers: shared hit=1124802 read=2969720 dirtied=807 written=16378
                           ->  Hash Join  (cost=830866.87..6561889.44 rows=1690693 width=12) (actual time=26032.102..89189.650 rows=2823504 loops=1)
                                 Hash Cond: (lineitem.l_orderkey = orders.o_orderkey)
                                 Buffers: shared hit=1124800 read=2863886 dirtied=807 written=12450
                                 ->  Seq Scan on lineitem  (cost=0.00..5490861.90 rows=44650748 width=12) (actual time=0.027..51617.827 rows=44419194 loops=1)
                                       Filter: (l_returnflag = 'R'::bpchar)
                                       Rows Removed by Filter: 135580326
                                       Buffers: shared hit=960939 read=2261791 dirtied=186 written=192
                                 ->  Hash  (cost=809397.71..809397.71 rows=1717533 width=8) (actual time=26025.862..26025.862 rows=1685916 loops=1)
                                       Buckets: 2097152  Batches: 1  Memory Usage: 82241kB
                                       Buffers: shared hit=163861 read=602095 dirtied=621 written=12258
                                       ->  Bitmap Heap Scan on orders  (cost=17712.71..809397.71 rows=1717533 width=8) (actual time=85.966..25208.228 rows=1685916 loops=1)
                                             Recheck Cond: ((o_orderdate >= '1995-01-01'::date) AND (o_orderdate < '1995-04-01'::date))
                                             Rows Removed by Index Recheck: 43314084
                                             Heap Blocks: lossy=765922
                                             Buffers: shared hit=163861 read=602095 dirtied=621 written=12258
                                             ->  Bitmap Index Scan on orders_o_orderkey_o_orderdate_brin_idx  (cost=0.00..17283.33 rows=1717533 width=0) (actual time=85.355..85.355 rows=7659520 loops=1)
                                                   Index Cond: ((o_orderdate >= '1995-01-01'::date) AND (o_orderdate < '1995-04-01'::date))
                                                   Buffers: shared hit=8 read=26 written=2
                           ->  Hash  (cost=150836.00..150836.00 rows=4500000 width=145) (actual time=5140.570..5140.570 rows=4500000 loops=1)
                                 Buckets: 8388608  Batches: 1  Memory Usage: 860930kB
                                 Buffers: shared hit=2 read=105834 written=3928
                                 ->  Seq Scan on customer  (cost=0.00..150836.00 rows=4500000 width=145) (actual time=0.008..2492.560 rows=4500000 loops=1)
                                       Buffers: shared hit=2 read=105834 written=3928
                     ->  Hash  (cost=1.25..1.25 rows=25 width=30) (actual time=0.020..0.020 rows=25 loops=1)
                           Buckets: 1024  Batches: 1  Memory Usage: 10kB
                           Buffers: shared hit=1
                           ->  Seq Scan on nation  (cost=0.00..1.25 rows=25 width=30) (actual time=0.005..0.009 rows=25 loops=1)
                                 Buffers: shared hit=1
 Planning time: 4.736 ms
 Execution time: 103439.521 ms
(45 rows)

COMMIT;
COMMIT
