BEGIN;
BEGIN
EXPLAIN (ANALYZE, BUFFERS)
select
	l_shipmode,
	sum(case
		when o_orderpriority = '1-URGENT'
			or o_orderpriority = '2-HIGH'
			then 1
		else 0
	end) as high_line_count,
	sum(case
		when o_orderpriority <> '1-URGENT'
			and o_orderpriority <> '2-HIGH'
			then 1
		else 0
	end) as low_line_count
from
	orders,
	lineitem
where
	o_orderkey = l_orderkey
	and l_shipmode in ('FOB', 'TRUCK')
	and l_commitdate < l_receiptdate
	and l_shipdate < l_commitdate
	and l_receiptdate >= date '1996-01-01'
	and l_receiptdate < date '1996-01-01' + interval '1 year'
group by
	l_shipmode
order by
	l_shipmode;
                                                                                                                               QUERY PLAN                                                                                                                               
------------------------------------------------------------------------------------------------------------------------------------------------------------------------------------------------------------------------------------------------------------------------
 Sort  (cost=9529352.22..9529352.23 rows=1 width=27) (actual time=92450.763..92450.763 rows=2 loops=1)
   Sort Key: lineitem.l_shipmode
   Sort Method: quicksort  Memory: 25kB
   Buffers: shared hit=2129890 read=2110081 dirtied=1107 written=1009
   ->  HashAggregate  (cost=9529352.20..9529352.21 rows=1 width=27) (actual time=92450.724..92450.724 rows=2 loops=1)
         Group Key: lineitem.l_shipmode
         Buffers: shared hit=2129885 read=2110081 dirtied=1107 written=1009
         ->  Merge Join  (cost=7427179.91..9514099.48 rows=871584 width=27) (actual time=70914.782..91565.001 rows=936862 loops=1)
               Merge Cond: (orders.o_orderkey = lineitem.l_orderkey)
               Buffers: shared hit=2129885 read=2110081 dirtied=1107 written=1009
               ->  Index Scan using pk_orders on orders  (cost=0.56..1959901.01 rows=45584563 width=20) (actual time=0.007..15411.211 rows=44999997 loops=1)
                     Buffers: shared hit=314796 read=686636 dirtied=1107 written=986
               ->  Sort  (cost=7427179.32..7429358.28 rows=871584 width=15) (actual time=70914.757..71046.531 rows=936862 loops=1)
                     Sort Key: lineitem.l_orderkey
                     Sort Method: quicksort  Memory: 68492kB
                     Buffers: shared hit=1815089 read=1423445 written=23
                     ->  Seq Scan on lineitem  (cost=0.00..7341183.26 rows=871584 width=15) (actual time=0.136..70327.713 rows=936862 loops=1)
                           Filter: ((l_shipmode = ANY ('{FOB,TRUCK}'::bpchar[])) AND (l_commitdate < l_receiptdate) AND (l_shipdate < l_commitdate) AND (l_receiptdate >= '1996-01-01'::date) AND (l_receiptdate < '1997-01-01 00:00:00'::timestamp without time zone))
                           Rows Removed by Filter: 179063899
                           Buffers: shared hit=1815085 read=1423445 written=23
 Planning time: 3.380 ms
 Execution time: 92455.264 ms
(22 rows)

COMMIT;
COMMIT
