BEGIN;
BEGIN
EXPLAIN (ANALYZE, BUFFERS)
select
	l_orderkey,
	sum(l_extendedprice * (1 - l_discount)) as revenue,
	o_orderdate,
	o_shippriority
from
	customer,
	orders,
	lineitem
where
	c_mktsegment = 'HOUSEHOLD'
	and c_custkey = o_custkey
	and l_orderkey = o_orderkey
	and o_orderdate < date '1995-03-23'
	and l_shipdate > date '1995-03-23'
group by
	l_orderkey,
	o_orderdate,
	o_shippriority
order by
	revenue desc,
	o_orderdate
LIMIT 10;
                                                                                               QUERY PLAN                                                                                               
--------------------------------------------------------------------------------------------------------------------------------------------------------------------------------------------------------
 Limit  (cost=7966602.14..7966602.16 rows=10 width=20) (actual time=124171.648..124171.652 rows=10 loops=1)
   Buffers: shared hit=1187908 read=2890210 written=17693
   ->  Sort  (cost=7966602.14..7990205.35 rows=9441283 width=20) (actual time=124171.645..124171.647 rows=10 loops=1)
         Sort Key: (sum((lineitem.l_extendedprice * (1::double precision - lineitem.l_discount)))), orders.o_orderdate
         Sort Method: top-N heapsort  Memory: 25kB
         Buffers: shared hit=1187908 read=2890210 written=17693
         ->  HashAggregate  (cost=7668166.58..7762579.41 rows=9441283 width=20) (actual time=123932.801..124099.308 rows=341176 loops=1)
               Group Key: lineitem.l_orderkey, orders.o_orderdate, orders.o_shippriority
               Buffers: shared hit=1187902 read=2890210 written=17693
               ->  Hash Join  (cost=2290781.24..7526547.33 rows=9441283 width=20) (actual time=34266.284..122970.156 rows=900983 loops=1)
                     Hash Cond: (lineitem.l_orderkey = orders.o_orderkey)
                     Buffers: shared hit=1187902 read=2890210 written=17693
                     ->  Bitmap Heap Scan on lineitem  (cost=750167.24..5165962.53 rows=96741063 width=12) (actual time=388.105..70730.558 rows=96537715 loops=1)
                           Recheck Cond: (l_shipdate > '1995-03-23'::date)
                           Rows Removed by Index Recheck: 83641121
                           Heap Blocks: lossy=3206532
                           Buffers: shared hit=1185254 read=2021419 written=8379
                           ->  Bitmap Index Scan on lineitem_l_shipdate_l_suppkey_brin_idx  (cost=0.00..725981.97 rows=96741063 width=0) (actual time=385.611..385.611 rows=32066560 loops=1)
                                 Index Cond: (l_shipdate > '1995-03-23'::date)
                                 Buffers: shared hit=37 read=104
                     ->  Hash  (cost=1485553.49..1485553.49 rows=4404841 width=12) (actual time=33824.258..33824.258 rows=4406660 loops=1)
                           Buckets: 8388608  Batches: 1  Memory Usage: 254885kB
                           Buffers: shared hit=2648 read=868791 written=9314
                           ->  Hash Join  (cost=320368.81..1485553.49 rows=4404841 width=12) (actual time=2150.927..31631.147 rows=4406660 loops=1)
                                 Hash Cond: (orders.o_custkey = customer.c_custkey)
                                 Buffers: shared hit=2648 read=868791 written=9314
                                 ->  Bitmap Heap Scan on orders  (cost=171329.24..1209616.53 rows=22093063 width=16) (actual time=84.706..18635.795 rows=22036076 loops=1)
                                       Recheck Cond: (o_orderdate < '1995-03-23'::date)
                                       Rows Removed by Index Recheck: 23008924
                                       Heap Blocks: lossy=762124
                                       Buffers: shared hit=2646 read=759512 written=9314
                                       ->  Bitmap Index Scan on orders_o_orderkey_o_orderdate_brin_idx  (cost=0.00..165805.97 rows=22093063 width=0) (actual time=84.189..84.189 rows=7622400 loops=1)
                                             Index Cond: (o_orderdate < '1995-03-23'::date)
                                             Buffers: shared hit=9 read=25
                                 ->  Hash  (cost=137824.63..137824.63 rows=897195 width=4) (actual time=2059.404..2059.404 rows=900602 loops=1)
                                       Buckets: 1048576  Batches: 1  Memory Usage: 39854kB
                                       Buffers: shared hit=2 read=109279
                                       ->  Bitmap Heap Scan on customer  (cost=20773.69..137824.63 rows=897195 width=4) (actual time=261.884..1724.914 rows=900602 loops=1)
                                             Recheck Cond: (c_mktsegment = 'HOUSEHOLD'::bpchar)
                                             Heap Blocks: exact=105827
                                             Buffers: shared hit=2 read=109279
                                             ->  Bitmap Index Scan on customer_c_mktsegment_c_custkey_idx  (cost=0.00..20549.40 rows=897195 width=0) (actual time=223.856..223.856 rows=900602 loops=1)
                                                   Index Cond: (c_mktsegment = 'HOUSEHOLD'::bpchar)
                                                   Buffers: shared read=3454
 Planning time: 3.997 ms
 Execution time: 124247.441 ms
(46 rows)

COMMIT;
COMMIT
