BEGIN;
BEGIN
EXPLAIN (ANALYZE, BUFFERS)
select
	l_shipmode,
	sum(case
		when o_orderpriority = '1-URGENT'
			or o_orderpriority = '2-HIGH'
			then 1
		else 0
	end) as high_line_count,
	sum(case
		when o_orderpriority <> '1-URGENT'
			and o_orderpriority <> '2-HIGH'
			then 1
		else 0
	end) as low_line_count
from
	orders,
	lineitem
where
	o_orderkey = l_orderkey
	and l_shipmode in ('AIR', 'SHIP')
	and l_commitdate < l_receiptdate
	and l_shipdate < l_commitdate
	and l_receiptdate >= date '1996-01-01'
	and l_receiptdate < date '1996-01-01' + interval '1 year'
group by
	l_shipmode
order by
	l_shipmode;
                                                                                                                              QUERY PLAN                                                                                                                               
-----------------------------------------------------------------------------------------------------------------------------------------------------------------------------------------------------------------------------------------------------------------------
 Sort  (cost=9480588.57..9480588.57 rows=1 width=27) (actual time=96002.048..96002.048 rows=2 loops=1)
   Sort Key: lineitem.l_shipmode
   Sort Method: quicksort  Memory: 25kB
   Buffers: shared hit=906965 read=3327886 dirtied=3561 written=3783
   ->  HashAggregate  (cost=9480588.55..9480588.56 rows=1 width=27) (actual time=96002.014..96002.014 rows=2 loops=1)
         Group Key: lineitem.l_shipmode
         Buffers: shared hit=906960 read=3327886 dirtied=3561 written=3783
         ->  Merge Join  (cost=7391048.38..9465307.83 rows=873184 width=27) (actual time=74124.315..95118.340 rows=937669 loops=1)
               Merge Cond: (orders.o_orderkey = lineitem.l_orderkey)
               Buffers: shared hit=906960 read=3327886 dirtied=3561 written=3783
               ->  Index Scan using pk_orders on orders  (cost=0.56..1947779.24 rows=45359578 width=20) (actual time=0.008..15750.582 rows=45044966 loops=1)
                     Buffers: shared hit=388799 read=623527 dirtied=760 written=988
               ->  Sort  (cost=7391047.79..7393230.75 rows=873184 width=15) (actual time=74124.245..74260.366 rows=937669 loops=1)
                     Sort Key: lineitem.l_orderkey
                     Sort Method: quicksort  Memory: 68530kB
                     Buffers: shared hit=518161 read=2704359 dirtied=2801 written=2795
                     ->  Seq Scan on lineitem  (cost=0.00..7304882.32 rows=873184 width=15) (actual time=0.166..73486.709 rows=937669 loops=1)
                           Filter: ((l_shipmode = ANY ('{AIR,SHIP}'::bpchar[])) AND (l_commitdate < l_receiptdate) AND (l_shipdate < l_commitdate) AND (l_receiptdate >= '1996-01-01'::date) AND (l_receiptdate < '1997-01-01 00:00:00'::timestamp without time zone))
                           Rows Removed by Filter: 179241311
                           Buffers: shared hit=518157 read=2704359 dirtied=2801 written=2795
 Planning time: 3.003 ms
 Execution time: 96005.808 ms
(22 rows)

COMMIT;
COMMIT
