BEGIN;
BEGIN
EXPLAIN (ANALYZE, BUFFERS)
select
	n_name,
	sum(l_extendedprice * (1 - l_discount)) as revenue
from
	customer,
	orders,
	lineitem,
	supplier,
	nation,
	region
where
	c_custkey = o_custkey
	and l_orderkey = o_orderkey
	and l_suppkey = s_suppkey
	and c_nationkey = s_nationkey
	and s_nationkey = n_nationkey
	and n_regionkey = r_regionkey
	and r_name = 'AFRICA'
	and o_orderdate >= date '1995-01-01'
	and o_orderdate < date '1995-01-01' + interval '1 year'
group by
	n_name
order by
	revenue desc;
                                                                                                QUERY PLAN                                                                                                
----------------------------------------------------------------------------------------------------------------------------------------------------------------------------------------------------------
 Sort  (cost=7073188.23..7073188.30 rows=25 width=34) (actual time=52981.774..52981.775 rows=5 loops=1)
   Sort Key: (sum((lineitem.l_extendedprice * (1::double precision - lineitem.l_discount))))
   Sort Method: quicksort  Memory: 25kB
   Buffers: shared hit=6880677 read=1338618 dirtied=701 written=10933
   ->  HashAggregate  (cost=7073187.40..7073187.65 rows=25 width=34) (actual time=52981.727..52981.728 rows=5 loops=1)
         Group Key: nation.n_name
         Buffers: shared hit=6880674 read=1338618 dirtied=701 written=10933
         ->  Hash Join  (cost=313658.29..7070975.44 rows=221196 width=34) (actual time=7445.754..52707.781 rows=216515 loops=1)
               Hash Cond: ((lineitem.l_suppkey = supplier.s_suppkey) AND (customer.c_nationkey = supplier.s_nationkey))
               Buffers: shared hit=6880674 read=1338618 dirtied=701 written=10933
               ->  Nested Loop  (cost=299619.29..7013250.95 rows=5529805 width=46) (actual time=7223.090..50148.644 rows=5457380 loops=1)
                     Buffers: shared hit=6874285 read=1338465 dirtied=701 written=10924
                     ->  Hash Join  (cost=299618.72..1472618.38 rows=1381579 width=38) (actual time=7223.036..28175.625 rows=1364633 loops=1)
                           Hash Cond: (orders.o_custkey = customer.c_custkey)
                           Buffers: shared hit=952540 read=340337 dirtied=701 written=10288
                           ->  Bitmap Heap Scan on orders  (cost=186652.61..1319931.87 rows=6907894 width=8) (actual time=85.579..17168.428 rows=6828648 loops=1)
                                 Recheck Cond: (o_orderdate >= '1995-01-01'::date)
                                 Rows Removed by Index Recheck: 20495959
                                 Filter: (o_orderdate < '1996-01-01 00:00:00'::timestamp without time zone)
                                 Rows Removed by Filter: 17675393
                                 Heap Blocks: lossy=763644
                                 Buffers: shared hit=529298 read=234380 dirtied=701 written=92
                                 ->  Bitmap Index Scan on orders_o_orderkey_o_orderdate_brin_idx  (cost=0.00..184925.63 rows=24642351 width=0) (actual time=85.032..85.032 rows=7644160 loops=1)
                                       Index Cond: (o_orderdate >= '1995-01-01'::date)
                                       Buffers: shared hit=9 read=25
                           ->  Hash  (cost=101716.11..101716.11 rows=900000 width=38) (actual time=7133.879..7133.879 rows=899395 loops=1)
                                 Buckets: 1048576  Batches: 1  Memory Usage: 71431kB
                                 Buffers: shared hit=423242 read=105957 written=10196
                                 ->  Nested Loop  (cost=1895.14..101716.11 rows=900000 width=38) (actual time=12.208..6789.186 rows=899395 loops=1)
                                       Buffers: shared hit=423242 read=105957 written=10196
                                       ->  Nested Loop  (cost=0.14..13.95 rows=5 width=30) (actual time=0.032..0.082 rows=5 loops=1)
                                             Join Filter: (nation.n_regionkey = region.r_regionkey)
                                             Rows Removed by Join Filter: 20
                                             Buffers: shared hit=3
                                             ->  Index Scan using pk_nation on nation  (cost=0.14..12.51 rows=25 width=34) (actual time=0.009..0.026 rows=25 loops=1)
                                                   Buffers: shared hit=2
                                             ->  Materialize  (cost=0.00..1.07 rows=1 width=4) (actual time=0.001..0.001 rows=1 loops=25)
                                                   Buffers: shared hit=1
                                                   ->  Seq Scan on region  (cost=0.00..1.06 rows=1 width=4) (actual time=0.010..0.014 rows=1 loops=1)
                                                         Filter: (r_name = 'AFRICA'::bpchar)
                                                         Rows Removed by Filter: 4
                                                         Buffers: shared hit=1
                                       ->  Bitmap Heap Scan on customer  (cost=1895.00..18540.43 rows=180000 width=8) (actual time=11.450..1324.269 rows=179879 loops=5)
                                             Recheck Cond: (c_nationkey = nation.n_nationkey)
                                             Rows Removed by Index Recheck: 4320121
                                             Heap Blocks: lossy=529180
                                             Buffers: shared hit=423239 read=105957 written=10196
                                             ->  Bitmap Index Scan on customer_c_nationkey_c_custkey_brin_idx  (cost=0.00..1850.00 rows=180000 width=0) (actual time=11.375..11.375 rows=1058560 loops=5)
                                                   Index Cond: (c_nationkey = nation.n_nationkey)
                                                   Buffers: shared hit=13 read=3
                     ->  Index Scan using pk_lineitem on lineitem  (cost=0.57..3.58 rows=43 width=16) (actual time=0.013..0.015 rows=4 loops=1364633)
                           Index Cond: (l_orderkey = orders.o_orderkey)
                           Buffers: shared hit=5921745 read=998128 written=636
               ->  Hash  (cost=9539.00..9539.00 rows=300000 width=8) (actual time=220.394..220.394 rows=300000 loops=1)
                     Buckets: 524288  Batches: 1  Memory Usage: 15815kB
                     Buffers: shared hit=6386 read=153 written=9
                     ->  Seq Scan on supplier  (cost=0.00..9539.00 rows=300000 width=8) (actual time=0.009..120.834 rows=300000 loops=1)
                           Buffers: shared hit=6386 read=153 written=9
 Planning time: 8.869 ms
 Execution time: 52982.997 ms
(60 rows)

COMMIT;
COMMIT
