BEGIN;
BEGIN
EXPLAIN
select
	l_shipmode,
	sum(case
		when o_orderpriority = '1-URGENT'
			or o_orderpriority = '2-HIGH'
			then 1
		else 0
	end) as high_line_count,
	sum(case
		when o_orderpriority <> '1-URGENT'
			and o_orderpriority <> '2-HIGH'
			then 1
		else 0
	end) as low_line_count
from
	orders,
	lineitem
where
	o_orderkey = l_orderkey
	and l_shipmode in ('MAIL', 'TRUCK')
	and l_commitdate < l_receiptdate
	and l_shipdate < l_commitdate
	and l_receiptdate >= date '1996-01-01'
	and l_receiptdate < date '1996-01-01' + interval '1 year'
group by
	l_shipmode
order by
	l_shipmode;
                                                                                                                               QUERY PLAN                                                                                                                                
-------------------------------------------------------------------------------------------------------------------------------------------------------------------------------------------------------------------------------------------------------------------------
 Sort  (cost=9410087.51..9410087.51 rows=1 width=27)
   Sort Key: lineitem.l_shipmode
   ->  HashAggregate  (cost=9410087.49..9410087.50 rows=1 width=27)
         Group Key: lineitem.l_shipmode
         ->  Merge Join  (cost=7338772.82..9395062.08 rows=858595 width=27)
               Merge Cond: (orders.o_orderkey = lineitem.l_orderkey)
               ->  Index Scan using pk_orders on orders  (cost=0.56..1930814.97 rows=45044694 width=20)
               ->  Sort  (cost=7338772.23..7340918.71 rows=858595 width=15)
                     Sort Key: lineitem.l_orderkey
                     ->  Seq Scan on lineitem  (cost=0.00..7254150.74 rows=858595 width=15)
                           Filter: ((l_shipmode = ANY ('{MAIL,TRUCK}'::bpchar[])) AND (l_commitdate < l_receiptdate) AND (l_shipdate < l_commitdate) AND (l_receiptdate >= '1996-01-01'::date) AND (l_receiptdate < '1997-01-01 00:00:00'::timestamp without time zone))
 Planning time: 1.910 ms
(12 rows)

COMMIT;
COMMIT
