BEGIN;
BEGIN
EXPLAIN (ANALYZE, BUFFERS)
select
	c_custkey,
	c_name,
	sum(l_extendedprice * (1 - l_discount)) as revenue,
	c_acctbal,
	n_name,
	c_address,
	c_phone,
	c_comment
from
	customer,
	orders,
	lineitem,
	nation
where
	c_custkey = o_custkey
	and l_orderkey = o_orderkey
	and o_orderdate >= date '1994-09-01'
	and o_orderdate < cast(date '1994-09-01' + interval '3 month' as date)
	and l_returnflag = 'R'
	and c_nationkey = n_nationkey
group by
	c_custkey,
	c_name,
	c_acctbal,
	c_phone,
	n_name,
	c_address,
	c_comment
order by
	revenue desc
LIMIT 20;
                                                                                                QUERY PLAN                                                                                                 
-----------------------------------------------------------------------------------------------------------------------------------------------------------------------------------------------------------
 Limit  (cost=6878767.89..6878767.94 rows=20 width=175) (actual time=102287.341..102287.346 rows=20 loops=1)
   Buffers: shared hit=353422 read=3713193 dirtied=759 written=25674
   ->  Sort  (cost=6878767.89..6882962.17 rows=1677712 width=175) (actual time=102287.339..102287.343 rows=20 loops=1)
         Sort Key: (sum((lineitem.l_extendedprice * (1::double precision - lineitem.l_discount))))
         Sort Method: top-N heapsort  Memory: 30kB
         Buffers: shared hit=353422 read=3713193 dirtied=759 written=25674
         ->  HashAggregate  (cost=6817347.45..6834124.57 rows=1677712 width=175) (actual time=101096.023..101872.267 rows=1139362 loops=1)
               Group Key: customer.c_custkey, customer.c_name, customer.c_acctbal, customer.c_phone, nation.n_name, customer.c_address, customer.c_comment
               Buffers: shared hit=353419 read=3713193 dirtied=759 written=25674
               ->  Hash Join  (cost=1032144.07..6775404.65 rows=1677712 width=175) (actual time=26277.602..95060.642 rows=3405032 loops=1)
                     Hash Cond: (customer.c_nationkey = nation.n_nationkey)
                     Buffers: shared hit=353419 read=3713193 dirtied=759 written=25674
                     ->  Hash Join  (cost=1032142.51..6752334.55 rows=1677712 width=153) (actual time=26277.573..93793.480 rows=3405032 loops=1)
                           Hash Cond: (orders.o_custkey = customer.c_custkey)
                           Buffers: shared hit=353418 read=3713193 dirtied=759 written=25674
                           ->  Hash Join  (cost=825056.51..6515888.59 rows=1677712 width=12) (actual time=22134.850..87421.792 rows=3405032 loops=1)
                                 Hash Cond: (lineitem.l_orderkey = orders.o_orderkey)
                                 Buffers: shared hit=247606 read=3713169 dirtied=759 written=25674
                                 ->  Seq Scan on lineitem  (cost=0.00..5452366.41 rows=44337709 width=12) (actual time=0.012..53903.803 rows=44418638 loops=1)
                                       Filter: (l_returnflag = 'R'::bpchar)
                                       Rows Removed by Filter: 135580788
                                       Buffers: shared hit=108049 read=3092087 written=3
                                 ->  Hash  (cost=803750.71..803750.71 rows=1704464 width=8) (actual time=22128.674..22128.674 rows=1701910 loops=1)
                                       Buckets: 2097152  Batches: 1  Memory Usage: 82865kB
                                       Buffers: shared hit=139557 read=621082 dirtied=759 written=25671
                                       ->  Bitmap Heap Scan on orders  (cost=17578.75..803750.71 rows=1704464 width=8) (actual time=84.984..21447.997 rows=1701910 loops=1)
                                             Recheck Cond: ((o_orderdate >= '1994-09-01'::date) AND (o_orderdate < '1994-12-01'::date))
                                             Rows Removed by Index Recheck: 43298090
                                             Heap Blocks: lossy=760605
                                             Buffers: shared hit=139557 read=621082 dirtied=759 written=25671
                                             ->  Bitmap Index Scan on orders_o_orderkey_o_orderdate_brin_idx  (cost=0.00..17152.64 rows=1704464 width=0) (actual time=84.458..84.458 rows=7607040 loops=1)
                                                   Index Cond: ((o_orderdate >= '1994-09-01'::date) AND (o_orderdate < '1994-12-01'::date))
                                                   Buffers: shared hit=8 read=26
                           ->  Hash  (cost=150836.00..150836.00 rows=4500000 width=145) (actual time=4107.574..4107.574 rows=4500000 loops=1)
                                 Buckets: 8388608  Batches: 1  Memory Usage: 860930kB
                                 Buffers: shared hit=105812 read=24
                                 ->  Seq Scan on customer  (cost=0.00..150836.00 rows=4500000 width=145) (actual time=0.010..1583.026 rows=4500000 loops=1)
                                       Buffers: shared hit=105812 read=24
                     ->  Hash  (cost=1.25..1.25 rows=25 width=30) (actual time=0.018..0.018 rows=25 loops=1)
                           Buckets: 1024  Batches: 1  Memory Usage: 10kB
                           Buffers: shared hit=1
                           ->  Seq Scan on nation  (cost=0.00..1.25 rows=25 width=30) (actual time=0.005..0.011 rows=25 loops=1)
                                 Buffers: shared hit=1
 Planning time: 3.422 ms
 Execution time: 102323.156 ms
(45 rows)

COMMIT;
COMMIT
