BEGIN;
BEGIN
EXPLAIN (ANALYZE, BUFFERS)
select
	s_name,
	count(*) as numwait
from
	supplier,
	lineitem l1,
	orders,
	nation
where
	s_suppkey = l1.l_suppkey
	and o_orderkey = l1.l_orderkey
	and o_orderstatus = 'F'
	and l1.l_receiptdate > l1.l_commitdate
	and exists (
		select
			*
		from
			lineitem l2
		where
			l2.l_orderkey = l1.l_orderkey
			and l2.l_suppkey <> l1.l_suppkey
	)
	and not exists (
		select
			*
		from
			lineitem l3
		where
			l3.l_orderkey = l1.l_orderkey
			and l3.l_suppkey <> l1.l_suppkey
			and l3.l_receiptdate > l3.l_commitdate
	)
	and s_nationkey = n_nationkey
	and n_name = 'SAUDI ARABIA'
group by
	s_name
order by
	numwait desc,
	s_name
LIMIT 100;
                                                                                                   QUERY PLAN                                                                                                   
----------------------------------------------------------------------------------------------------------------------------------------------------------------------------------------------------------------
 Limit  (cost=10121485.40..10121485.41 rows=1 width=26) (actual time=133768.600..133768.622 rows=100 loops=1)
   Buffers: shared hit=44500158 read=3042311 written=145
   ->  Sort  (cost=10121485.40..10121485.41 rows=1 width=26) (actual time=133768.598..133768.605 rows=100 loops=1)
         Sort Key: (count(*)), supplier.s_name
         Sort Method: top-N heapsort  Memory: 32kB
         Buffers: shared hit=44500158 read=3042311 written=145
         ->  HashAggregate  (cost=10121485.38..10121485.39 rows=1 width=26) (actual time=133761.728..133765.992 rows=11957 loops=1)
               Group Key: supplier.s_name
               Buffers: shared hit=44500150 read=3042311 written=145
               ->  Nested Loop Anti Join  (cost=7193.83..10121485.38 rows=1 width=26) (actual time=117.208..133579.560 rows=118697 loops=1)
                     Buffers: shared hit=44500150 read=3042311 written=145
                     ->  Nested Loop Semi Join  (cost=7193.26..10121482.24 rows=1 width=34) (actual time=116.804..124679.260 rows=2112093 loops=1)
                           Join Filter: (orders.o_orderkey = l2.l_orderkey)
                           Buffers: shared hit=33903132 read=3034007 written=143
                           ->  Nested Loop  (cost=7192.69..7373266.02 rows=1183866 width=38) (actual time=116.731..109768.572 rows=2192278 loops=1)
                                 Buffers: shared hit=23303693 read=2655508 written=94
                                 ->  Hash Join  (cost=7192.13..5777211.14 rows=2431202 width=34) (actual time=116.660..81640.894 rows=4537949 loops=1)
                                       Hash Cond: (l1.l_suppkey = supplier.s_suppkey)
                                       Buffers: shared hit=1129746 read=2115329 written=5
                                       ->  Seq Scan on lineitem l1  (cost=0.00..5517781.81 rows=60780048 width=8) (actual time=0.012..56595.085 rows=113799809 loops=1)
                                             Filter: (l_receiptdate > l_commitdate)
                                             Rows Removed by Filter: 66200952
                                             Buffers: shared hit=1123202 read=2115328 written=5
                                       ->  Hash  (cost=7042.13..7042.13 rows=12000 width=30) (actual time=116.559..116.559 rows=11957 loops=1)
                                             Buckets: 16384  Batches: 1  Memory Usage: 876kB
                                             Buffers: shared hit=6541 read=1
                                             ->  Nested Loop  (cost=105.00..7042.13 rows=12000 width=30) (actual time=0.722..112.740 rows=11957 loops=1)
                                                   Buffers: shared hit=6541 read=1
                                                   ->  Seq Scan on nation  (cost=0.00..1.31 rows=1 width=4) (actual time=0.008..0.011 rows=1 loops=1)
                                                         Filter: (n_name = 'SAUDI ARABIA'::bpchar)
                                                         Rows Removed by Filter: 24
                                                         Buffers: shared hit=1
                                                   ->  Bitmap Heap Scan on supplier  (cost=105.00..6920.82 rows=12000 width=34) (actual time=0.708..110.703 rows=11957 loops=1)
                                                         Recheck Cond: (s_nationkey = nation.n_nationkey)
                                                         Rows Removed by Index Recheck: 288043
                                                         Heap Blocks: lossy=6539
                                                         Buffers: shared hit=6540 read=1
                                                         ->  Bitmap Index Scan on supplier_s_nationkey_s_suppkey_brin_idx  (cost=0.00..102.00 rows=12000 width=0) (actual time=0.667..0.667 rows=66560 loops=1)
                                                               Index Cond: (s_nationkey = nation.n_nationkey)
                                                               Buffers: shared hit=1 read=1
                                 ->  Index Scan using pk_orders on orders  (cost=0.56..0.65 rows=1 width=4) (actual time=0.005..0.006 rows=0 loops=4537949)
                                       Index Cond: (o_orderkey = l1.l_orderkey)
                                       Filter: (o_orderstatus = 'F'::bpchar)
                                       Rows Removed by Filter: 1
                                       Buffers: shared hit=22173947 read=540179 written=89
                           ->  Index Scan using pk_lineitem on lineitem l2  (cost=0.57..1.78 rows=43 width=8) (actual time=0.006..0.006 rows=1 loops=2192278)
                                 Index Cond: (l_orderkey = l1.l_orderkey)
                                 Filter: (l_suppkey <> l1.l_suppkey)
                                 Rows Removed by Filter: 0
                                 Buffers: shared hit=10599439 read=378499 written=49
                     ->  Index Scan using pk_lineitem on lineitem l3  (cost=0.57..1.78 rows=14 width=8) (actual time=0.004..0.004 rows=1 loops=2112093)
                           Index Cond: (l_orderkey = l1.l_orderkey)
                           Filter: ((l_receiptdate > l_commitdate) AND (l_suppkey <> l1.l_suppkey))
                           Rows Removed by Filter: 1
                           Buffers: shared hit=10597018 read=8304 written=2
 Planning time: 9.466 ms
 Execution time: 133769.046 ms
(57 rows)

COMMIT;
COMMIT
