BEGIN;
BEGIN
EXPLAIN (ANALYZE, BUFFERS)
select
	l_orderkey,
	sum(l_extendedprice * (1 - l_discount)) as revenue,
	o_orderdate,
	o_shippriority
from
	customer,
	orders,
	lineitem
where
	c_mktsegment = 'BUILDING'
	and c_custkey = o_custkey
	and l_orderkey = o_orderkey
	and o_orderdate < date '1995-03-04'
	and l_shipdate > date '1995-03-04'
group by
	l_orderkey,
	o_orderdate,
	o_shippriority
order by
	revenue desc,
	o_orderdate
LIMIT 10;
                                                                                               QUERY PLAN                                                                                               
--------------------------------------------------------------------------------------------------------------------------------------------------------------------------------------------------------
 Limit  (cost=7989345.54..7989345.56 rows=10 width=20) (actual time=101629.585..101629.589 rows=10 loops=1)
   Buffers: shared hit=3154272 read=919893 written=6486
   ->  Sort  (cost=7989345.54..8012973.93 rows=9451357 width=20) (actual time=101629.582..101629.583 rows=10 loops=1)
         Sort Key: (sum((lineitem.l_extendedprice * (1::double precision - lineitem.l_discount)))), orders.o_orderdate
         Sort Method: top-N heapsort  Memory: 25kB
         Buffers: shared hit=3154272 read=919893 written=6486
         ->  HashAggregate  (cost=7690591.54..7785105.11 rows=9451357 width=20) (actual time=101400.145..101565.605 rows=340020 loops=1)
               Group Key: lineitem.l_orderkey, orders.o_orderdate, orders.o_shippriority
               Buffers: shared hit=3154266 read=919893 written=6486
               ->  Hash Join  (cost=2289754.02..7548821.19 rows=9451357 width=20) (actual time=28618.027..100550.726 rows=900217 loops=1)
                     Hash Cond: (lineitem.l_orderkey = orders.o_orderkey)
                     Buffers: shared hit=3154266 read=919893 written=6486
                     ->  Bitmap Heap Scan on lineitem  (cost=760396.59..5189492.84 rows=98060980 width=12) (actual time=381.891..55684.932 rows=97964434 loops=1)
                           Recheck Cond: (l_shipdate > '1995-03-04'::date)
                           Rows Removed by Index Recheck: 82214986
                           Heap Blocks: lossy=3203334
                           Buffers: shared hit=3051410 read=152065 written=5273
                           ->  Bitmap Index Scan on lineitem_l_shipdate_l_suppkey_brin_idx  (cost=0.00..735881.35 rows=98060980 width=0) (actual time=379.378..379.378 rows=32034560 loops=1)
                                 Index Cond: (l_shipdate > '1995-03-04'::date)
                                 Buffers: shared hit=43 read=98
                     ->  Hash  (cost=1475034.30..1475034.30 rows=4345850 width=12) (actual time=28212.665..28212.665 rows=4342717 loops=1)
                           Buckets: 8388608  Batches: 1  Memory Usage: 252138kB
                           Buffers: shared hit=102856 read=767828 written=1213
                           ->  Hash Join  (cost=317534.67..1475034.30 rows=4345850 width=12) (actual time=2104.935..26660.476 rows=4342717 loops=1)
                                 Hash Cond: (orders.o_custkey = customer.c_custkey)
                                 Buffers: shared hit=102856 read=767828 written=1213
                                 ->  Bitmap Heap Scan on orders  (cost=168307.87..1200961.97 rows=21703208 width=16) (actual time=85.198..16524.774 rows=21678863 loops=1)
                                       Recheck Cond: (o_orderdate < '1995-03-04'::date)
                                       Rows Removed by Index Recheck: 23366137
                                       Heap Blocks: lossy=761364
                                       Buffers: shared hit=102854 read=658544 written=1213
                                       ->  Bitmap Index Scan on orders_o_orderkey_o_orderdate_brin_idx  (cost=0.00..162882.06 rows=21703208 width=0) (actual time=84.685..84.685 rows=7614720 loops=1)
                                             Index Cond: (o_orderdate < '1995-03-04'::date)
                                             Buffers: shared hit=9 read=25
                                 ->  Hash  (cost=137963.30..137963.30 rows=901080 width=4) (actual time=2016.330..2016.330 rows=900509 loops=1)
                                       Buckets: 1048576  Batches: 1  Memory Usage: 39851kB
                                       Buffers: shared hit=2 read=109284
                                       ->  Bitmap Heap Scan on customer  (cost=20863.80..137963.30 rows=901080 width=4) (actual time=236.335..1744.405 rows=900509 loops=1)
                                             Recheck Cond: (c_mktsegment = 'BUILDING'::bpchar)
                                             Heap Blocks: exact=105833
                                             Buffers: shared hit=2 read=109284
                                             ->  Bitmap Index Scan on customer_c_mktsegment_c_custkey_idx  (cost=0.00..20638.53 rows=901080 width=0) (actual time=205.014..205.014 rows=900509 loops=1)
                                                   Index Cond: (c_mktsegment = 'BUILDING'::bpchar)
                                                   Buffers: shared read=3453
 Planning time: 4.158 ms
 Execution time: 101682.542 ms
(46 rows)

COMMIT;
COMMIT
