BEGIN;
BEGIN
EXPLAIN (ANALYZE, BUFFERS)
select
	c_custkey,
	c_name,
	sum(l_extendedprice * (1 - l_discount)) as revenue,
	c_acctbal,
	n_name,
	c_address,
	c_phone,
	c_comment
from
	customer,
	orders,
	lineitem,
	nation
where
	c_custkey = o_custkey
	and l_orderkey = o_orderkey
	and o_orderdate >= date '1993-10-01'
	and o_orderdate < cast(date '1993-10-01' + interval '3 month' as date)
	and l_returnflag = 'R'
	and c_nationkey = n_nationkey
group by
	c_custkey,
	c_name,
	c_acctbal,
	c_phone,
	n_name,
	c_address,
	c_comment
order by
	revenue desc
LIMIT 20;
                                                                                                QUERY PLAN                                                                                                 
-----------------------------------------------------------------------------------------------------------------------------------------------------------------------------------------------------------
 Limit  (cost=6952147.39..6952147.44 rows=20 width=175) (actual time=97726.915..97726.921 rows=20 loops=1)
   Buffers: shared hit=686387 read=3423788 dirtied=2693 written=2739
   ->  Sort  (cost=6952147.39..6956387.81 rows=1696167 width=175) (actual time=97726.913..97726.916 rows=20 loops=1)
         Sort Key: (sum((lineitem.l_extendedprice * (1::double precision - lineitem.l_discount))))
         Sort Method: top-N heapsort  Memory: 30kB
         Buffers: shared hit=686387 read=3423788 dirtied=2693 written=2739
         ->  HashAggregate  (cost=6890051.32..6907012.99 rows=1696167 width=175) (actual time=96625.774..97305.978 rows=1149315 loops=1)
               Group Key: customer.c_custkey, customer.c_name, customer.c_acctbal, customer.c_phone, nation.n_name, customer.c_address, customer.c_comment
               Buffers: shared hit=686384 read=3423788 dirtied=2693 written=2739
               ->  Hash Join  (cost=1041208.02..6847647.15 rows=1696167 width=175) (actual time=22815.177..90479.567 rows=3437849 loops=1)
                     Hash Cond: (customer.c_nationkey = nation.n_nationkey)
                     Buffers: shared hit=686384 read=3423788 dirtied=2693 written=2739
                     ->  Hash Join  (cost=1041206.46..6824323.29 rows=1696167 width=153) (actual time=22815.143..89234.042 rows=3437849 loops=1)
                           Hash Cond: (orders.o_custkey = customer.c_custkey)
                           Buffers: shared hit=686383 read=3423788 dirtied=2693 written=2739
                           ->  Hash Join  (cost=834120.46..6587554.37 rows=1696167 width=12) (actual time=18639.527..82865.040 rows=3437849 loops=1)
                                 Hash Cond: (lineitem.l_orderkey = orders.o_orderkey)
                                 Buffers: shared hit=583818 read=3420517 dirtied=2693 written=2739
                                 ->  Seq Scan on lineitem  (cost=0.00..5512345.01 rows=44825445 width=12) (actual time=0.037..52857.939 rows=44463981 loops=1)
                                       Filter: (l_returnflag = 'R'::bpchar)
                                       Rows Removed by Filter: 135717134
                                       Buffers: shared hit=455650 read=2779689 dirtied=2693 written=2688
                                 ->  Hash  (cost=812580.57..812580.57 rows=1723191 width=8) (actual time=18630.083..18630.083 rows=1719783 loops=1)
                                       Buckets: 2097152  Batches: 1  Memory Usage: 83564kB
                                       Buffers: shared hit=128168 read=640828 written=51
                                       ->  Bitmap Heap Scan on orders  (cost=17770.71..812580.57 rows=1723191 width=8) (actual time=86.401..17874.292 rows=1719783 loops=1)
                                             Recheck Cond: ((o_orderdate >= '1993-10-01'::date) AND (o_orderdate < '1994-01-01'::date))
                                             Rows Removed by Index Recheck: 43325217
                                             Heap Blocks: lossy=768962
                                             Buffers: shared hit=128168 read=640828 written=51
                                             ->  Bitmap Index Scan on orders_o_orderkey_o_orderdate_brin_idx  (cost=0.00..17339.91 rows=1723191 width=0) (actual time=85.860..85.860 rows=7690240 loops=1)
                                                   Index Cond: ((o_orderdate >= '1993-10-01'::date) AND (o_orderdate < '1994-01-01'::date))
                                                   Buffers: shared hit=9 read=25
                           ->  Hash  (cost=150836.00..150836.00 rows=4500000 width=145) (actual time=4133.974..4133.974 rows=4500000 loops=1)
                                 Buckets: 8388608  Batches: 1  Memory Usage: 860930kB
                                 Buffers: shared hit=102565 read=3271
                                 ->  Seq Scan on customer  (cost=0.00..150836.00 rows=4500000 width=145) (actual time=0.014..1616.032 rows=4500000 loops=1)
                                       Buffers: shared hit=102565 read=3271
                     ->  Hash  (cost=1.25..1.25 rows=25 width=30) (actual time=0.019..0.019 rows=25 loops=1)
                           Buckets: 1024  Batches: 1  Memory Usage: 10kB
                           Buffers: shared hit=1
                           ->  Seq Scan on nation  (cost=0.00..1.25 rows=25 width=30) (actual time=0.005..0.008 rows=25 loops=1)
                                 Buffers: shared hit=1
 Planning time: 7.259 ms
 Execution time: 97770.290 ms
(45 rows)

COMMIT;
COMMIT
