BEGIN;
BEGIN
EXPLAIN (ANALYZE, BUFFERS)
select
	l_shipmode,
	sum(case
		when o_orderpriority = '1-URGENT'
			or o_orderpriority = '2-HIGH'
			then 1
		else 0
	end) as high_line_count,
	sum(case
		when o_orderpriority <> '1-URGENT'
			and o_orderpriority <> '2-HIGH'
			then 1
		else 0
	end) as low_line_count
from
	orders,
	lineitem
where
	o_orderkey = l_orderkey
	and l_shipmode in ('MAIL', 'TRUCK')
	and l_commitdate < l_receiptdate
	and l_shipdate < l_commitdate
	and l_receiptdate >= date '1996-01-01'
	and l_receiptdate < date '1996-01-01' + interval '1 year'
group by
	l_shipmode
order by
	l_shipmode;
                                                                                                                               QUERY PLAN                                                                                                                                
-------------------------------------------------------------------------------------------------------------------------------------------------------------------------------------------------------------------------------------------------------------------------
 Sort  (cost=9459579.43..9459579.44 rows=1 width=27) (actual time=96644.755..96644.756 rows=2 loops=1)
   Sort Key: lineitem.l_shipmode
   Sort Method: quicksort  Memory: 25kB
   Buffers: shared hit=901959 read=3302053 dirtied=6244 written=6395
   ->  HashAggregate  (cost=9459579.41..9459579.42 rows=1 width=27) (actual time=96644.718..96644.719 rows=2 loops=1)
         Group Key: lineitem.l_shipmode
         Buffers: shared hit=901954 read=3302053 dirtied=6244 written=6395
         ->  Merge Join  (cost=7375443.31..9444479.00 rows=862881 width=27) (actual time=74414.462..95765.558 rows=938893 loops=1)
               Merge Cond: (orders.o_orderkey = lineitem.l_orderkey)
               Buffers: shared hit=901954 read=3302053 dirtied=6244 written=6395
               ->  Index Scan using pk_orders on orders  (cost=0.56..1942934.86 rows=45269620 width=20) (actual time=0.008..16155.428 rows=45044997 loops=1)
                     Buffers: shared hit=382182 read=605708 dirtied=370 written=3496
               ->  Sort  (cost=7375442.72..7377599.92 rows=862881 width=15) (actual time=74414.425..74541.092 rows=938893 loops=1)
                     Sort Key: lineitem.l_orderkey
                     Sort Method: quicksort  Memory: 68587kB
                     Buffers: shared hit=519772 read=2696345 dirtied=5874 written=2899
                     ->  Seq Scan on lineitem  (cost=0.00..7290367.82 rows=862881 width=15) (actual time=0.095..73762.323 rows=938893 loops=1)
                           Filter: ((l_shipmode = ANY ('{MAIL,TRUCK}'::bpchar[])) AND (l_commitdate < l_receiptdate) AND (l_shipdate < l_commitdate) AND (l_receiptdate >= '1996-01-01'::date) AND (l_receiptdate < '1997-01-01 00:00:00'::timestamp without time zone))
                           Rows Removed by Filter: 179239761
                           Buffers: shared hit=519768 read=2696345 dirtied=5874 written=2899
 Planning time: 2.928 ms
 Execution time: 96649.766 ms
(22 rows)

COMMIT;
COMMIT
