BEGIN;
BEGIN
EXPLAIN (ANALYZE, BUFFERS)
select
	l_orderkey,
	sum(l_extendedprice * (1 - l_discount)) as revenue,
	o_orderdate,
	o_shippriority
from
	customer,
	orders,
	lineitem
where
	c_mktsegment = 'AUTOMOBILE'
	and c_custkey = o_custkey
	and l_orderkey = o_orderkey
	and o_orderdate < date '1995-03-08'
	and l_shipdate > date '1995-03-08'
group by
	l_orderkey,
	o_orderdate,
	o_shippriority
order by
	revenue desc,
	o_orderdate
LIMIT 10;
                                                                                               QUERY PLAN                                                                                               
--------------------------------------------------------------------------------------------------------------------------------------------------------------------------------------------------------
 Limit  (cost=8070068.60..8070068.62 rows=10 width=20) (actual time=107429.195..107429.197 rows=10 loops=1)
   Buffers: shared hit=697595 read=3420122 written=1558
   ->  Sort  (cost=8070068.60..8093956.54 rows=9555178 width=20) (actual time=107429.192..107429.193 rows=10 loops=1)
         Sort Key: (sum((lineitem.l_extendedprice * (1::double precision - lineitem.l_discount)))), orders.o_orderdate
         Sort Method: top-N heapsort  Memory: 25kB
         Buffers: shared hit=697595 read=3420122 written=1558
         ->  HashAggregate  (cost=7768032.86..7863584.64 rows=9555178 width=20) (actual time=107213.407..107364.698 rows=340030 loops=1)
               Group Key: lineitem.l_orderkey, orders.o_orderdate, orders.o_shippriority
               Buffers: shared hit=697589 read=3420122 written=1558
               ->  Hash Join  (cost=2313225.15..7624705.19 rows=9555178 width=20) (actual time=27644.358..106335.864 rows=897439 loops=1)
                     Hash Cond: (lineitem.l_orderkey = orders.o_orderkey)
                     Buffers: shared hit=697589 read=3420122 written=1558
                     ->  Bitmap Heap Scan on lineitem  (cost=766665.82..5241069.74 rows=98869913 width=12) (actual time=402.511..63366.697 rows=97562044 loops=1)
                           Recheck Cond: (l_shipdate > '1995-03-08'::date)
                           Rows Removed by Index Recheck: 82438717
                           Heap Blocks: lossy=3238530
                           Buffers: shared hit=381208 read=2857463 written=1277
                           ->  Bitmap Index Scan on lineitem_l_shipdate_l_suppkey_brin_idx  (cost=0.00..741948.35 rows=98869913 width=0) (actual time=399.930..399.930 rows=32386560 loops=1)
                                 Index Cond: (l_shipdate > '1995-03-08'::date)
                                 Buffers: shared hit=37 read=104
                     ->  Hash  (cost=1491490.92..1491490.92 rows=4405472 width=12) (actual time=27206.611..27206.611 rows=4346840 loops=1)
                           Buckets: 8388608  Batches: 1  Memory Usage: 252315kB
                           Buffers: shared hit=316381 read=562659 written=281
                           ->  Hash Join  (cost=319937.59..1491490.92 rows=4405472 width=12) (actual time=1237.111..25698.923 rows=4346840 loops=1)
                                 Hash Cond: (orders.o_custkey = customer.c_custkey)
                                 Buffers: shared hit=316381 read=562659 written=281
                                 ->  Bitmap Heap Scan on orders  (cost=170740.40..1215674.95 rows=22017084 width=16) (actual time=85.626..16005.747 rows=21733277 loops=1)
                                       Recheck Cond: (o_orderdate < '1995-03-08'::date)
                                       Rows Removed by Index Recheck: 23266723
                                       Heap Blocks: lossy=769721
                                       Buffers: shared hit=210899 read=558856 written=281
                                       ->  Bitmap Index Scan on orders_o_orderkey_o_orderdate_brin_idx  (cost=0.00..165236.13 rows=22017084 width=0) (actual time=85.127..85.127 rows=7697920 loops=1)
                                             Index Cond: (o_orderdate < '1995-03-08'::date)
                                             Buffers: shared hit=9 read=25
                                 ->  Hash  (cost=137941.94..137941.94 rows=900420 width=4) (actual time=1146.994..1146.994 rows=901110 loops=1)
                                       Buckets: 1048576  Batches: 1  Memory Usage: 39872kB
                                       Buffers: shared hit=105482 read=3803
                                       ->  Bitmap Heap Scan on customer  (cost=20850.69..137941.94 rows=900420 width=4) (actual time=241.170..898.930 rows=901110 loops=1)
                                             Recheck Cond: (c_mktsegment = 'AUTOMOBILE'::bpchar)
                                             Heap Blocks: exact=105830
                                             Buffers: shared hit=105482 read=3803
                                             ->  Bitmap Index Scan on customer_c_mktsegment_c_custkey_idx  (cost=0.00..20625.58 rows=900420 width=0) (actual time=207.857..207.857 rows=901110 loops=1)
                                                   Index Cond: (c_mktsegment = 'AUTOMOBILE'::bpchar)
                                                   Buffers: shared read=3455
 Planning time: 4.028 ms
 Execution time: 107487.443 ms
(46 rows)

COMMIT;
COMMIT
