BEGIN;
BEGIN
EXPLAIN (ANALYZE, BUFFERS)
select
	n_name,
	sum(l_extendedprice * (1 - l_discount)) as revenue
from
	customer,
	orders,
	lineitem,
	supplier,
	nation,
	region
where
	c_custkey = o_custkey
	and l_orderkey = o_orderkey
	and l_suppkey = s_suppkey
	and c_nationkey = s_nationkey
	and s_nationkey = n_nationkey
	and n_regionkey = r_regionkey
	and r_name = 'AFRICA'
	and o_orderdate >= date '1997-01-01'
	and o_orderdate < date '1997-01-01' + interval '1 year'
group by
	n_name
order by
	revenue desc;
                                                                                                QUERY PLAN                                                                                                
----------------------------------------------------------------------------------------------------------------------------------------------------------------------------------------------------------
 Sort  (cost=6787257.12..6787257.18 rows=25 width=34) (actual time=50436.747..50436.748 rows=5 loops=1)
   Sort Key: (sum((lineitem.l_extendedprice * (1::double precision - lineitem.l_discount))))
   Sort Method: quicksort  Memory: 25kB
   Buffers: shared hit=5853754 read=2375541
   ->  HashAggregate  (cost=6787256.29..6787256.54 rows=25 width=34) (actual time=50436.702..50436.704 rows=5 loops=1)
         Group Key: nation.n_name
         Buffers: shared hit=5853751 read=2375541
         ->  Hash Join  (cost=210902.15..6785052.32 rows=220397 width=34) (actual time=7447.106..50173.643 rows=217370 loops=1)
               Hash Cond: ((lineitem.l_suppkey = supplier.s_suppkey) AND (customer.c_nationkey = supplier.s_nationkey))
               Buffers: shared hit=5853751 read=2375541
               ->  Nested Loop  (cost=196863.15..6727485.64 rows=5509828 width=46) (actual time=7246.002..48020.375 rows=5463191 loops=1)
                     Buffers: shared hit=5847964 read=2374786
                     ->  Hash Join  (cost=196862.58..1170318.39 rows=1377443 width=38) (actual time=7245.943..26365.039 rows=1365389 loops=1)
                           Hash Cond: (orders.o_custkey = customer.c_custkey)
                           Buffers: shared hit=380252 read=918702
                           ->  Bitmap Heap Scan on orders  (cost=83896.47..1017750.80 rows=6887213 width=8) (actual time=85.887..15894.791 rows=6829345 loops=1)
                                 Recheck Cond: (o_orderdate >= '1997-01-01'::date)
                                 Rows Removed by Index Recheck: 34170406
                                 Filter: (o_orderdate < '1998-01-01 00:00:00'::timestamp without time zone)
                                 Rows Removed by Filter: 4000249
                                 Heap Blocks: lossy=769721
                                 Buffers: shared hit=27484 read=742271
                                 ->  Bitmap Index Scan on orders_o_orderkey_o_orderdate_brin_idx  (cost=0.00..82174.66 rows=10942222 width=0) (actual time=85.364..85.364 rows=7697920 loops=1)
                                       Index Cond: (o_orderdate >= '1997-01-01'::date)
                                       Buffers: shared hit=9 read=25
                           ->  Hash  (cost=101716.11..101716.11 rows=900000 width=38) (actual time=7155.099..7155.099 rows=899395 loops=1)
                                 Buckets: 1048576  Batches: 1  Memory Usage: 71431kB
                                 Buffers: shared hit=352768 read=176431
                                 ->  Nested Loop  (cost=1895.14..101716.11 rows=900000 width=38) (actual time=11.400..6779.291 rows=899395 loops=1)
                                       Buffers: shared hit=352768 read=176431
                                       ->  Nested Loop  (cost=0.14..13.95 rows=5 width=30) (actual time=0.032..0.084 rows=5 loops=1)
                                             Join Filter: (nation.n_regionkey = region.r_regionkey)
                                             Rows Removed by Join Filter: 20
                                             Buffers: shared hit=3
                                             ->  Index Scan using pk_nation on nation  (cost=0.14..12.51 rows=25 width=34) (actual time=0.008..0.025 rows=25 loops=1)
                                                   Buffers: shared hit=2
                                             ->  Materialize  (cost=0.00..1.07 rows=1 width=4) (actual time=0.001..0.001 rows=1 loops=25)
                                                   Buffers: shared hit=1
                                                   ->  Seq Scan on region  (cost=0.00..1.06 rows=1 width=4) (actual time=0.009..0.012 rows=1 loops=1)
                                                         Filter: (r_name = 'AFRICA'::bpchar)
                                                         Rows Removed by Filter: 4
                                                         Buffers: shared hit=1
                                       ->  Bitmap Heap Scan on customer  (cost=1895.00..18540.43 rows=180000 width=8) (actual time=11.284..1321.425 rows=179879 loops=5)
                                             Recheck Cond: (c_nationkey = nation.n_nationkey)
                                             Rows Removed by Index Recheck: 4320121
                                             Heap Blocks: lossy=529180
                                             Buffers: shared hit=352765 read=176431
                                             ->  Bitmap Index Scan on customer_c_nationkey_c_custkey_brin_idx  (cost=0.00..1850.00 rows=180000 width=0) (actual time=11.212..11.212 rows=1058560 loops=5)
                                                   Index Cond: (c_nationkey = nation.n_nationkey)
                                                   Buffers: shared hit=10 read=6
                     ->  Index Scan using pk_lineitem on lineitem  (cost=0.57..3.60 rows=43 width=16) (actual time=0.013..0.014 rows=4 loops=1365389)
                           Index Cond: (l_orderkey = orders.o_orderkey)
                           Buffers: shared hit=5467712 read=1456084
               ->  Hash  (cost=9539.00..9539.00 rows=300000 width=8) (actual time=199.159..199.159 rows=300000 loops=1)
                     Buckets: 524288  Batches: 1  Memory Usage: 15815kB
                     Buffers: shared hit=5784 read=755
                     ->  Seq Scan on supplier  (cost=0.00..9539.00 rows=300000 width=8) (actual time=0.007..112.981 rows=300000 loops=1)
                           Buffers: shared hit=5784 read=755
 Planning time: 7.165 ms
 Execution time: 50438.195 ms
(60 rows)

COMMIT;
COMMIT
