BEGIN;
BEGIN
EXPLAIN (ANALYZE, BUFFERS)
select
	c_custkey,
	c_name,
	sum(l_extendedprice * (1 - l_discount)) as revenue,
	c_acctbal,
	n_name,
	c_address,
	c_phone,
	c_comment
from
	customer,
	orders,
	lineitem,
	nation
where
	c_custkey = o_custkey
	and l_orderkey = o_orderkey
	and o_orderdate >= date '1993-12-01'
	and o_orderdate < cast(date '1993-12-01' + interval '3 month' as date)
	and l_returnflag = 'R'
	and c_nationkey = n_nationkey
group by
	c_custkey,
	c_name,
	c_acctbal,
	c_phone,
	n_name,
	c_address,
	c_comment
order by
	revenue desc
LIMIT 20;
                                                                                                QUERY PLAN                                                                                                 
-----------------------------------------------------------------------------------------------------------------------------------------------------------------------------------------------------------
 Limit  (cost=6953542.80..6953542.85 rows=20 width=175) (actual time=98252.072..98252.076 rows=20 loops=1)
   Buffers: shared hit=756556 read=3357569 written=254
   ->  Sort  (cost=6953542.80..6957694.32 rows=1660607 width=175) (actual time=98252.069..98252.072 rows=20 loops=1)
         Sort Key: (sum((lineitem.l_extendedprice * (1::double precision - lineitem.l_discount))))
         Sort Method: top-N heapsort  Memory: 30kB
         Buffers: shared hit=756556 read=3357569 written=254
         ->  HashAggregate  (cost=6892748.58..6909354.65 rows=1660607 width=175) (actual time=97208.746..97841.510 rows=1129207 loops=1)
               Group Key: customer.c_custkey, customer.c_name, customer.c_acctbal, customer.c_phone, nation.n_name, customer.c_address, customer.c_comment
               Buffers: shared hit=756553 read=3357569 written=254
               ->  Hash Join  (cost=1040603.27..6851233.40 rows=1660607 width=175) (actual time=23262.219..91327.166 rows=3361229 loops=1)
                     Hash Cond: (customer.c_nationkey = nation.n_nationkey)
                     Buffers: shared hit=756553 read=3357569 written=254
                     ->  Hash Join  (cost=1040601.71..6828398.49 rows=1660607 width=153) (actual time=23262.186..90100.216 rows=3361229 loops=1)
                           Hash Cond: (orders.o_custkey = customer.c_custkey)
                           Buffers: shared hit=756552 read=3357569 written=254
                           ->  Hash Join  (cost=833515.71..6592251.87 rows=1660607 width=12) (actual time=18386.397..83082.645 rows=3361229 loops=1)
                                 Hash Cond: (lineitem.l_orderkey = orders.o_orderkey)
                                 Buffers: shared hit=756551 read=3251734 written=128
                                 ->  Seq Scan on lineitem  (cost=0.00..5517781.81 rows=44869656 width=12) (actual time=0.031..53658.389 rows=44419115 loops=1)
                                       Filter: (l_returnflag = 'R'::bpchar)
                                       Rows Removed by Filter: 135581646
                                       Buffers: shared hit=588585 read=2649945
                                 ->  Hash  (cost=812427.39..812427.39 rows=1687065 width=8) (actual time=18376.678..18376.678 rows=1681920 loops=1)
                                       Buckets: 2097152  Batches: 1  Memory Usage: 82084kB
                                       Buffers: shared hit=167966 read=601789 written=128
                                       ->  Bitmap Heap Scan on orders  (cost=17400.42..812427.39 rows=1687065 width=8) (actual time=89.137..17629.799 rows=1681920 loops=1)
                                             Recheck Cond: ((o_orderdate >= '1993-12-01'::date) AND (o_orderdate < '1994-03-01'::date))
                                             Rows Removed by Index Recheck: 43318080
                                             Heap Blocks: lossy=769721
                                             Buffers: shared hit=167966 read=601789 written=128
                                             ->  Bitmap Index Scan on orders_o_orderkey_o_orderdate_brin_idx  (cost=0.00..16978.65 rows=1687065 width=0) (actual time=88.611..88.611 rows=7697920 loops=1)
                                                   Index Cond: ((o_orderdate >= '1993-12-01'::date) AND (o_orderdate < '1994-03-01'::date))
                                                   Buffers: shared hit=9 read=25
                           ->  Hash  (cost=150836.00..150836.00 rows=4500000 width=145) (actual time=4837.326..4837.326 rows=4500000 loops=1)
                                 Buckets: 8388608  Batches: 1  Memory Usage: 860930kB
                                 Buffers: shared hit=1 read=105835 written=126
                                 ->  Seq Scan on customer  (cost=0.00..150836.00 rows=4500000 width=145) (actual time=0.008..2330.404 rows=4500000 loops=1)
                                       Buffers: shared hit=1 read=105835 written=126
                     ->  Hash  (cost=1.25..1.25 rows=25 width=30) (actual time=0.021..0.021 rows=25 loops=1)
                           Buckets: 1024  Batches: 1  Memory Usage: 10kB
                           Buffers: shared hit=1
                           ->  Seq Scan on nation  (cost=0.00..1.25 rows=25 width=30) (actual time=0.006..0.009 rows=25 loops=1)
                                 Buffers: shared hit=1
 Planning time: 4.871 ms
 Execution time: 98279.973 ms
(45 rows)

COMMIT;
COMMIT
