BEGIN;
BEGIN
EXPLAIN (ANALYZE, BUFFERS)
select
	l_shipmode,
	sum(case
		when o_orderpriority = '1-URGENT'
			or o_orderpriority = '2-HIGH'
			then 1
		else 0
	end) as high_line_count,
	sum(case
		when o_orderpriority <> '1-URGENT'
			and o_orderpriority <> '2-HIGH'
			then 1
		else 0
	end) as low_line_count
from
	orders,
	lineitem
where
	o_orderkey = l_orderkey
	and l_shipmode in ('TRUCK', 'RAIL')
	and l_commitdate < l_receiptdate
	and l_shipdate < l_commitdate
	and l_receiptdate >= date '1995-01-01'
	and l_receiptdate < date '1995-01-01' + interval '1 year'
group by
	l_shipmode
order by
	l_shipmode;
                                                                                                                               QUERY PLAN                                                                                                                                
-------------------------------------------------------------------------------------------------------------------------------------------------------------------------------------------------------------------------------------------------------------------------
 Sort  (cost=9531083.45..9531083.45 rows=1 width=27) (actual time=93267.352..93267.352 rows=2 loops=1)
   Sort Key: lineitem.l_shipmode
   Sort Method: quicksort  Memory: 25kB
   Buffers: shared hit=1383676 read=2820703 written=66
   ->  HashAggregate  (cost=9531083.43..9531083.44 rows=1 width=27) (actual time=93267.319..93267.320 rows=2 loops=1)
         Group Key: lineitem.l_shipmode
         Buffers: shared hit=1383671 read=2820703 written=66
         ->  Merge Join  (cost=7428504.69..9515611.85 rows=884090 width=27) (actual time=74045.449..92471.216 rows=934993 loops=1)
               Merge Cond: (orders.o_orderkey = lineitem.l_orderkey)
               Buffers: shared hit=1383671 read=2820703 written=66
               ->  Index Scan using pk_orders on orders  (cost=0.56..1959901.01 rows=45584563 width=20) (actual time=0.008..13316.765 rows=44999931 loops=1)
                     Buffers: shared hit=874337 read=91503 written=66
               ->  Sort  (cost=7428504.10..7430714.32 rows=884090 width=15) (actual time=74045.420..74159.436 rows=934993 loops=1)
                     Sort Key: lineitem.l_orderkey
                     Sort Method: quicksort  Memory: 68404kB
                     Buffers: shared hit=509334 read=2729200
                     ->  Seq Scan on lineitem  (cost=0.00..7341183.26 rows=884090 width=15) (actual time=0.082..73402.884 rows=934993 loops=1)
                           Filter: ((l_shipmode = ANY ('{TRUCK,RAIL}'::bpchar[])) AND (l_commitdate < l_receiptdate) AND (l_shipdate < l_commitdate) AND (l_receiptdate >= '1995-01-01'::date) AND (l_receiptdate < '1996-01-01 00:00:00'::timestamp without time zone))
                           Rows Removed by Filter: 179065768
                           Buffers: shared hit=509330 read=2729200
 Planning time: 3.475 ms
 Execution time: 93271.085 ms
(22 rows)

COMMIT;
COMMIT
