BEGIN;
BEGIN
EXPLAIN (ANALYZE, BUFFERS)
select
	n_name,
	sum(l_extendedprice * (1 - l_discount)) as revenue
from
	customer,
	orders,
	lineitem,
	supplier,
	nation,
	region
where
	c_custkey = o_custkey
	and l_orderkey = o_orderkey
	and l_suppkey = s_suppkey
	and c_nationkey = s_nationkey
	and s_nationkey = n_nationkey
	and n_regionkey = r_regionkey
	and r_name = 'MIDDLE EAST'
	and o_orderdate >= date '1996-01-01'
	and o_orderdate < date '1996-01-01' + interval '1 year'
group by
	n_name
order by
	revenue desc;
                                                                                                QUERY PLAN                                                                                                
----------------------------------------------------------------------------------------------------------------------------------------------------------------------------------------------------------
 Sort  (cost=6961008.53..6961008.59 rows=25 width=34) (actual time=54231.118..54231.118 rows=5 loops=1)
   Sort Key: (sum((lineitem.l_extendedprice * (1::double precision - lineitem.l_discount))))
   Sort Method: quicksort  Memory: 25kB
   Buffers: shared hit=6608925 read=1648325 dirtied=760 written=1840
   ->  HashAggregate  (cost=6961007.69..6961007.94 rows=25 width=34) (actual time=54231.071..54231.073 rows=5 loops=1)
         Group Key: nation.n_name
         Buffers: shared hit=6608922 read=1648325 dirtied=760 written=1840
         ->  Hash Join  (cost=262913.92..6958788.95 rows=221874 width=34) (actual time=7576.320..53949.620 rows=219757 loops=1)
               Hash Cond: ((lineitem.l_suppkey = supplier.s_suppkey) AND (customer.c_nationkey = supplier.s_nationkey))
               Buffers: shared hit=6608922 read=1648325 dirtied=760 written=1840
               ->  Nested Loop  (cost=248874.92..6900930.60 rows=5546749 width=46) (actual time=7380.774..51672.693 rows=5483378 loops=1)
                     Buffers: shared hit=6602380 read=1648325 dirtied=760 written=1840
                     ->  Hash Join  (cost=248874.35..1326595.99 rows=1386673 width=38) (actual time=7380.689..28613.073 rows=1370794 loops=1)
                           Hash Cond: (orders.o_custkey = customer.c_custkey)
                           Buffers: shared hit=799279 read=499675 dirtied=760 written=399
                           ->  Bitmap Heap Scan on orders  (cost=135908.24..1173763.03 rows=6933364 width=8) (actual time=85.693..17777.802 rows=6845256 loops=1)
                                 Recheck Cond: (o_orderdate >= '1996-01-01'::date)
                                 Rows Removed by Index Recheck: 27325150
                                 Filter: (o_orderdate < '1997-01-01 00:00:00'::timestamp without time zone)
                                 Rows Removed by Filter: 10829594
                                 Heap Blocks: lossy=769721
                                 Buffers: shared hit=375918 read=393837 dirtied=760 written=399
                                 ->  Bitmap Index Scan on orders_o_orderkey_o_orderdate_brin_idx  (cost=0.00..134174.90 rows=17875586 width=0) (actual time=85.161..85.161 rows=7697920 loops=1)
                                       Index Cond: (o_orderdate >= '1996-01-01'::date)
                                       Buffers: shared hit=9 read=25
                           ->  Hash  (cost=101716.11..101716.11 rows=900000 width=38) (actual time=7289.924..7289.924 rows=899828 loops=1)
                                 Buckets: 1048576  Batches: 1  Memory Usage: 71462kB
                                 Buffers: shared hit=423361 read=105838
                                 ->  Nested Loop  (cost=1895.14..101716.11 rows=900000 width=38) (actual time=11.390..6935.361 rows=899828 loops=1)
                                       Buffers: shared hit=423361 read=105838
                                       ->  Nested Loop  (cost=0.14..13.95 rows=5 width=30) (actual time=0.035..0.087 rows=5 loops=1)
                                             Join Filter: (nation.n_regionkey = region.r_regionkey)
                                             Rows Removed by Join Filter: 20
                                             Buffers: shared hit=3
                                             ->  Index Scan using pk_nation on nation  (cost=0.14..12.51 rows=25 width=34) (actual time=0.006..0.028 rows=25 loops=1)
                                                   Buffers: shared hit=2
                                             ->  Materialize  (cost=0.00..1.07 rows=1 width=4) (actual time=0.001..0.001 rows=1 loops=25)
                                                   Buffers: shared hit=1
                                                   ->  Seq Scan on region  (cost=0.00..1.06 rows=1 width=4) (actual time=0.011..0.011 rows=1 loops=1)
                                                         Filter: (r_name = 'MIDDLE EAST'::bpchar)
                                                         Rows Removed by Filter: 4
                                                         Buffers: shared hit=1
                                       ->  Bitmap Heap Scan on customer  (cost=1895.00..18540.43 rows=180000 width=8) (actual time=11.279..1353.997 rows=179966 loops=5)
                                             Recheck Cond: (c_nationkey = nation.n_nationkey)
                                             Rows Removed by Index Recheck: 4320034
                                             Heap Blocks: lossy=529180
                                             Buffers: shared hit=423358 read=105838
                                             ->  Bitmap Index Scan on customer_c_nationkey_c_custkey_brin_idx  (cost=0.00..1850.00 rows=180000 width=0) (actual time=11.207..11.207 rows=1058560 loops=5)
                                                   Index Cond: (c_nationkey = nation.n_nationkey)
                                                   Buffers: shared hit=12 read=4
                     ->  Index Scan using pk_lineitem on lineitem  (cost=0.57..3.59 rows=43 width=16) (actual time=0.014..0.015 rows=4 loops=1370794)
                           Index Cond: (l_orderkey = orders.o_orderkey)
                           Buffers: shared hit=5803101 read=1148650 written=1441
               ->  Hash  (cost=9539.00..9539.00 rows=300000 width=8) (actual time=193.549..193.549 rows=300000 loops=1)
                     Buckets: 524288  Batches: 1  Memory Usage: 15815kB
                     Buffers: shared hit=6539
                     ->  Seq Scan on supplier  (cost=0.00..9539.00 rows=300000 width=8) (actual time=0.007..108.928 rows=300000 loops=1)
                           Buffers: shared hit=6539
 Planning time: 6.999 ms
 Execution time: 54232.637 ms
(60 rows)

COMMIT;
COMMIT
