Q21,2120089.0,->  Nested Loop Semi Join  (cost=7193.26..9960011.52 rows=1 width=34) (actual time=181.214..125853.928 rows=2120089 loops=1)
Q3,949453.9,->  Sort  (cost=8025306.38..8049042.72 rows=9494539 width=20) (actual time=118840.754..118840.756 rows=10 loops=1)
Q18,905389.9,->  GroupAggregate  (cost=36196971.23..38686793.62 rows=90538996 width=39) (actual time=265315.262..265315.582 rows=100 loops=1)
Q18,129156.9,->  Sort  (cost=36196971.23..36423318.72 rows=90538996 width=39) (actual time=265315.251..265315.290 rows=701 loops=1)
Q21,118655.0,->  Nested Loop Anti Join  (cost=7193.83..9960014.62 rows=1 width=26) (actual time=181.711..135157.150 rows=118655 loops=1)
Q10,83030.3,->  Sort  (cost=6953542.80..6957694.32 rows=1660607 width=175) (actual time=98252.069..98252.072 rows=20 loops=1)
Q9,78212.9,->  Sort  (cost=3317535.17..3317535.48 rows=125 width=46) (actual time=519815.824..525033.697 rows=9776624 loops=1)
Q9,78212.9,->  Nested Loop  (cost=200247.18..3317526.91 rows=125 width=24) (actual time=2897.891..433477.534 rows=9776624 loops=1)
Q9,78212.9,->  Nested Loop  (cost=200246.62..3317450.08 rows=125 width=24) (actual time=2897.843..213653.233 rows=9776624 loops=1)
Q9,78212.9,->  Nested Loop  (cost=200246.20..3317393.49 rows=125 width=28) (actual time=2897.827..171993.274 rows=9776624 loops=1)
Q9,78212.9,->  Hash Join  (cost=200248.74..3317530.82 rows=125 width=46) (actual time=2897.944..445648.615 rows=9776624 loops=1)
Q18,72085.3,->  Hash Join  (cost=6287970.83..8113397.98 rows=22634810 width=39) (actual time=154264.564..174835.874 rows=314 loops=1)
Q18,72085.3,->  Hash Join  (cost=6080884.83..7510202.81 rows=22634810 width=20) (actual time=151622.690..172192.759 rows=314 loops=1)
Q18,72085.3,->  Hash  (cost=8113397.98..8113397.98 rows=22634810 width=39) (actual time=174837.532..174837.532 rows=314 loops=1)
Q18,41191.5,->  Hash Join  (cost=8573168.11..21755645.23 rows=90538996 width=39) (actual time=175214.117..265312.258 rows=2198 loops=1)
Q2,14087.0,->  Merge Join  (cost=1432056.81..3129253.97 rows=1 width=190) (actual time=24076.221..31380.850 rows=14087 loops=1)
Q18,13521.5,->  Hash  (cost=6027812.71..6027812.71 rows=4245770 width=4) (actual time=151581.850..151581.850 rows=314 loops=1)
Q18,13521.5,->  HashAggregate  (cost=5932282.88..5985355.01 rows=4245770 width=8) (actual time=130851.375..151580.813 rows=314 loops=1)
Q21,12012.0,->  HashAggregate  (cost=9960014.62..9960014.63 rows=1 width=26) (actual time=135346.726..135350.348 rows=12012 loops=1)
Q15,11191.0,->  Subquery Scan on revenue5  (cost=3993800.80..3994052.60 rows=11191 width=12) (actual time=148570.065..148605.019 rows=1 loops=1)
Q15,11191.0,->  Sort  (cost=3994805.20..3994833.18 rows=11191 width=12) (actual time=148605.039..148605.039 rows=1 loops=1)
Q15,11191.0,Merge Join  (cost=7938328.08..7953590.88 rows=11191 width=79) (actual time=148640.707..148640.709 rows=1 loops=1)
Q15,11191.0,->  HashAggregate  (cost=3993800.80..3993940.69 rows=11191 width=12) (actual time=148570.063..148605.016 rows=1 loops=1)
Q7,766.7,Sort  (cost=6549232.68..6549240.35 rows=3067 width=64) (actual time=128786.295..128786.296 rows=4 loops=1)
Q7,766.7,->  HashAggregate  (cost=6549009.06..6549055.06 rows=3067 width=64) (actual time=128786.231..128786.240 rows=4 loops=1)
Q8,366.5,Sort  (cost=5337386.55..5337388.38 rows=733 width=38) (actual time=49902.129..49902.130 rows=2 loops=1)
Q8,366.5,->  HashAggregate  (cost=5337338.84..5337351.67 rows=733 width=38) (actual time=49902.080..49902.081 rows=2 loops=1)
Q21,100.0,->  Sort  (cost=9960014.64..9960014.65 rows=1 width=26) (actual time=135353.169..135353.176 rows=100 loops=1)
Q21,100.0,Limit  (cost=9960014.64..9960014.65 rows=1 width=26) (actual time=135353.171..135353.189 rows=100 loops=1)
Q2,100.0,->  Sort  (cost=3129253.98..3129253.98 rows=1 width=190) (actual time=31395.568..31395.581 rows=100 loops=1)
Q2,100.0,Limit  (cost=3129253.98..3129253.98 rows=1 width=190) (actual time=31395.570..31395.594 rows=100 loops=1)
Q21,42.0,->  Index Scan using pk_lineitem on lineitem l2  (cost=0.57..1.76 rows=42 width=8) (actual time=0.006..0.006 rows=1 loops=2199833)
Q11,33.7,Sort  (cost=1850707.70..1853107.69 rows=959996 width=12) (actual time=21787.393..21790.874 rows=28415 loops=1)
Q11,33.7,->  HashAggregate  (cost=876459.64..888459.59 rows=959996 width=12) (actual time=21467.445..21770.368 rows=28415 loops=1)
Q3,27.8,->  HashAggregate  (cost=7725187.41..7820132.80 rows=9494539 width=20) (actual time=118622.756..118776.605 rows=340982 loops=1)
Q15,26.8,->  HashAggregate  (cost=3943270.65..3943382.56 rows=11191 width=12) (actual time=72549.691..72660.219 rows=300000 loops=1)
Q4,14.0,->  Index Scan using pk_lineitem on lineitem  (cost=0.57..7.70 rows=14 width=4) (actual time=0.012..0.012 rows=1 loops=1720183)
Q21,14.0,->  Index Scan using pk_lineitem on lineitem l3  (cost=0.57..1.76 rows=14 width=8) (actual time=0.004..0.004 rows=1 loops=2120089)
Q14,13.5,->  Bitmap Index Scan on lineitem_l_shipdate_l_suppkey_brin_idx  (cost=0.00..24276.40 rows=2385240 width=0) (actual time=382.546..382.546 rows=32225280 loops=1)
Q5,10.7,->  Index Scan using pk_lineitem on lineitem  (cost=0.57..3.59 rows=43 width=16) (actual time=0.014..0.015 rows=4 loops=1370794)
Q3,10.5,->  Hash Join  (cost=2305219.84..7582769.33 rows=9494539 width=20) (actual time=35510.295..117746.165 rows=900805 loops=1)
Q16,10.0,->  Bitmap Index Scan on part_p_size_brin_idx  (cost=0.00..7246.56 rows=963540 width=0) (actual time=100.815..100.815 rows=9728000 loops=1)
Q4,9.6,->  Nested Loop Semi Join  (cost=17862.24..2749121.45 rows=162771 width=16) (actual time=87.544..40405.140 rows=1577485 loops=1)
Q9,7.0,->  Index Scan using lineitem_l_partkey_l_quantity_idx on lineitem  (cost=0.57..1.91 rows=1 width=24) (actual time=0.020..0.117 rows=7 loops=1303824)
Q8,5.8,->  Bitmap Index Scan on customer_c_nationkey_c_custkey_brin_idx  (cost=0.00..1850.00 rows=180000 width=0) (actual time=11.470..11.470 rows=1058560 loops=5)
Q5,5.8,->  Bitmap Index Scan on customer_c_nationkey_c_custkey_brin_idx  (cost=0.00..1850.00 rows=180000 width=0) (actual time=11.207..11.207 rows=1058560 loops=5)
Q2,5.5,->  Bitmap Index Scan on supplier_s_nationkey_s_suppkey_brin_idx  (cost=0.00..390.00 rows=12000 width=0) (actual time=0.666..0.666 rows=66560 loops=5)
Q21,5.5,->  Bitmap Index Scan on supplier_s_nationkey_s_suppkey_brin_idx  (cost=0.00..102.00 rows=12000 width=0) (actual time=0.703..0.703 rows=66560 loops=1)
Q20,5.5,->  Bitmap Index Scan on supplier_s_nationkey_s_suppkey_brin_idx  (cost=0.00..102.00 rows=12000 width=0) (actual time=0.717..0.717 rows=66560 loops=1)
Q11,5.5,->  Bitmap Index Scan on supplier_s_nationkey_s_suppkey_brin_idx  (cost=0.00..102.00 rows=12000 width=0) (actual time=0.685..0.685 rows=66560 loops=1)
Q11,5.5,->  Bitmap Index Scan on supplier_s_nationkey_s_suppkey_brin_idx  (cost=0.00..102.00 rows=12000 width=0) (actual time=0.668..0.668 rows=66560 loops=1)
Q16,5.1,->  Index Scan using supplier_s_suppkey_idx_like on supplier  (cost=0.14..8.69 rows=30 width=4) (actual time=0.038..1.403 rows=155 loops=1)
Q5,5.0,Sort  (cost=6961008.53..6961008.59 rows=25 width=34) (actual time=54231.118..54231.118 rows=5 loops=1)
Q5,5.0,->  HashAggregate  (cost=6961007.69..6961007.94 rows=25 width=34) (actual time=54231.071..54231.073 rows=5 loops=1)
Q4,5.0,Sort  (cost=2749935.32..2749935.33 rows=1 width=16) (actual time=41358.717..41358.718 rows=5 loops=1)
Q4,5.0,->  HashAggregate  (cost=2749935.30..2749935.31 rows=1 width=16) (actual time=41358.673..41358.674 rows=5 loops=1)
Q10,4.5,->  Bitmap Index Scan on orders_o_orderkey_o_orderdate_brin_idx  (cost=0.00..16978.65 rows=1687065 width=0) (actual time=88.611..88.611 rows=7697920 loops=1)
Q4,4.4,->  Bitmap Index Scan on orders_o_orderkey_o_orderdate_brin_idx  (cost=0.00..17428.65 rows=1732065 width=0) (actual time=87.021..87.021 rows=7630080 loops=1)
Q13,4.3,Sort  (cost=2663211.10..2663211.60 rows=200 width=8) (actual time=99721.438..99721.440 rows=46 loops=1)
Q13,4.3,->  HashAggregate  (cost=2663201.46..2663203.46 rows=200 width=8) (actual time=99721.377..99721.382 rows=46 loops=1)
Q17,3.7,->  Nested Loop  (cost=214.27..356712.15 rows=59220 width=4) (actual time=4.508..803.565 rows=15965 loops=1)
Q17,3.6,->  Index Scan using lineitem_l_partkey_l_quantity_idx on lineitem  (cost=9.79..57.59 rows=11 width=12) (actual time=0.021..0.052 rows=3 loops=5973)
Q15,3.3,->  Index Scan using pk_supplier on supplier  (cost=0.42..14345.36 rows=300000 width=71) (actual time=0.061..26.950 rows=88919 loops=1)
Q3,3.0,->  Bitmap Index Scan on lineitem_l_shipdate_l_suppkey_brin_idx  (cost=0.00..733055.54 rows=97684205 width=0) (actual time=394.637..394.637 rows=32289280 loops=1)
Q3,2.8,->  Bitmap Index Scan on orders_o_orderkey_o_orderdate_brin_idx  (cost=0.00..166283.12 rows=22156682 width=0) (actual time=85.363..85.363 rows=7674880 loops=1)
Q5,2.3,->  Bitmap Index Scan on orders_o_orderkey_o_orderdate_brin_idx  (cost=0.00..134174.90 rows=17875586 width=0) (actual time=85.161..85.161 rows=7697920 loops=1)
Q22,2.3,Sort  (cost=2456539.82..2456539.83 rows=3 width=20) (actual time=35733.655..35733.655 rows=7 loops=1)
Q22,2.3,->  HashAggregate  (cost=2298008.66..2298008.71 rows=3 width=20) (actual time=35733.605..35733.606 rows=7 loops=1)
Q2,2.0,->  Nested Loop  (cost=1.00..70.15 rows=1 width=4) (actual time=0.047..0.066 rows=2 loops=19052)
Q19,2.0,->  Bitmap Index Scan on part_p_size_brin_idx  (cost=0.00..5980.20 rows=596020 width=0) (actual time=12.978..12.978 rows=1216000 loops=1)
Q12,2.0,Sort  (cost=9531083.45..9531083.45 rows=1 width=27) (actual time=93267.352..93267.352 rows=2 loops=1)
Q12,2.0,->  HashAggregate  (cost=9531083.43..9531083.44 rows=1 width=27) (actual time=93267.319..93267.320 rows=2 loops=1)
Q10,2.0,->  Hash Join  (cost=833515.71..6592251.87 rows=1660607 width=12) (actual time=18386.397..83082.645 rows=3361229 loops=1)
Q10,2.0,->  Hash Join  (cost=1040603.27..6851233.40 rows=1660607 width=175) (actual time=23262.219..91327.166 rows=3361229 loops=1)
Q10,2.0,->  Hash Join  (cost=1040601.71..6828398.49 rows=1660607 width=153) (actual time=23262.186..90100.216 rows=3361229 loops=1)
Q16,1.9,->  Sort  (cost=1225851.48..1230323.67 rows=1788875 width=40) (actual time=30651.011..31206.914 rows=3564159 loops=1)
Q16,1.9,->  Seq Scan on partsupp  (cost=8.76..812876.51 rows=11999950 width=8) (actual time=1.497..9187.588 rows=23987600 loops=1)
Q16,1.9,->  Hash Join  (cost=164314.94..1040071.25 rows=1788875 width=40) (actual time=4076.771..18453.613 rows=3564159 loops=1)
Q21,1.8,->  Seq Scan on lineitem l1  (cost=0.00..5452366.41 rows=60059478 width=8) (actual time=0.007..57347.756 rows=113798479 loops=1)
Q21,1.8,->  Nested Loop  (cost=7192.69..7285705.06 rows=1169831 width=38) (actual time=181.170..111590.333 rows=2199833 loops=1)
Q21,1.8,->  Hash Join  (cost=7192.13..5708805.37 rows=2402379 width=34) (actual time=181.084..82112.279 rows=4555568 loops=1)
Q7,1.7,->  Bitmap Index Scan on lineitem_l_shipdate_l_suppkey_brin_idx  (cost=0.00..550117.22 rows=54969322 width=0) (actual time=379.438..379.438 rows=32129280 loops=1)
Q2,1.5,->  Nested Loop  (cost=1.00..69.01 rows=6 width=8) (actual time=0.034..0.061 rows=4 loops=19052)
Q2,1.5,->  Nested Loop  (cost=0.86..68.01 rows=6 width=8) (actual time=0.031..0.052 rows=4 loops=19052)
Q2,1.5,->  Index Scan using pk_partsupp on partsupp partsupp_1  (cost=0.44..17.29 rows=6 width=8) (actual time=0.024..0.026 rows=4 loops=19052)
Q20,1.5,->  Index Scan using pk_partsupp on partsupp  (cost=0.44..812.97 rows=2 width=8) (actual time=0.450..0.522 rows=3 loops=65206)
Q1,1.5,Sort  (cost=12636014.75..12636014.77 rows=6 width=20) (actual time=274023.388..274023.388 rows=4 loops=1)
Q1,1.5,->  HashAggregate  (cost=12636014.57..12636014.68 rows=6 width=20) (actual time=274023.338..274023.338 rows=4 loops=1)
Q9,1.4,GroupAggregate  (cost=3317535.17..3317539.54 rows=125 width=46) (actual time=519852.035..531264.231 rows=175 loops=1)
Q19,1.4,->  Bitmap Index Scan on part_p_size_brin_idx  (cost=0.00..17922.00 rows=1790200 width=0) (actual time=13.253..13.253 rows=1216000 loops=1)
Q10,1.4,->  HashAggregate  (cost=6892748.58..6909354.65 rows=1660607 width=175) (actual time=97208.746..97841.510 rows=1129207 loops=1)
Q22,1.3,->  Bitmap Index Scan on customer_c_phone_idx  (cost=0.00..8576.06 rows=418500 width=0) (actual time=2159.155..2159.155 rows=572357 loops=1)
Q22,1.3,->  Bitmap Heap Scan on customer  (cost=8680.68..125502.31 rows=418500 width=24) (actual time=2193.073..3566.003 rows=572357 loops=1)
Q20,1.3,->  HashAggregate  (cost=58702590.54..58703589.75 rows=99921 width=4) (actual time=35174.325..35214.722 rows=134065 loops=1)
Q20,1.2,->  Nested Loop  (cost=2475.00..58702224.51 rows=146414 width=4) (actual time=44.777..35012.414 rows=177266 loops=1)
Q9,1.1,->  Seq Scan on part  (cost=0.00..196567.00 rows=294290 width=4) (actual time=0.013..2775.012 rows=325956 loops=1)
Q9,1.1,->  Hash Join  (cost=200245.62..1054884.80 rows=1177155 width=16) (actual time=2897.636..15597.607 rows=1303824 loops=1)
Q9,1.1,->  Hash  (cost=196567.00..196567.00 rows=294290 width=4) (actual time=2895.534..2895.534 rows=325956 loops=1)
Q6,1.1,->  Bitmap Index Scan on lineitem_l_shipdate_l_suppkey_brin_idx  (cost=0.00..274018.15 rows=27359415 width=0) (actual time=380.852..380.852 rows=32097280 loops=1)
Q20,1.1,->  Bitmap Heap Scan on part  (cost=2474.57..109175.48 rows=72071 width=4) (actual time=44.085..847.812 rows=65206 loops=1)
Q9,1.0,->  Seq Scan on partsupp  (cost=0.00..752868.00 rows=23999900 width=12) (actual time=0.017..7297.125 rows=24000000 loops=1)
Q8,1.0,->  Nested Loop  (cost=1896.08..101704.63 rows=900000 width=4) (actual time=11.658..7398.747 rows=899828 loops=1)
Q8,1.0,->  Nested Loop  (cost=1203.17..5201289.35 rows=359791 width=20) (actual time=23.746..41214.588 rows=362479 loops=1)
Q8,1.0,->  Nested Loop  (cost=1202.60..4468741.51 rows=1182172 width=16) (actual time=23.605..17593.145 rows=1192942 loops=1)
Q8,1.0,->  Index Scan using lineitem_l_partkey_l_quantity_idx on lineitem  (cost=0.57..112.42 rows=32 width=20) (actual time=0.028..0.421 rows=30 loops=39714)
Q8,1.0,->  Hash Join  (cost=14492.17..5219525.48 rows=359791 width=20) (actual time=218.949..41697.312 rows=362479 loops=1)
Q8,1.0,->  Hash Join  (cost=127448.36..5335899.68 rows=71958 width=38) (actual time=7945.682..49775.775 rows=72832 loops=1)
Q8,1.0,->  Hash Join  (cost=127446.80..5334548.90 rows=71958 width=16) (actual time=7945.621..49658.868 rows=72832 loops=1)
Q8,1.0,->  Hash  (cost=101704.63..101704.63 rows=900000 width=4) (actual time=7720.626..7720.626 rows=899828 loops=1)
Q8,1.0,->  Bitmap Index Scan on part_p_type_p_partkey_idx  (cost=0.00..1192.31 rows=38900 width=0) (actual time=14.933..14.933 rows=39714 loops=1)
Q8,1.0,->  Bitmap Heap Scan on part  (cost=1202.03..82988.52 rows=38900 width=4) (actual time=23.533..419.230 rows=39714 loops=1)
Q8,1.0,->  Bitmap Heap Scan on customer  (cost=1895.00..18540.43 rows=180000 width=8) (actual time=11.542..1447.339 rows=179966 loops=5)
Q7,1.0,->  Seq Scan on orders  (cost=0.00..1215890.70 rows=45224670 width=8) (actual time=0.016..9264.990 rows=45045000 loops=1)
Q7,1.0,->  Hash Join  (cost=575064.95..4862631.20 rows=4397546 width=42) (actual time=528.278..95964.169 rows=4336745 loops=1)
Q7,1.0,->  Hash Join  (cost=2217764.98..6546263.94 rows=183008 width=64) (actual time=30434.579..128514.415 rows=173210 loops=1)
Q7,1.0,->  Hash Join  (cost=175812.40..1597475.35 rows=3617974 width=30) (actual time=2596.878..28237.159 rows=3594717 loops=1)
Q7,1.0,->  Hash Join  (cost=1.40..171312.40 rows=360000 width=30) (actual time=0.038..2454.631 rows=359465 loops=1)
Q7,1.0,->  Hash Join  (cost=1.40..10905.40 rows=24000 width=30) (actual time=0.042..138.574 rows=23771 loops=1)
Q7,1.0,->  Hash  (cost=171312.40..171312.40 rows=360000 width=30) (actual time=2594.424..2594.424 rows=359465 loops=1)
Q7,1.0,->  Hash  (cost=1597475.35..1597475.35 rows=3617974 width=30) (actual time=29886.644..29886.644 rows=3594717 loops=1)
Q7,1.0,->  Hash  (cost=10905.40..10905.40 rows=24000 width=30) (actual time=146.198..146.198 rows=23771 loops=1)
Q7,1.0,->  Bitmap Heap Scan on lineitem  (cost=563859.55..4601315.38 rows=54969322 width=20) (actual time=381.954..79398.490 rows=54743769 loops=1)
Q6,1.0,->  Bitmap Heap Scan on lineitem  (cost=274619.25..4099924.08 rows=2404381 width=8) (actual time=383.480..77748.423 rows=2389767 loops=1)
Q5,1.0,->  Nested Loop  (cost=248874.92..6900930.60 rows=5546749 width=46) (actual time=7380.774..51672.693 rows=5483378 loops=1)
Q5,1.0,->  Nested Loop  (cost=1895.14..101716.11 rows=900000 width=38) (actual time=11.390..6935.361 rows=899828 loops=1)
Q5,1.0,->  Hash Join  (cost=262913.92..6958788.95 rows=221874 width=34) (actual time=7576.320..53949.620 rows=219757 loops=1)
Q5,1.0,->  Hash Join  (cost=248874.35..1326595.99 rows=1386673 width=38) (actual time=7380.689..28613.073 rows=1370794 loops=1)
Q5,1.0,->  Hash  (cost=101716.11..101716.11 rows=900000 width=38) (actual time=7289.924..7289.924 rows=899828 loops=1)
Q5,1.0,->  Bitmap Heap Scan on orders  (cost=135908.24..1173763.03 rows=6933364 width=8) (actual time=85.693..17777.802 rows=6845256 loops=1)
Q5,1.0,->  Bitmap Heap Scan on customer  (cost=1895.00..18540.43 rows=180000 width=8) (actual time=11.279..1353.997 rows=179966 loops=5)
Q4,1.0,->  Bitmap Heap Scan on orders  (cost=17861.67..806726.64 rows=1732065 width=20) (actual time=87.525..17812.191 rows=1720183 loops=1)
Q3,1.0,->  Hash Join  (cost=320861.85..1492524.19 rows=4417525 width=12) (actual time=2118.873..33346.826 rows=4391622 loops=1)
Q3,1.0,->  Hash  (cost=1492524.19..1492524.19 rows=4417525 width=12) (actual time=35085.934..35085.934 rows=4391622 loops=1)
Q3,1.0,->  Hash  (cost=137824.63..137824.63 rows=897195 width=4) (actual time=2029.591..2029.591 rows=900602 loops=1)
Q3,1.0,->  Bitmap Index Scan on customer_c_mktsegment_c_custkey_idx  (cost=0.00..20549.40 rows=897195 width=0) (actual time=211.784..211.784 rows=900602 loops=1)
Q3,1.0,->  Bitmap Heap Scan on orders  (cost=171822.29..1216221.81 rows=22156682 width=16) (actual time=85.889..20608.913 rows=21961552 loops=1)
Q3,1.0,->  Bitmap Heap Scan on lineitem  (cost=757476.59..5207449.15 rows=97684205 width=12) (actual time=397.219..65914.226 rows=96834686 loops=1)
Q3,1.0,->  Bitmap Heap Scan on customer  (cost=20773.69..137824.63 rows=897195 width=4) (actual time=245.722..1757.884 rows=900602 loops=1)
Q22,1.0,->  Seq Scan on orders  (cost=0.00..1220727.87 rows=45404587 width=4) (actual time=0.035..11356.621 rows=45045000 loops=1)
Q22,1.0,->  Hash  (cost=1220727.87..1220727.87 rows=45404587 width=4) (actual time=22205.498..22205.498 rows=45045000 loops=1)
Q22,1.0,->  Hash Anti Join  (cost=1974327.89..2296670.72 rows=178392 width=20) (actual time=24537.332..35659.589 rows=190384 loops=1)
Q22,1.0,->  Bitmap Index Scan on customer_c_phone_idx_c_acctbal  (cost=0.00..19576.24 rows=1142029 width=0) (actual time=300.125..300.125 rows=1144762 loops=1)
Q22,1.0,->  Bitmap Heap Scan on customer customer_1  (cost=19861.75..155676.01 rows=1142029 width=4) (actual time=333.274..1733.217 rows=1144762 loops=1)
Q21,1.0,->  Nested Loop  (cost=105.00..7042.13 rows=12000 width=30) (actual time=0.730..175.808 rows=12012 loops=1)
Q21,1.0,->  Hash  (cost=7042.13..7042.13 rows=12000 width=30) (actual time=180.982..180.982 rows=12012 loops=1)
Q21,1.0,->  Bitmap Heap Scan on supplier  (cost=105.00..6920.82 rows=12000 width=34) (actual time=0.719..173.094 rows=12012 loops=1)
Q2,1.0,->  Sort  (cost=1432056.34..1444056.29 rows=4799980 width=168) (actual time=24075.649..25656.682 rows=4814830 loops=1)
Q2,1.0,->  Seq Scan on partsupp  (cost=0.00..752868.00 rows=23999900 width=12) (actual time=0.012..6051.098 rows=24000000 loops=1)
Q2,1.0,->  Nested Loop  (cost=394.07..7770.81 rows=60000 width=164) (actual time=0.730..442.246 rows=60186 loops=1)
Q2,1.0,->  Index Scan using pk_part on part  (cost=0.43..307386.43 rows=24328 width=30) (actual time=0.158..3613.236 rows=23965 loops=1)
Q2,1.0,->  Hash Join  (cost=8520.81..899388.23 rows=4799980 width=168) (actual time=477.981..16652.221 rows=4814880 loops=1)
Q2,1.0,->  Hash  (cost=7770.81..7770.81 rows=60000 width=164) (actual time=477.716..477.716 rows=60186 loops=1)
Q2,1.0,->  Bitmap Heap Scan on supplier  (cost=393.00..1433.67 rows=12000 width=142) (actual time=0.683..85.834 rows=12037 loops=5)
Q20,1.0,Sort  (cost=58711563.08..58711577.73 rows=5857 width=51) (actual time=35366.709..35367.073 rows=5358 loops=1)
Q20,1.0,->  Nested Loop  (cost=105.00..7042.13 rows=12000 width=55) (actual time=0.752..116.882 rows=12004 loops=1)
Q20,1.0,->  Hash Join  (cost=58709782.67..58711196.55 rows=5857 width=51) (actual time=35296.136..35358.820 rows=5358 loops=1)
Q20,1.0,->  Hash  (cost=7042.13..7042.13 rows=12000 width=55) (actual time=121.738..121.738 rows=12004 loops=1)
Q20,1.0,->  Bitmap Index Scan on part_p_name_idx  (cost=0.00..2456.55 rows=65999 width=0) (actual time=29.503..29.503 rows=65206 loops=1)
Q20,1.0,->  Bitmap Heap Scan on supplier  (cost=105.00..6920.82 rows=12000 width=59) (actual time=0.736..114.703 rows=12004 loops=1)
Q19,1.0,->  Nested Loop  (cost=38374.83..1886966.63 rows=3428 width=8) (actual time=106.812..7116.299 rows=3382 loops=1)
Q19,1.0,->  Bitmap Index Scan on part_p_size_brin_idx  (cost=0.00..11947.60 rows=1192760 width=0) (actual time=12.871..12.871 rows=1216000 loops=1)
Q19,1.0,->  Bitmap Index Scan on part_p_container_p_brand_p_partkey_idx  (cost=0.00..835.35 rows=24110 width=0) (actual time=11.042..11.042 rows=24235 loops=1)
Q19,1.0,->  Bitmap Index Scan on part_p_container_p_brand_p_partkey_idx  (cost=0.00..834.67 rows=24044 width=0) (actual time=10.851..10.851 rows=23780 loops=1)
Q19,1.0,->  Bitmap Index Scan on part_p_container_p_brand_p_partkey_idx  (cost=0.00..831.79 rows=23757 width=0) (actual time=10.500..10.500 rows=24057 loops=1)
Q19,1.0,->  Bitmap Heap Scan on part  (cost=38374.26..79431.93 rows=14259 width=30) (actual time=105.584..801.388 rows=14389 loops=1)
Q18,1.0,->  Seq Scan on orders  (cost=0.00..1217099.20 rows=45269620 width=16) (actual time=0.038..9056.424 rows=45045000 loops=1)
Q18,1.0,->  Seq Scan on lineitem lineitem_1  (cost=0.00..5026892.92 rows=181077992 width=8) (actual time=0.005..35624.116 rows=180178654 loops=1)
Q18,1.0,->  Seq Scan on lineitem  (cost=0.00..5026892.92 rows=181077992 width=8) (actual time=0.044..46021.118 rows=180178654 loops=1)
Q17,1.0,->  Index Only Scan using lineitem_l_partkey_l_quantity_idx on lineitem lineitem_1  (cost=0.57..9.13 rows=32 width=4) (actual time=0.027..0.055 rows=30 loops=5973)
Q17,1.0,->  Index Only Scan using lineitem_l_partkey_l_quantity_idx on lineitem lineitem_1  (cost=0.57..9.13 rows=32 width=4) (actual time=0.027..0.055 rows=30 loops=5973)
Q17,1.0,->  Bitmap Index Scan on part_p_container_p_brand_p_partkey_idx  (cost=0.00..203.02 rows=5846 width=0) (actual time=2.727..2.727 rows=5973 loops=1)
Q17,1.0,->  Bitmap Heap Scan on part  (cost=204.48..19416.63 rows=5846 width=4) (actual time=3.816..107.026 rows=5973 loops=1)
Q16,1.0,Sort  (cost=1250556.29..1250626.17 rows=27952 width=40) (actual time=33086.166..33089.884 rows=27840 loops=1)
Q16,1.0,->  Hash  (cost=153125.67..153125.67 rows=894441 width=40) (actual time=4071.838..4071.838 rows=891498 loops=1)
Q16,1.0,->  GroupAggregate  (cost=1225851.48..1248491.94 rows=27952 width=40) (actual time=30651.138..33030.061 rows=27840 loops=1)
Q16,1.0,->  Bitmap Heap Scan on part  (cost=7470.17..153125.67 rows=894441 width=40) (actual time=100.912..3702.495 rows=891498 loops=1)
Q15,1.0,->  Bitmap Index Scan on lineitem_l_shipdate_l_suppkey_brin_idx  (cost=0.00..223149.25 rows=29696701 width=0) (actual time=417.524..417.524 rows=32056320 loops=1)
Q15,1.0,->  Bitmap Index Scan on lineitem_l_shipdate_l_suppkey_brin_idx  (cost=0.00..223149.25 rows=29696701 width=0) (actual time=378.875..378.875 rows=32066560 loops=1)
Q15,1.0,->  Bitmap Heap Scan on lineitem lineitem_1  (cost=224833.59..3875897.11 rows=6737354 width=12) (actual time=381.452..65648.429 rows=6736614 loops=1)
Q15,1.0,->  Bitmap Heap Scan on lineitem  (cost=224833.59..3875897.11 rows=6737354 width=12) (actual time=420.200..69214.051 rows=6736614 loops=1)
Q14,1.0,->  Hash Join  (cost=281439.71..3489846.96 rows=2385240 width=29) (actual time=5189.214..79776.241 rows=2323027 loops=1)
Q14,1.0,->  Bitmap Heap Scan on lineitem  (cost=24872.71..3185575.16 rows=2385240 width=12) (actual time=385.228..72511.982 rows=2323027 loops=1)
Q13,1.0,->  Seq Scan on orders  (cost=0.00..1334239.34 rows=44861161 width=8) (actual time=0.019..22646.022 rows=44512754 loops=1)
Q13,1.0,->  Hash Right Join  (cost=207086.00..2326395.65 rows=44861161 width=8) (actual time=3377.140..61952.794 rows=46012834 loops=1)
Q12,1.0,->  Sort  (cost=7428504.10..7430714.32 rows=884090 width=15) (actual time=74045.420..74159.436 rows=934993 loops=1)
Q12,1.0,->  Seq Scan on lineitem  (cost=0.00..7341183.26 rows=884090 width=15) (actual time=0.082..73402.884 rows=934993 loops=1)
Q12,1.0,->  Merge Join  (cost=7428504.69..9515611.85 rows=884090 width=27) (actual time=74045.449..92471.216 rows=934993 loops=1)
Q12,1.0,->  Index Scan using pk_orders on orders  (cost=0.56..1959901.01 rows=45584563 width=20) (actual time=0.008..13316.765 rows=44999931 loops=1)
Q11,1.0,->  Seq Scan on partsupp partsupp_1  (cost=0.00..752868.00 rows=23999900 width=12) (actual time=0.021..5500.848 rows=24000000 loops=1)
Q11,1.0,->  Seq Scan on partsupp  (cost=0.00..752868.00 rows=23999900 width=16) (actual time=0.018..5629.958 rows=24000000 loops=1)
Q11,1.0,->  Nested Loop  (cost=105.00..7042.13 rows=12000 width=4) (actual time=0.741..118.670 rows=11959 loops=1)
Q11,1.0,->  Nested Loop  (cost=105.00..7042.13 rows=12000 width=4) (actual time=0.735..79.279 rows=11959 loops=1)
Q11,1.0,->  Hash Join  (cost=7192.13..859659.71 rows=959996 width=8) (actual time=82.593..10057.558 rows=956720 loops=1)
Q11,1.0,->  Hash Join  (cost=7192.13..859659.71 rows=959996 width=12) (actual time=122.341..10347.968 rows=956720 loops=1)
Q11,1.0,->  Hash  (cost=7042.13..7042.13 rows=12000 width=4) (actual time=82.463..82.463 rows=11959 loops=1)
Q11,1.0,->  Hash  (cost=7042.13..7042.13 rows=12000 width=4) (actual time=122.230..122.230 rows=11959 loops=1)
Q11,1.0,->  Bitmap Heap Scan on supplier supplier_1  (cost=105.00..6920.82 rows=12000 width=8) (actual time=0.688..77.408 rows=11959 loops=1)
Q11,1.0,->  Bitmap Heap Scan on supplier  (cost=105.00..6920.82 rows=12000 width=8) (actual time=0.710..116.721 rows=11959 loops=1)
Q1,1.0,->  Seq Scan on lineitem  (cost=0.00..5506879.25 rows=178228383 width=20) (actual time=0.014..58029.527 rows=176539376 loops=1)
Q10,1.0,->  Seq Scan on lineitem  (cost=0.00..5517781.81 rows=44869656 width=12) (actual time=0.031..53658.389 rows=44419115 loops=1)
Q10,1.0,->  Hash  (cost=812427.39..812427.39 rows=1687065 width=8) (actual time=18376.678..18376.678 rows=1681920 loops=1)
Q10,1.0,->  Bitmap Heap Scan on orders  (cost=17400.42..812427.39 rows=1687065 width=8) (actual time=89.137..17629.799 rows=1681920 loops=1)
