BEGIN;
BEGIN
EXPLAIN (ANALYZE, BUFFERS)
select
	l_orderkey,
	sum(l_extendedprice * (1 - l_discount)) as revenue,
	o_orderdate,
	o_shippriority
from
	customer,
	orders,
	lineitem
where
	c_mktsegment = 'AUTOMOBILE'
	and c_custkey = o_custkey
	and l_orderkey = o_orderkey
	and o_orderdate < date '1995-03-06'
	and l_shipdate > date '1995-03-06'
group by
	l_orderkey,
	o_orderdate,
	o_shippriority
order by
	revenue desc,
	o_orderdate
LIMIT 10;
                                                                                               QUERY PLAN                                                                                               
--------------------------------------------------------------------------------------------------------------------------------------------------------------------------------------------------------
 Limit  (cost=8071622.54..8071622.57 rows=10 width=20) (actual time=121026.532..121026.534 rows=10 loops=1)
   Buffers: shared hit=1363366 read=2754351 written=706
   ->  Sort  (cost=8071622.54..8095490.01 rows=9546987 width=20) (actual time=121026.529..121026.531 rows=10 loops=1)
         Sort Key: (sum((lineitem.l_extendedprice * (1::double precision - lineitem.l_discount)))), orders.o_orderdate
         Sort Method: top-N heapsort  Memory: 25kB
         Buffers: shared hit=1363366 read=2754351 written=706
         ->  HashAggregate  (cost=7769845.72..7865315.59 rows=9546987 width=20) (actual time=120801.584..120962.762 rows=340368 loops=1)
               Group Key: lineitem.l_orderkey, orders.o_orderdate, orders.o_shippriority
               Buffers: shared hit=1363360 read=2754351 written=706
               ->  Hash Join  (cost=2312856.18..7626640.91 rows=9546987 width=20) (actual time=31334.953..119877.348 rows=898373 loops=1)
                     Hash Cond: (lineitem.l_orderkey = orders.o_orderkey)
                     Buffers: shared hit=1363360 read=2754351 written=706
                     ->  Bitmap Heap Scan on lineitem  (cost=767590.63..5243486.17 rows=98989243 width=12) (actual time=387.333..71958.067 rows=97810782 loops=1)
                           Recheck Cond: (l_shipdate > '1995-03-06'::date)
                           Rows Removed by Index Recheck: 82370370
                           Heap Blocks: lossy=3238530
                           Buffers: shared hit=1208081 read=2030590 written=432
                           ->  Bitmap Index Scan on lineitem_l_shipdate_l_suppkey_brin_idx  (cost=0.00..742843.32 rows=98989243 width=0) (actual time=384.772..384.772 rows=32386560 loops=1)
                                 Index Cond: (l_shipdate > '1995-03-06'::date)
                                 Buffers: shared hit=37 read=104
                     ->  Hash  (cost=1490310.68..1490310.68 rows=4396389 width=12) (actual time=30912.232..30912.232 rows=4343660 loops=1)
                           Buckets: 8388608  Batches: 1  Memory Usage: 252178kB
                           Buffers: shared hit=155279 read=723761 written=274
                           ->  Hash Join  (cost=319585.80..1490310.68 rows=4396389 width=12) (actual time=2104.864..29320.670 rows=4343660 loops=1)
                                 Hash Cond: (orders.o_custkey = customer.c_custkey)
                                 Buffers: shared hit=155279 read=723761 written=274
                                 ->  Bitmap Heap Scan on orders  (cost=170388.61..1214755.76 rows=21971692 width=16) (actual time=85.616..17964.274 rows=21717605 loops=1)
                                       Recheck Cond: (o_orderdate < '1995-03-06'::date)
                                       Rows Removed by Index Recheck: 23327395
                                       Heap Blocks: lossy=769721
                                       Buffers: shared hit=155277 read=614478 written=86
                                       ->  Bitmap Index Scan on orders_o_orderkey_o_orderdate_brin_idx  (cost=0.00..164895.69 rows=21971692 width=0) (actual time=85.118..85.118 rows=7697920 loops=1)
                                             Index Cond: (o_orderdate < '1995-03-06'::date)
                                             Buffers: shared hit=9 read=25
                                 ->  Hash  (cost=137941.94..137941.94 rows=900420 width=4) (actual time=2014.682..2014.682 rows=901110 loops=1)
                                       Buckets: 1048576  Batches: 1  Memory Usage: 39872kB
                                       Buffers: shared hit=2 read=109283 written=188
                                       ->  Bitmap Heap Scan on customer  (cost=20850.69..137941.94 rows=900420 width=4) (actual time=235.266..1713.992 rows=901110 loops=1)
                                             Recheck Cond: (c_mktsegment = 'AUTOMOBILE'::bpchar)
                                             Heap Blocks: exact=105830
                                             Buffers: shared hit=2 read=109283 written=188
                                             ->  Bitmap Index Scan on customer_c_mktsegment_c_custkey_idx  (cost=0.00..20625.58 rows=900420 width=0) (actual time=202.733..202.733 rows=901110 loops=1)
                                                   Index Cond: (c_mktsegment = 'AUTOMOBILE'::bpchar)
                                                   Buffers: shared read=3455
 Planning time: 4.209 ms
 Execution time: 121080.136 ms
(46 rows)

COMMIT;
COMMIT
