BEGIN;
BEGIN
EXPLAIN (ANALYZE, BUFFERS)
select
	n_name,
	sum(l_extendedprice * (1 - l_discount)) as revenue
from
	customer,
	orders,
	lineitem,
	supplier,
	nation,
	region
where
	c_custkey = o_custkey
	and l_orderkey = o_orderkey
	and l_suppkey = s_suppkey
	and c_nationkey = s_nationkey
	and s_nationkey = n_nationkey
	and n_regionkey = r_regionkey
	and r_name = 'ASIA'
	and o_orderdate >= date '1997-01-01'
	and o_orderdate < date '1997-01-01' + interval '1 year'
group by
	n_name
order by
	revenue desc;
                                                                                                QUERY PLAN                                                                                                
----------------------------------------------------------------------------------------------------------------------------------------------------------------------------------------------------------
 Sort  (cost=6731991.29..6731991.35 rows=25 width=34) (actual time=55539.167..55539.167 rows=5 loops=1)
   Sort Key: (sum((lineitem.l_extendedprice * (1::double precision - lineitem.l_discount))))
   Sort Method: quicksort  Memory: 25kB
   Buffers: shared hit=6187033 read=2025529 written=35132
   ->  HashAggregate  (cost=6731990.46..6731990.71 rows=25 width=34) (actual time=55539.124..55539.126 rows=5 loops=1)
         Group Key: nation.n_name
         Buffers: shared hit=6187030 read=2025529 written=35132
         ->  Hash Join  (cost=210240.63..6729803.93 rows=218653 width=34) (actual time=6806.202..55264.902 rows=218580 loops=1)
               Hash Cond: ((lineitem.l_suppkey = supplier.s_suppkey) AND (customer.c_nationkey = supplier.s_nationkey))
               Buffers: shared hit=6187030 read=2025529 written=35132
               ->  Nested Loop  (cost=196201.63..6672581.52 rows=5466250 width=46) (actual time=6611.888..52911.801 rows=5451712 loops=1)
                     Buffers: shared hit=6180501 read=2025516 written=35132
                     ->  Hash Join  (cost=196201.06..1161971.37 rows=1366568 width=38) (actual time=6611.845..29246.544 rows=1363169 loops=1)
                           Hash Cond: (orders.o_custkey = customer.c_custkey)
                           Buffers: shared hit=759270 read=533607 written=8270
                           ->  Bitmap Heap Scan on orders  (cost=83234.95..1009716.43 rows=6832838 width=8) (actual time=85.738..19143.473 rows=6835624 loops=1)
                                 Recheck Cond: (o_orderdate >= '1997-01-01'::date)
                                 Rows Removed by Index Recheck: 34204813
                                 Filter: (o_orderdate < '1998-01-01 00:00:00'::timestamp without time zone)
                                 Rows Removed by Filter: 4004563
                                 Heap Blocks: lossy=763644
                                 Buffers: shared hit=335909 read=427769 written=8270
                                 ->  Bitmap Index Scan on orders_o_orderkey_o_orderdate_brin_idx  (cost=0.00..81526.74 rows=10855832 width=0) (actual time=85.211..85.211 rows=7636480 loops=1)
                                       Index Cond: (o_orderdate >= '1997-01-01'::date)
                                       Buffers: shared hit=8 read=26
                           ->  Hash  (cost=101716.11..101716.11 rows=900000 width=38) (actual time=6521.235..6521.235 rows=899362 loops=1)
                                 Buckets: 1048576  Batches: 1  Memory Usage: 71429kB
                                 Buffers: shared hit=423361 read=105838
                                 ->  Nested Loop  (cost=1895.14..101716.11 rows=900000 width=38) (actual time=11.396..6165.725 rows=899362 loops=1)
                                       Buffers: shared hit=423361 read=105838
                                       ->  Nested Loop  (cost=0.14..13.95 rows=5 width=30) (actual time=0.035..0.077 rows=5 loops=1)
                                             Join Filter: (nation.n_regionkey = region.r_regionkey)
                                             Rows Removed by Join Filter: 20
                                             Buffers: shared hit=3
                                             ->  Index Scan using pk_nation on nation  (cost=0.14..12.51 rows=25 width=34) (actual time=0.007..0.028 rows=25 loops=1)
                                                   Buffers: shared hit=2
                                             ->  Materialize  (cost=0.00..1.07 rows=1 width=4) (actual time=0.001..0.001 rows=1 loops=25)
                                                   Buffers: shared hit=1
                                                   ->  Seq Scan on region  (cost=0.00..1.06 rows=1 width=4) (actual time=0.008..0.009 rows=1 loops=1)
                                                         Filter: (r_name = 'ASIA'::bpchar)
                                                         Rows Removed by Filter: 4
                                                         Buffers: shared hit=1
                                       ->  Bitmap Heap Scan on customer  (cost=1895.00..18540.43 rows=180000 width=8) (actual time=11.276..1201.144 rows=179872 loops=5)
                                             Recheck Cond: (c_nationkey = nation.n_nationkey)
                                             Rows Removed by Index Recheck: 4320128
                                             Heap Blocks: lossy=529180
                                             Buffers: shared hit=423358 read=105838
                                             ->  Bitmap Index Scan on customer_c_nationkey_c_custkey_brin_idx  (cost=0.00..1850.00 rows=180000 width=0) (actual time=11.205..11.205 rows=1058560 loops=5)
                                                   Index Cond: (c_nationkey = nation.n_nationkey)
                                                   Buffers: shared hit=12 read=4
                     ->  Index Scan using pk_lineitem on lineitem  (cost=0.57..3.60 rows=43 width=16) (actual time=0.014..0.016 rows=4 loops=1363169)
                           Index Cond: (l_orderkey = orders.o_orderkey)
                           Buffers: shared hit=5421231 read=1491909 written=26862
               ->  Hash  (cost=9539.00..9539.00 rows=300000 width=8) (actual time=191.612..191.612 rows=300000 loops=1)
                     Buckets: 524288  Batches: 1  Memory Usage: 15815kB
                     Buffers: shared hit=6526 read=13
                     ->  Seq Scan on supplier  (cost=0.00..9539.00 rows=300000 width=8) (actual time=0.008..104.597 rows=300000 loops=1)
                           Buffers: shared hit=6526 read=13
 Planning time: 6.142 ms
 Execution time: 55540.772 ms
(60 rows)

COMMIT;
COMMIT
