BEGIN;
BEGIN
EXPLAIN (ANALYZE, BUFFERS)
select
	sum(l_extendedprice* (1 - l_discount)) as revenue
from
	lineitem,
	part
where
	(
		p_partkey = l_partkey
		and p_brand = 'Brand#33'
		and p_container in ('SM CASE', 'SM BOX', 'SM PACK', 'SM PKG')
		and l_quantity >= 7 and l_quantity <= 7+10
		and p_size between 1 and 5
		and l_shipmode in ('AIR', 'AIR REG')
		and l_shipinstruct = 'DELIVER IN PERSON'
	)
	or
	(
		p_partkey = l_partkey
		and p_brand = 'Brand#13'
		and p_container in ('MED BAG', 'MED BOX', 'MED PKG', 'MED PACK')
		and l_quantity >= 12 and l_quantity <= 12+10
		and p_size between 1 and 10
		and l_shipmode in ('AIR', 'AIR REG')
		and l_shipinstruct = 'DELIVER IN PERSON'
	)
	or
	(
		p_partkey = l_partkey
		and p_brand = 'Brand#55'
		and p_container in ('LG CASE', 'LG BOX', 'LG PACK', 'LG PKG')
		and l_quantity >= 30 and l_quantity <= 30+10
		and p_size between 1 and 15
		and l_shipmode in ('AIR', 'AIR REG')
		and l_shipinstruct = 'DELIVER IN PERSON'
	);
                                                                                                                                                                                                                                                                                                                                                                                                                                                                                                                                                  QUERY PLAN                                                                                                                                                                                                                                                                                                                                                                                                                                                                                                                                                  
--------------------------------------------------------------------------------------------------------------------------------------------------------------------------------------------------------------------------------------------------------------------------------------------------------------------------------------------------------------------------------------------------------------------------------------------------------------------------------------------------------------------------------------------------------------------------------------------------------------------------------------------------------------------------------------------------------------------------------------------------------------------------------------------------------------------------------------------------------------------------------------------------------------------------------------------------------------------------------------------------------------------------------------------------------------------------------------------------------------
 Aggregate  (cost=1890293.10..1890293.11 rows=1 width=8) (actual time=7201.199..7201.199 rows=1 loops=1)
   Buffers: shared hit=181618 read=370458 dirtied=424
   ->  Nested Loop  (cost=38375.83..1890267.43 rows=3423 width=8) (actual time=104.733..7198.179 rows=3442 loops=1)
         Buffers: shared hit=181618 read=370458 dirtied=424
         ->  Bitmap Heap Scan on part  (cost=38375.26..79501.73 rows=14289 width=30) (actual time=102.558..847.778 rows=14544 loops=1)
               Recheck Cond: (((p_container = ANY ('{"SM CASE","SM BOX","SM PACK","SM PKG"}'::bpchar[])) AND (p_brand = 'Brand#33'::bpchar) AND (p_size <= 5) AND (p_size >= 1)) OR ((p_container = ANY ('{"MED BAG","MED BOX","MED PKG","MED PACK"}'::bpchar[])) AND (p_brand = 'Brand#13'::bpchar) AND (p_size <= 10) AND (p_size >= 1)) OR ((p_container = ANY ('{"LG CASE","LG BOX","LG PACK","LG PKG"}'::bpchar[])) AND (p_brand = 'Brand#55'::bpchar) AND (p_size <= 15) AND (p_size >= 1)))
               Rows Removed by Index Recheck: 57161
               Heap Blocks: exact=54320
               Buffers: shared hit=2151 read=52661
               ->  BitmapOr  (cost=38375.26..38375.26 rows=14300 width=0) (actual time=89.531..89.531 rows=0 loops=1)
                     Buffers: shared hit=30 read=462
                     ->  BitmapAnd  (cost=6823.19..6823.19 rows=2397 width=0) (actual time=26.194..26.194 rows=0 loops=1)
                           Buffers: shared hit=7 read=157
                           ->  Bitmap Index Scan on part_p_container_p_brand_p_partkey_idx  (cost=0.00..835.59 rows=24134 width=0) (actual time=10.878..10.878 rows=23883 loops=1)
                                 Index Cond: ((p_container = ANY ('{"SM CASE","SM BOX","SM PACK","SM PKG"}'::bpchar[])) AND (p_brand = 'Brand#33'::bpchar))
                                 Buffers: shared hit=6 read=154
                           ->  Bitmap Index Scan on part_p_size_brin_idx  (cost=0.00..5980.20 rows=596020 width=0) (actual time=12.909..12.909 rows=1216000 loops=1)
                                 Index Cond: ((p_size <= 5) AND (p_size >= 1))
                                 Buffers: shared hit=1 read=3
                     ->  BitmapAnd  (cost=12788.39..12788.39 rows=4754 width=0) (actual time=26.132..26.132 rows=0 loops=1)
                           Buffers: shared hit=11 read=153
                           ->  Bitmap Index Scan on part_p_container_p_brand_p_partkey_idx  (cost=0.00..833.39 rows=23915 width=0) (actual time=10.835..10.835 rows=23853 loops=1)
                                 Index Cond: ((p_container = ANY ('{"MED BAG","MED BOX","MED PKG","MED PACK"}'::bpchar[])) AND (p_brand = 'Brand#13'::bpchar))
                                 Buffers: shared hit=7 read=153
                           ->  Bitmap Index Scan on part_p_size_brin_idx  (cost=0.00..11947.60 rows=1192760 width=0) (actual time=12.832..12.832 rows=1216000 loops=1)
                                 Index Cond: ((p_size <= 10) AND (p_size >= 1))
                                 Buffers: shared hit=4
                     ->  BitmapAnd  (cost=18763.19..18763.19 rows=7148 width=0) (actual time=26.050..26.050 rows=0 loops=1)
                           Buffers: shared hit=12 read=152
                           ->  Bitmap Index Scan on part_p_container_p_brand_p_partkey_idx  (cost=0.00..833.79 rows=23957 width=0) (actual time=10.494..10.494 rows=23969 loops=1)
                                 Index Cond: ((p_container = ANY ('{"LG CASE","LG BOX","LG PACK","LG PKG"}'::bpchar[])) AND (p_brand = 'Brand#55'::bpchar))
                                 Buffers: shared hit=8 read=152
                           ->  Bitmap Index Scan on part_p_size_brin_idx  (cost=0.00..17922.00 rows=1790200 width=0) (actual time=13.121..13.121 rows=1216000 loops=1)
                                 Index Cond: ((p_size <= 15) AND (p_size >= 1))
                                 Buffers: shared hit=4
         ->  Index Scan using lineitem_l_partkey_l_quantity_idx on lineitem  (cost=0.57..126.71 rows=1 width=16) (actual time=0.390..0.435 rows=0 loops=14544)
               Index Cond: (l_partkey = part.p_partkey)
               Filter: ((l_shipmode = ANY ('{AIR,"AIR REG"}'::bpchar[])) AND (l_shipinstruct = 'DELIVER IN PERSON'::bpchar) AND (((l_quantity >= 7::double precision) AND (l_quantity <= 17::double precision)) OR ((l_quantity >= 12::double precision) AND (l_quantity <= 22::double precision)) OR ((l_quantity >= 30::double precision) AND (l_quantity <= 40::double precision))) AND (((part.p_brand = 'Brand#33'::bpchar) AND (part.p_container = ANY ('{"SM CASE","SM BOX","SM PACK","SM PKG"}'::bpchar[])) AND (l_quantity >= 7::double precision) AND (l_quantity <= 17::double precision) AND (part.p_size <= 5)) OR ((part.p_brand = 'Brand#13'::bpchar) AND (part.p_container = ANY ('{"MED BAG","MED BOX","MED PKG","MED PACK"}'::bpchar[])) AND (l_quantity >= 12::double precision) AND (l_quantity <= 22::double precision) AND (part.p_size <= 10)) OR ((part.p_brand = 'Brand#55'::bpchar) AND (part.p_container = ANY ('{"LG CASE","LG BOX","LG PACK","LG PKG"}'::bpchar[])) AND (l_quantity >= 30::double precision) AND (l_quantity <= 40::double precision) AND (part.p_size <= 15))))
               Rows Removed by Filter: 30
               Buffers: shared hit=179467 read=317797 dirtied=424
 Planning time: 4.825 ms
 Execution time: 7201.788 ms
(42 rows)

COMMIT;
COMMIT
