BEGIN;
BEGIN
EXPLAIN (ANALYZE, BUFFERS)
select
	s_name,
	count(*) as numwait
from
	supplier,
	lineitem l1,
	orders,
	nation
where
	s_suppkey = l1.l_suppkey
	and o_orderkey = l1.l_orderkey
	and o_orderstatus = 'F'
	and l1.l_receiptdate > l1.l_commitdate
	and exists (
		select
			*
		from
			lineitem l2
		where
			l2.l_orderkey = l1.l_orderkey
			and l2.l_suppkey <> l1.l_suppkey
	)
	and not exists (
		select
			*
		from
			lineitem l3
		where
			l3.l_orderkey = l1.l_orderkey
			and l3.l_suppkey <> l1.l_suppkey
			and l3.l_receiptdate > l3.l_commitdate
	)
	and s_nationkey = n_nationkey
	and n_name = 'ARGENTINA'
group by
	s_name
order by
	numwait desc,
	s_name
LIMIT 100;
                                                                                                   QUERY PLAN                                                                                                   
----------------------------------------------------------------------------------------------------------------------------------------------------------------------------------------------------------------
 Limit  (cost=10121485.40..10121485.41 rows=1 width=26) (actual time=132715.447..132715.463 rows=100 loops=1)
   Buffers: shared hit=44864817 read=2729481
   ->  Sort  (cost=10121485.40..10121485.41 rows=1 width=26) (actual time=132715.446..132715.452 rows=100 loops=1)
         Sort Key: (count(*)), supplier.s_name
         Sort Method: top-N heapsort  Memory: 32kB
         Buffers: shared hit=44864817 read=2729481
         ->  HashAggregate  (cost=10121485.38..10121485.39 rows=1 width=26) (actual time=132708.790..132712.695 rows=11980 loops=1)
               Group Key: supplier.s_name
               Buffers: shared hit=44864809 read=2729481
               ->  Nested Loop Anti Join  (cost=7193.83..10121485.38 rows=1 width=26) (actual time=124.606..132525.228 rows=118819 loops=1)
                     Buffers: shared hit=44864809 read=2729481
                     ->  Nested Loop Semi Join  (cost=7193.26..10121482.24 rows=1 width=34) (actual time=124.123..123694.745 rows=2114564 loops=1)
                           Join Filter: (orders.o_orderkey = l2.l_orderkey)
                           Buffers: shared hit=34253890 read=2722375
                           ->  Nested Loop  (cost=7192.69..7373266.02 rows=1183866 width=38) (actual time=124.100..110134.762 rows=2194354 loops=1)
                                 Buffers: shared hit=23502980 read=2484820
                                 ->  Hash Join  (cost=7192.13..5777211.14 rows=2431202 width=34) (actual time=124.067..82743.930 rows=4543700 loops=1)
                                       Hash Cond: (l1.l_suppkey = supplier.s_suppkey)
                                       Buffers: shared hit=1163611 read=2081464
                                       ->  Seq Scan on lineitem l1  (cost=0.00..5517781.81 rows=60780048 width=8) (actual time=0.021..56677.906 rows=113799809 loops=1)
                                             Filter: (l_receiptdate > l_commitdate)
                                             Rows Removed by Filter: 66200952
                                             Buffers: shared hit=1157503 read=2081027
                                       ->  Hash  (cost=7042.13..7042.13 rows=12000 width=30) (actual time=123.923..123.923 rows=11981 loops=1)
                                             Buckets: 16384  Batches: 1  Memory Usage: 877kB
                                             Buffers: shared hit=6105 read=437
                                             ->  Nested Loop  (cost=105.00..7042.13 rows=12000 width=30) (actual time=0.697..119.770 rows=11981 loops=1)
                                                   Buffers: shared hit=6105 read=437
                                                   ->  Seq Scan on nation  (cost=0.00..1.31 rows=1 width=4) (actual time=0.005..0.012 rows=1 loops=1)
                                                         Filter: (n_name = 'ARGENTINA'::bpchar)
                                                         Rows Removed by Filter: 24
                                                         Buffers: shared hit=1
                                                   ->  Bitmap Heap Scan on supplier  (cost=105.00..6920.82 rows=12000 width=34) (actual time=0.686..117.629 rows=11981 loops=1)
                                                         Recheck Cond: (s_nationkey = nation.n_nationkey)
                                                         Rows Removed by Index Recheck: 288019
                                                         Heap Blocks: lossy=6539
                                                         Buffers: shared hit=6104 read=437
                                                         ->  Bitmap Index Scan on supplier_s_nationkey_s_suppkey_brin_idx  (cost=0.00..102.00 rows=12000 width=0) (actual time=0.668..0.668 rows=66560 loops=1)
                                                               Index Cond: (s_nationkey = nation.n_nationkey)
                                                               Buffers: shared hit=1 read=1
                                 ->  Index Scan using pk_orders on orders  (cost=0.56..0.65 rows=1 width=4) (actual time=0.005..0.005 rows=0 loops=4543700)
                                       Index Cond: (o_orderkey = l1.l_orderkey)
                                       Filter: (o_orderstatus = 'F'::bpchar)
                                       Rows Removed by Filter: 1
                                       Buffers: shared hit=22339369 read=403356
                           ->  Index Scan using pk_lineitem on lineitem l2  (cost=0.57..1.78 rows=43 width=8) (actual time=0.005..0.005 rows=1 loops=2194354)
                                 Index Cond: (l_orderkey = l1.l_orderkey)
                                 Filter: (l_suppkey <> l1.l_suppkey)
                                 Rows Removed by Filter: 0
                                 Buffers: shared hit=10750910 read=237555
                     ->  Index Scan using pk_lineitem on lineitem l3  (cost=0.57..1.78 rows=14 width=8) (actual time=0.004..0.004 rows=1 loops=2114564)
                           Index Cond: (l_orderkey = l1.l_orderkey)
                           Filter: ((l_receiptdate > l_commitdate) AND (l_suppkey <> l1.l_suppkey))
                           Rows Removed by Filter: 1
                           Buffers: shared hit=10610919 read=7106
 Planning time: 9.637 ms
 Execution time: 132715.887 ms
(57 rows)

COMMIT;
COMMIT
