BEGIN;
BEGIN
EXPLAIN (ANALYZE, BUFFERS)
select
	l_orderkey,
	sum(l_extendedprice * (1 - l_discount)) as revenue,
	o_orderdate,
	o_shippriority
from
	customer,
	orders,
	lineitem
where
	c_mktsegment = 'FURNITURE'
	and c_custkey = o_custkey
	and l_orderkey = o_orderkey
	and o_orderdate < date '1995-03-31'
	and l_shipdate > date '1995-03-31'
group by
	l_orderkey,
	o_orderdate,
	o_shippriority
order by
	revenue desc,
	o_orderdate
LIMIT 10;
                                                                                               QUERY PLAN                                                                                               
--------------------------------------------------------------------------------------------------------------------------------------------------------------------------------------------------------
 Limit  (cost=8156330.77..8156330.80 rows=10 width=20) (actual time=113035.570..113035.573 rows=10 loops=1)
   Buffers: shared hit=609920 read=3507784 written=2790
   ->  Sort  (cost=8156330.77..8180303.45 rows=9589073 width=20) (actual time=113035.567..113035.567 rows=10 loops=1)
         Sort Key: (sum((lineitem.l_extendedprice * (1::double precision - lineitem.l_discount)))), orders.o_orderdate
         Sort Method: top-N heapsort  Memory: 25kB
         Buffers: shared hit=609920 read=3507784 written=2790
         ->  HashAggregate  (cost=7853223.62..7949114.35 rows=9589073 width=20) (actual time=112791.544..112967.978 rows=340002 loops=1)
               Group Key: lineitem.l_orderkey, orders.o_orderdate, orders.o_shippriority
               Buffers: shared hit=609914 read=3507784 written=2790
               ->  Hash Join  (cost=2312017.67..7709387.53 rows=9589073 width=20) (actual time=28842.175..111890.653 rows=899118 loops=1)
                     Hash Cond: (lineitem.l_orderkey = orders.o_orderkey)
                     Buffers: shared hit=609914 read=3507784 written=2790
                     ->  Bitmap Heap Scan on lineitem  (cost=752793.68..5204823.17 rows=97079959 width=12) (actual time=388.642..64814.623 rows=95839863 loops=1)
                           Recheck Cond: (l_shipdate > '1995-03-31'::date)
                           Rows Removed by Index Recheck: 84160898
                           Heap Blocks: lossy=3238530
                           Buffers: shared hit=485762 read=2752909 written=2610
                           ->  Bitmap Index Scan on lineitem_l_shipdate_l_suppkey_brin_idx  (cost=0.00..728523.69 rows=97079959 width=0) (actual time=386.106..386.106 rows=32386560 loops=1)
                                 Index Cond: (l_shipdate > '1995-03-31'::date)
                                 Buffers: shared hit=37 read=104
                     ->  Hash  (cost=1502941.30..1502941.30 rows=4502615 width=12) (actual time=28415.035..28415.035 rows=4430101 loops=1)
                           Buckets: 8388608  Batches: 1  Memory Usage: 255892kB
                           Buffers: shared hit=124152 read=754875 written=180
                           ->  Hash Join  (cost=323390.31..1502941.30 rows=4502615 width=12) (actual time=2037.259..26571.777 rows=4430101 loops=1)
                                 Hash Cond: (orders.o_custkey = customer.c_custkey)
                                 Buffers: shared hit=124152 read=754875 written=180
                                 ->  Bitmap Heap Scan on orders  (cost=174091.37..1224430.70 rows=22449467 width=16) (actual time=86.001..16012.068 rows=22163626 loops=1)
                                       Recheck Cond: (o_orderdate < '1995-03-31'::date)
                                       Rows Removed by Index Recheck: 22836374
                                       Heap Blocks: lossy=769721
                                       Buffers: shared hit=124150 read=645605 written=45
                                       ->  Bitmap Index Scan on orders_o_orderkey_o_orderdate_brin_idx  (cost=0.00..168479.00 rows=22449467 width=0) (actual time=85.469..85.469 rows=7697920 loops=1)
                                             Index Cond: (o_orderdate < '1995-03-31'::date)
                                             Buffers: shared hit=9 read=25
                                 ->  Hash  (cost=138017.07..138017.07 rows=902550 width=4) (actual time=1946.428..1946.428 rows=898061 loops=1)
                                       Buckets: 1048576  Batches: 1  Memory Usage: 39765kB
                                       Buffers: shared hit=2 read=109270 written=135
                                       ->  Bitmap Heap Scan on customer  (cost=20899.19..138017.07 rows=902550 width=4) (actual time=239.375..1662.935 rows=898061 loops=1)
                                             Recheck Cond: (c_mktsegment = 'FURNITURE'::bpchar)
                                             Heap Blocks: exact=105828
                                             Buffers: shared hit=2 read=109270 written=135
                                             ->  Bitmap Index Scan on customer_c_mktsegment_c_custkey_idx  (cost=0.00..20673.56 rows=902550 width=0) (actual time=204.915..204.915 rows=898061 loops=1)
                                                   Index Cond: (c_mktsegment = 'FURNITURE'::bpchar)
                                                   Buffers: shared read=3444 written=4
 Planning time: 4.434 ms
 Execution time: 113112.929 ms
(46 rows)

COMMIT;
COMMIT
