BEGIN;
BEGIN
EXPLAIN (ANALYZE, BUFFERS)
select
	n_name,
	sum(l_extendedprice * (1 - l_discount)) as revenue
from
	customer,
	orders,
	lineitem,
	supplier,
	nation,
	region
where
	c_custkey = o_custkey
	and l_orderkey = o_orderkey
	and l_suppkey = s_suppkey
	and c_nationkey = s_nationkey
	and s_nationkey = n_nationkey
	and n_regionkey = r_regionkey
	and r_name = 'AMERICA'
	and o_orderdate >= date '1996-01-01'
	and o_orderdate < date '1996-01-01' + interval '1 year'
group by
	n_name
order by
	revenue desc;
                                                                                                QUERY PLAN                                                                                                
----------------------------------------------------------------------------------------------------------------------------------------------------------------------------------------------------------
 Sort  (cost=6939751.14..6939751.21 rows=25 width=34) (actual time=62205.926..62205.926 rows=5 loops=1)
   Sort Key: (sum((lineitem.l_extendedprice * (1::double precision - lineitem.l_discount))))
   Sort Method: quicksort  Memory: 25kB
   Buffers: shared hit=5597592 read=2639804 written=23732
   ->  HashAggregate  (cost=6939750.31..6939750.56 rows=25 width=34) (actual time=62205.882..62205.883 rows=5 loops=1)
         Group Key: nation.n_name
         Buffers: shared hit=5597589 read=2639804 written=23732
         ->  Hash Join  (cost=262511.67..6937538.16 rows=221215 width=34) (actual time=14404.349..61924.583 rows=218390 loops=1)
               Hash Cond: ((lineitem.l_suppkey = supplier.s_suppkey) AND (customer.c_nationkey = supplier.s_nationkey))
               Buffers: shared hit=5597589 read=2639804 written=23732
               ->  Nested Loop  (cost=248472.67..6879809.84 rows=5530290 width=46) (actual time=14198.962..59398.089 rows=5470358 loops=1)
                     Buffers: shared hit=5591047 read=2639804 written=23732
                     ->  Hash Join  (cost=248472.10..1323001.40 rows=1382565 width=38) (actual time=14198.913..36756.709 rows=1367331 loops=1)
                           Hash Cond: (orders.o_custkey = customer.c_custkey)
                           Buffers: shared hit=151088 read=1145586 written=22743
                           ->  Bitmap Heap Scan on orders  (cost=135505.98..1170286.54 rows=6912827 width=8) (actual time=85.881..18151.382 rows=6845740 loops=1)
                                 Recheck Cond: (o_orderdate >= '1996-01-01'::date)
                                 Rows Removed by Index Recheck: 27324864
                                 Filter: (o_orderdate < '1997-01-01 00:00:00'::timestamp without time zone)
                                 Rows Removed by Filter: 10829396
                                 Heap Blocks: lossy=767441
                                 Buffers: shared hit=151077 read=616398 written=1069
                                 ->  Bitmap Index Scan on orders_o_orderkey_o_orderdate_brin_idx  (cost=0.00..133777.78 rows=17822637 width=0) (actual time=85.337..85.337 rows=7682560 loops=1)
                                       Index Cond: (o_orderdate >= '1996-01-01'::date)
                                       Buffers: shared hit=9 read=25 written=3
                           ->  Hash  (cost=101716.11..101716.11 rows=900000 width=38) (actual time=14107.758..14107.758 rows=899950 loops=1)
                                 Buckets: 1048576  Batches: 1  Memory Usage: 71470kB
                                 Buffers: shared hit=11 read=529188 written=21674
                                 ->  Nested Loop  (cost=1895.14..101716.11 rows=900000 width=38) (actual time=11.473..13646.005 rows=899950 loops=1)
                                       Buffers: shared hit=11 read=529188 written=21674
                                       ->  Nested Loop  (cost=0.14..13.95 rows=5 width=30) (actual time=0.044..0.106 rows=5 loops=1)
                                             Join Filter: (nation.n_regionkey = region.r_regionkey)
                                             Rows Removed by Join Filter: 20
                                             Buffers: shared hit=3
                                             ->  Index Scan using pk_nation on nation  (cost=0.14..12.51 rows=25 width=34) (actual time=0.012..0.033 rows=25 loops=1)
                                                   Buffers: shared hit=2
                                             ->  Materialize  (cost=0.00..1.07 rows=1 width=4) (actual time=0.001..0.002 rows=1 loops=25)
                                                   Buffers: shared hit=1
                                                   ->  Seq Scan on region  (cost=0.00..1.06 rows=1 width=4) (actual time=0.014..0.014 rows=1 loops=1)
                                                         Filter: (r_name = 'AMERICA'::bpchar)
                                                         Rows Removed by Filter: 4
                                                         Buffers: shared hit=1
                                       ->  Bitmap Heap Scan on customer  (cost=1895.00..18540.43 rows=180000 width=8) (actual time=11.355..2685.948 rows=179990 loops=5)
                                             Recheck Cond: (c_nationkey = nation.n_nationkey)
                                             Rows Removed by Index Recheck: 4320010
                                             Heap Blocks: lossy=529180
                                             Buffers: shared hit=8 read=529188 written=21674
                                             ->  Bitmap Index Scan on customer_c_nationkey_c_custkey_brin_idx  (cost=0.00..1850.00 rows=180000 width=0) (actual time=11.262..11.262 rows=1058560 loops=5)
                                                   Index Cond: (c_nationkey = nation.n_nationkey)
                                                   Buffers: shared hit=1 read=15
                     ->  Index Scan using pk_lineitem on lineitem  (cost=0.57..3.59 rows=43 width=16) (actual time=0.013..0.015 rows=4 loops=1367331)
                           Index Cond: (l_orderkey = orders.o_orderkey)
                           Buffers: shared hit=5439959 read=1494218 written=989
               ->  Hash  (cost=9539.00..9539.00 rows=300000 width=8) (actual time=202.975..202.975 rows=300000 loops=1)
                     Buckets: 524288  Batches: 1  Memory Usage: 15815kB
                     Buffers: shared hit=6539
                     ->  Seq Scan on supplier  (cost=0.00..9539.00 rows=300000 width=8) (actual time=0.008..110.447 rows=300000 loops=1)
                           Buffers: shared hit=6539
 Planning time: 6.683 ms
 Execution time: 62207.718 ms
(60 rows)

COMMIT;
COMMIT
