BEGIN;
BEGIN
EXPLAIN (ANALYZE, BUFFERS)
select
	l_shipmode,
	sum(case
		when o_orderpriority = '1-URGENT'
			or o_orderpriority = '2-HIGH'
			then 1
		else 0
	end) as high_line_count,
	sum(case
		when o_orderpriority <> '1-URGENT'
			and o_orderpriority <> '2-HIGH'
			then 1
		else 0
	end) as low_line_count
from
	orders,
	lineitem
where
	o_orderkey = l_orderkey
	and l_shipmode in ('REG AIR', 'RAIL')
	and l_commitdate < l_receiptdate
	and l_shipdate < l_commitdate
	and l_receiptdate >= date '1995-01-01'
	and l_receiptdate < date '1995-01-01' + interval '1 year'
group by
	l_shipmode
order by
	l_shipmode;
                                                                                                                                 QUERY PLAN                                                                                                                                  
-----------------------------------------------------------------------------------------------------------------------------------------------------------------------------------------------------------------------------------------------------------------------------
 Sort  (cost=9531929.31..9531929.32 rows=1 width=27) (actual time=96104.225..96104.225 rows=2 loops=1)
   Sort Key: lineitem.l_shipmode
   Sort Method: quicksort  Memory: 25kB
   Buffers: shared hit=428220 read=3752462
   ->  HashAggregate  (cost=9531929.29..9531929.30 rows=1 width=27) (actual time=96104.183..96104.184 rows=2 loops=1)
         Group Key: lineitem.l_shipmode
         Buffers: shared hit=428215 read=3752462
         ->  Merge Join  (cost=7429152.07..9516350.84 rows=890197 width=27) (actual time=73395.751..95223.503 rows=935911 loops=1)
               Merge Cond: (orders.o_orderkey = lineitem.l_orderkey)
               Buffers: shared hit=428215 read=3752462
               ->  Index Scan using pk_orders on orders  (cost=0.56..1959901.01 rows=45584563 width=20) (actual time=0.007..16625.152 rows=44999948 loops=1)
                     Buffers: shared hit=258837 read=683306
               ->  Sort  (cost=7429151.48..7431376.98 rows=890197 width=15) (actual time=73395.672..73522.289 rows=935911 loops=1)
                     Sort Key: lineitem.l_orderkey
                     Sort Method: quicksort  Memory: 68447kB
                     Buffers: shared hit=169378 read=3069156
                     ->  Seq Scan on lineitem  (cost=0.00..7341183.26 rows=890197 width=15) (actual time=0.057..72782.523 rows=935911 loops=1)
                           Filter: ((l_shipmode = ANY ('{"REG AIR",RAIL}'::bpchar[])) AND (l_commitdate < l_receiptdate) AND (l_shipdate < l_commitdate) AND (l_receiptdate >= '1995-01-01'::date) AND (l_receiptdate < '1996-01-01 00:00:00'::timestamp without time zone))
                           Rows Removed by Filter: 179064850
                           Buffers: shared hit=169374 read=3069156
 Planning time: 2.944 ms
 Execution time: 96107.770 ms
(22 rows)

COMMIT;
COMMIT
