BEGIN;
BEGIN
EXPLAIN (ANALYZE, BUFFERS)
select
	s_name,
	count(*) as numwait
from
	supplier,
	lineitem l1,
	orders,
	nation
where
	s_suppkey = l1.l_suppkey
	and o_orderkey = l1.l_orderkey
	and o_orderstatus = 'F'
	and l1.l_receiptdate > l1.l_commitdate
	and exists (
		select
			*
		from
			lineitem l2
		where
			l2.l_orderkey = l1.l_orderkey
			and l2.l_suppkey <> l1.l_suppkey
	)
	and not exists (
		select
			*
		from
			lineitem l3
		where
			l3.l_orderkey = l1.l_orderkey
			and l3.l_suppkey <> l1.l_suppkey
			and l3.l_receiptdate > l3.l_commitdate
	)
	and s_nationkey = n_nationkey
	and n_name = 'JAPAN'
group by
	s_name
order by
	numwait desc,
	s_name
LIMIT 100;
                                                                                                   QUERY PLAN                                                                                                   
----------------------------------------------------------------------------------------------------------------------------------------------------------------------------------------------------------------
 Limit  (cost=10031037.00..10031037.01 rows=1 width=26) (actual time=137376.468..137376.486 rows=100 loops=1)
   Buffers: shared hit=44740195 read=3233156 written=7835
   ->  Sort  (cost=10031037.00..10031037.01 rows=1 width=26) (actual time=137376.466..137376.473 rows=100 loops=1)
         Sort Key: (count(*)), supplier.s_name
         Sort Method: top-N heapsort  Memory: 32kB
         Buffers: shared hit=44740195 read=3233156 written=7835
         ->  HashAggregate  (cost=10031036.98..10031036.99 rows=1 width=26) (actual time=137370.223..137373.739 rows=12080 loops=1)
               Group Key: supplier.s_name
               Buffers: shared hit=44740187 read=3233156 written=7835
               ->  Nested Loop Anti Join  (cost=7193.83..10031036.98 rows=1 width=26) (actual time=116.203..137185.003 rows=119795 loops=1)
                     Buffers: shared hit=44740187 read=3233156 written=7835
                     ->  Nested Loop Semi Join  (cost=7193.26..10031033.84 rows=1 width=34) (actual time=115.707..128227.989 rows=2133757 loops=1)
                           Join Filter: (orders.o_orderkey = l2.l_orderkey)
                           Buffers: shared hit=34035272 read=3223924 written=7759
                           ->  Nested Loop  (cost=7192.69..7307558.26 rows=1173333 width=38) (actual time=115.638..112649.026 rows=2214575 loops=1)
                                 Buffers: shared hit=23437765 read=2731797 written=4734
                                 ->  Hash Join  (cost=7192.13..5725877.42 rows=2409572 width=34) (actual time=115.574..82117.580 rows=4585660 loops=1)
                                       Hash Cond: (l1.l_suppkey = supplier.s_suppkey)
                                       Buffers: shared hit=1209742 read=2006521 written=208
                                       ->  Seq Scan on lineitem l1  (cost=0.00..5468692.15 rows=60239311 width=8) (actual time=0.014..56754.569 rows=113911724 loops=1)
                                             Filter: (l_receiptdate > l_commitdate)
                                             Rows Removed by Filter: 66266466
                                             Buffers: shared hit=1203198 read=2006520 written=208
                                       ->  Hash  (cost=7042.13..7042.13 rows=12000 width=30) (actual time=115.467..115.467 rows=12080 loops=1)
                                             Buckets: 16384  Batches: 1  Memory Usage: 883kB
                                             Buffers: shared hit=6541 read=1
                                             ->  Nested Loop  (cost=105.00..7042.13 rows=12000 width=30) (actual time=0.705..111.458 rows=12080 loops=1)
                                                   Buffers: shared hit=6541 read=1
                                                   ->  Seq Scan on nation  (cost=0.00..1.31 rows=1 width=4) (actual time=0.007..0.012 rows=1 loops=1)
                                                         Filter: (n_name = 'JAPAN'::bpchar)
                                                         Rows Removed by Filter: 24
                                                         Buffers: shared hit=1
                                                   ->  Bitmap Heap Scan on supplier  (cost=105.00..6920.82 rows=12000 width=34) (actual time=0.691..109.443 rows=12080 loops=1)
                                                         Recheck Cond: (s_nationkey = nation.n_nationkey)
                                                         Rows Removed by Index Recheck: 287920
                                                         Heap Blocks: lossy=6539
                                                         Buffers: shared hit=6540 read=1
                                                         ->  Bitmap Index Scan on supplier_s_nationkey_s_suppkey_brin_idx  (cost=0.00..102.00 rows=12000 width=0) (actual time=0.669..0.669 rows=66560 loops=1)
                                                               Index Cond: (s_nationkey = nation.n_nationkey)
                                                               Buffers: shared hit=1 read=1
                                 ->  Index Scan using pk_orders on orders  (cost=0.56..0.65 rows=1 width=4) (actual time=0.006..0.006 rows=0 loops=4585660)
                                       Index Cond: (o_orderkey = l1.l_orderkey)
                                       Filter: (o_orderstatus = 'F'::bpchar)
                                       Rows Removed by Filter: 1
                                       Buffers: shared hit=22228023 read=725276 written=4526
                           ->  Index Scan using pk_lineitem on lineitem l2  (cost=0.57..1.78 rows=43 width=8) (actual time=0.006..0.006 rows=1 loops=2214575)
                                 Index Cond: (l_orderkey = l1.l_orderkey)
                                 Filter: (l_suppkey <> l1.l_suppkey)
                                 Rows Removed by Filter: 0
                                 Buffers: shared hit=10597507 read=492127 written=3025
                     ->  Index Scan using pk_lineitem on lineitem l3  (cost=0.57..1.78 rows=14 width=8) (actual time=0.004..0.004 rows=1 loops=2133757)
                           Index Cond: (l_orderkey = l1.l_orderkey)
                           Filter: ((l_receiptdate > l_commitdate) AND (l_suppkey <> l1.l_suppkey))
                           Rows Removed by Filter: 1
                           Buffers: shared hit=10704915 read=9232 written=76
 Planning time: 9.925 ms
 Execution time: 137376.909 ms
(57 rows)

COMMIT;
COMMIT
