BEGIN;
BEGIN
EXPLAIN (ANALYZE, BUFFERS)
select
	n_name,
	sum(l_extendedprice * (1 - l_discount)) as revenue
from
	customer,
	orders,
	lineitem,
	supplier,
	nation,
	region
where
	c_custkey = o_custkey
	and l_orderkey = o_orderkey
	and l_suppkey = s_suppkey
	and c_nationkey = s_nationkey
	and s_nationkey = n_nationkey
	and n_regionkey = r_regionkey
	and r_name = 'AMERICA'
	and o_orderdate >= date '1997-01-01'
	and o_orderdate < date '1997-01-01' + interval '1 year'
group by
	n_name
order by
	revenue desc;
                                                                                                QUERY PLAN                                                                                                
----------------------------------------------------------------------------------------------------------------------------------------------------------------------------------------------------------
 Sort  (cost=6787257.12..6787257.18 rows=25 width=34) (actual time=56609.580..56609.580 rows=5 loops=1)
   Sort Key: (sum((lineitem.l_extendedprice * (1::double precision - lineitem.l_discount))))
   Sort Method: quicksort  Memory: 25kB
   Buffers: shared hit=5969820 read=2265181 written=2846
   ->  HashAggregate  (cost=6787256.29..6787256.54 rows=25 width=34) (actual time=56609.529..56609.529 rows=5 loops=1)
         Group Key: nation.n_name
         Buffers: shared hit=5969817 read=2265181 written=2846
         ->  Hash Join  (cost=210902.15..6785052.32 rows=220397 width=34) (actual time=8669.121..56331.280 rows=219636 loops=1)
               Hash Cond: ((lineitem.l_suppkey = supplier.s_suppkey) AND (customer.c_nationkey = supplier.s_nationkey))
               Buffers: shared hit=5969817 read=2265181 written=2846
               ->  Nested Loop  (cost=196863.15..6727485.64 rows=5509828 width=46) (actual time=8465.116..53926.062 rows=5464999 loops=1)
                     Buffers: shared hit=5963291 read=2265165 written=2846
                     ->  Hash Join  (cost=196862.58..1170318.39 rows=1377443 width=38) (actual time=8465.070..30454.652 rows=1366367 loops=1)
                           Hash Cond: (orders.o_custkey = customer.c_custkey)
                           Buffers: shared hit=449691 read=849263 written=1021
                           ->  Bitmap Heap Scan on orders  (cost=83896.47..1017750.80 rows=6887213 width=8) (actual time=85.820..18097.224 rows=6829345 loops=1)
                                 Recheck Cond: (o_orderdate >= '1997-01-01'::date)
                                 Rows Removed by Index Recheck: 34170406
                                 Filter: (o_orderdate < '1998-01-01 00:00:00'::timestamp without time zone)
                                 Rows Removed by Filter: 4000249
                                 Heap Blocks: lossy=769721
                                 Buffers: shared hit=237909 read=531846 written=602
                                 ->  Bitmap Index Scan on orders_o_orderkey_o_orderdate_brin_idx  (cost=0.00..82174.66 rows=10942222 width=0) (actual time=85.290..85.290 rows=7697920 loops=1)
                                       Index Cond: (o_orderdate >= '1997-01-01'::date)
                                       Buffers: shared hit=9 read=25
                           ->  Hash  (cost=101716.11..101716.11 rows=900000 width=38) (actual time=8374.650..8374.650 rows=899950 loops=1)
                                 Buckets: 1048576  Batches: 1  Memory Usage: 71470kB
                                 Buffers: shared hit=211782 read=317417 written=419
                                 ->  Nested Loop  (cost=1895.14..101716.11 rows=900000 width=38) (actual time=11.361..7963.074 rows=899950 loops=1)
                                       Buffers: shared hit=211782 read=317417 written=419
                                       ->  Nested Loop  (cost=0.14..13.95 rows=5 width=30) (actual time=0.038..0.097 rows=5 loops=1)
                                             Join Filter: (nation.n_regionkey = region.r_regionkey)
                                             Rows Removed by Join Filter: 20
                                             Buffers: shared hit=3
                                             ->  Index Scan using pk_nation on nation  (cost=0.14..12.51 rows=25 width=34) (actual time=0.012..0.035 rows=25 loops=1)
                                                   Buffers: shared hit=2
                                             ->  Materialize  (cost=0.00..1.07 rows=1 width=4) (actual time=0.001..0.001 rows=1 loops=25)
                                                   Buffers: shared hit=1
                                                   ->  Seq Scan on region  (cost=0.00..1.06 rows=1 width=4) (actual time=0.009..0.010 rows=1 loops=1)
                                                         Filter: (r_name = 'AMERICA'::bpchar)
                                                         Rows Removed by Filter: 4
                                                         Buffers: shared hit=1
                                       ->  Bitmap Heap Scan on customer  (cost=1895.00..18540.43 rows=180000 width=8) (actual time=11.292..1554.864 rows=179990 loops=5)
                                             Recheck Cond: (c_nationkey = nation.n_nationkey)
                                             Rows Removed by Index Recheck: 4320010
                                             Heap Blocks: lossy=529180
                                             Buffers: shared hit=211779 read=317417 written=419
                                             ->  Bitmap Index Scan on customer_c_nationkey_c_custkey_brin_idx  (cost=0.00..1850.00 rows=180000 width=0) (actual time=11.214..11.214 rows=1058560 loops=5)
                                                   Index Cond: (c_nationkey = nation.n_nationkey)
                                                   Buffers: shared hit=7 read=9
                     ->  Index Scan using pk_lineitem on lineitem  (cost=0.57..3.60 rows=43 width=16) (actual time=0.014..0.016 rows=4 loops=1366367)
                           Index Cond: (l_orderkey = orders.o_orderkey)
                           Buffers: shared hit=5513600 read=1415902 written=1825
               ->  Hash  (cost=9539.00..9539.00 rows=300000 width=8) (actual time=201.919..201.919 rows=300000 loops=1)
                     Buckets: 524288  Batches: 1  Memory Usage: 15815kB
                     Buffers: shared hit=6523 read=16
                     ->  Seq Scan on supplier  (cost=0.00..9539.00 rows=300000 width=8) (actual time=0.008..107.399 rows=300000 loops=1)
                           Buffers: shared hit=6523 read=16
 Planning time: 6.951 ms
 Execution time: 56610.757 ms
(60 rows)

COMMIT;
COMMIT
